111.07.06 13:35 B d:\tmp\laqs\christos\ufeu\UFcode_nit_ter_May\DMAN\tmconds.o --> tmpsystem.iceht.forth.gr /home/fouskas/laqs/christos/ufeu/UFcode_nit_ter_May/DMAN tmconds.o
111.07.06 13:35 B d:\tmp\laqs\christos\ufeu\UFcode_nit_ter_May\DMAN\so4cond_oxd.o --> tmpsystem.iceht.forth.gr /home/fouskas/laqs/christos/ufeu/UFcode_nit_ter_May/DMAN so4cond_oxd.o
111.07.06 13:35 B d:\tmp\laqs\christos\ufeu\UFcode_nit_ter_May\DMAN\so4cond.o --> tmpsystem.iceht.forth.gr /home/fouskas/laqs/christos/ufeu/UFcode_nit_ter_May/DMAN so4cond.o
111.07.06 13:35 B d:\tmp\laqs\christos\ufeu\UFcode_nit_ter_May\DMAN\multicoag.o --> tmpsystem.iceht.forth.gr /home/fouskas/laqs/christos/ufeu/UFcode_nit_ter_May/DMAN multicoag.o
111.07.06 13:35 B d:\tmp\laqs\christos\ufeu\UFcode_nit_ter_May\DMAN\initbounds.o --> tmpsystem.iceht.forth.gr /home/fouskas/laqs/christos/ufeu/UFcode_nit_ter_May/DMAN initbounds.o
111.07.06 13:35 B d:\tmp\laqs\christos\ufeu\UFcode_nit_ter_May\DMAN\gasdiff.o --> tmpsystem.iceht.forth.gr /home/fouskas/laqs/christos/ufeu/UFcode_nit_ter_May/DMAN gasdiff.o
111.07.06 13:35 B d:\tmp\laqs\christos\ufeu\UFcode_nit_ter_May\DMAN\dmdt_int.o --> tmpsystem.iceht.forth.gr /home/fouskas/laqs/christos/ufeu/UFcode_nit_ter_May/DMAN dmdt_int.o
111.07.06 13:35 B d:\tmp\laqs\christos\ufeu\UFcode_nit_ter_May\DMAN\dman.o --> tmpsystem.iceht.forth.gr /home/fouskas/laqs/christos/ufeu/UFcode_nit_ter_May/DMAN dman.o
111.07.06 13:35 B d:\tmp\laqs\christos\ufeu\UFcode_nit_ter_May\DMAN\alpha_nh3.o --> tmpsystem.iceht.forth.gr /home/fouskas/laqs/christos/ufeu/UFcode_nit_ter_May/DMAN alpha_nh3.o
111.07.06 13:35 B d:\tmp\laqs\christos\ufeu\UFcode_nit_ter_May\DMAN\multicoag.f --> tmpsystem.iceht.forth.gr /home/fouskas/laqs/christos/ufeu/UFcode_nit_ter_May/DMAN multicoag.f
111.07.06 13:35 B d:\tmp\laqs\christos\ufeu\UFcode_nit_ter_May\DMAN\so4cond.f --> tmpsystem.iceht.forth.gr /home/fouskas/laqs/christos/ufeu/UFcode_nit_ter_May/DMAN so4cond.f
111.07.06 13:35 B d:\tmp\laqs\christos\ufeu\UFcode_nit_ter_May\DMAN\so4cond_oxd.f --> tmpsystem.iceht.forth.gr /home/fouskas/laqs/christos/ufeu/UFcode_nit_ter_May/DMAN so4cond_oxd.f
111.07.06 13:35 B d:\tmp\laqs\christos\ufeu\UFcode_nit_ter_May\DMAN\tmconds.f --> tmpsystem.iceht.forth.gr /home/fouskas/laqs/christos/ufeu/UFcode_nit_ter_May/DMAN tmconds.f
111.07.06 13:35 B d:\tmp\laqs\christos\ufeu\UFcode_nit_ter_May\DMAN\so4cond.org.f --> tmpsystem.iceht.forth.gr /home/fouskas/laqs/christos/ufeu/UFcode_nit_ter_May/DMAN so4cond.org.f
111.07.06 13:35 B d:\tmp\laqs\christos\ufeu\UFcode_nit_ter_May\DMAN\nucbox --> tmpsystem.iceht.forth.gr /home/fouskas/laqs/christos/ufeu/UFcode_nit_ter_May/DMAN nucbox
111.07.06 13:35 B d:\tmp\laqs\christos\ufeu\UFcode_nit_ter_May\DMAN\initbounds.f --> tmpsystem.iceht.forth.gr /home/fouskas/laqs/christos/ufeu/UFcode_nit_ter_May/DMAN initbounds.f
111.07.06 13:35 B d:\tmp\laqs\christos\ufeu\UFcode_nit_ter_May\DMAN\history.help --> tmpsystem.iceht.forth.gr /home/fouskas/laqs/christos/ufeu/UFcode_nit_ter_May/DMAN history.help
111.07.06 13:35 B d:\tmp\laqs\christos\ufeu\UFcode_nit_ter_May\DMAN\gasdiff.f --> tmpsystem.iceht.forth.gr /home/fouskas/laqs/christos/ufeu/UFcode_nit_ter_May/DMAN gasdiff.f
111.07.06 13:35 B d:\tmp\laqs\christos\ufeu\UFcode_nit_ter_May\DMAN\dmdt_int.f --> tmpsystem.iceht.forth.gr /home/fouskas/laqs/christos/ufeu/UFcode_nit_ter_May/DMAN dmdt_int.f
111.07.06 13:35 B d:\tmp\laqs\christos\ufeu\UFcode_nit_ter_May\DMAN\dman.f --> tmpsystem.iceht.forth.gr /home/fouskas/laqs/christos/ufeu/UFcode_nit_ter_May/DMAN dman.f
111.07.06 13:35 B d:\tmp\laqs\christos\ufeu\UFcode_nit_ter_May\DMAN\alpha_nh3.f --> tmpsystem.iceht.forth.gr /home/fouskas/laqs/christos/ufeu/UFcode_nit_ter_May/DMAN alpha_nh3.f
111.07.06 13:35 B d:\tmp\laqs\christos\ufeu\UFcode_nit_ter_May\DMAN\.neutral.f.swp --> tmpsystem.iceht.forth.gr /home/fouskas/laqs/christos/ufeu/UFcode_nit_ter_May/DMAN .neutral.f.swp
111.07.06 13:35 B d:\tmp\laqs\christos\ufeu\UFcode_nit_ter_May\DMAN\.jacobn.f.swo --> tmpsystem.iceht.forth.gr /home/fouskas/laqs/christos/ufeu/UFcode_nit_ter_May/DMAN .jacobn.f.swo
