111.07.06 13:34 B d:\tmp\laqs\christos\ufeu\UFcode_nit_ter_May\PA\wrtirrhdr.o --> tmpsystem.iceht.forth.gr /home/fouskas/laqs/christos/ufeu/UFcode_nit_ter_May/PA wrtirrhdr.o
111.07.06 13:34 B d:\tmp\laqs\christos\ufeu\UFcode_nit_ter_May\PA\wrtirr.o --> tmpsystem.iceht.forth.gr /home/fouskas/laqs/christos/ufeu/UFcode_nit_ter_May/PA wrtirr.o
111.07.06 13:34 B d:\tmp\laqs\christos\ufeu\UFcode_nit_ter_May\PA\wrtiprhdr.o --> tmpsystem.iceht.forth.gr /home/fouskas/laqs/christos/ufeu/UFcode_nit_ter_May/PA wrtiprhdr.o
111.07.06 13:34 B d:\tmp\laqs\christos\ufeu\UFcode_nit_ter_May\PA\wrtipr.o --> tmpsystem.iceht.forth.gr /home/fouskas/laqs/christos/ufeu/UFcode_nit_ter_May/PA wrtipr.o
111.07.06 13:34 B d:\tmp\laqs\christos\ufeu\UFcode_nit_ter_May\PA\wrtfgcpa.o --> tmpsystem.iceht.forth.gr /home/fouskas/laqs/christos/ufeu/UFcode_nit_ter_May/PA wrtfgcpa.o
111.07.06 13:34 B d:\tmp\laqs\christos\ufeu\UFcode_nit_ter_May\PA\wrtcgcpa.o --> tmpsystem.iceht.forth.gr /home/fouskas/laqs/christos/ufeu/UFcode_nit_ter_May/PA wrtcgcpa.o
111.07.06 13:34 B d:\tmp\laqs\christos\ufeu\UFcode_nit_ter_May\PA\rdoptpa.o --> tmpsystem.iceht.forth.gr /home/fouskas/laqs/christos/ufeu/UFcode_nit_ter_May/PA rdoptpa.o
111.07.06 13:34 B d:\tmp\laqs\christos\ufeu\UFcode_nit_ter_May\PA\pazero.o --> tmpsystem.iceht.forth.gr /home/fouskas/laqs/christos/ufeu/UFcode_nit_ter_May/PA pazero.o
111.07.06 13:34 B d:\tmp\laqs\christos\ufeu\UFcode_nit_ter_May\PA\pasetup.o --> tmpsystem.iceht.forth.gr /home/fouskas/laqs/christos/ufeu/UFcode_nit_ter_May/PA pasetup.o
111.07.06 13:34 B d:\tmp\laqs\christos\ufeu\UFcode_nit_ter_May\PA\pagrids.o --> tmpsystem.iceht.forth.gr /home/fouskas/laqs/christos/ufeu/UFcode_nit_ter_May/PA pagrids.o
111.07.06 13:34 B d:\tmp\laqs\christos\ufeu\UFcode_nit_ter_May\PA\initipr.o --> tmpsystem.iceht.forth.gr /home/fouskas/laqs/christos/ufeu/UFcode_nit_ter_May/PA initipr.o
111.07.06 13:34 B d:\tmp\laqs\christos\ufeu\UFcode_nit_ter_May\PA\cparad.o --> tmpsystem.iceht.forth.gr /home/fouskas/laqs/christos/ufeu/UFcode_nit_ter_May/PA cparad.o
111.07.06 13:34 B d:\tmp\laqs\christos\ufeu\UFcode_nit_ter_May\PA\cpamech5.o --> tmpsystem.iceht.forth.gr /home/fouskas/laqs/christos/ufeu/UFcode_nit_ter_May/PA cpamech5.o
111.07.06 13:34 B d:\tmp\laqs\christos\ufeu\UFcode_nit_ter_May\PA\cpamech3.o --> tmpsystem.iceht.forth.gr /home/fouskas/laqs/christos/ufeu/UFcode_nit_ter_May/PA cpamech3.o
111.07.06 13:34 B d:\tmp\laqs\christos\ufeu\UFcode_nit_ter_May\PA\wrtirrhdr.f --> tmpsystem.iceht.forth.gr /home/fouskas/laqs/christos/ufeu/UFcode_nit_ter_May/PA wrtirrhdr.f
111.07.06 13:34 B d:\tmp\laqs\christos\ufeu\UFcode_nit_ter_May\PA\wrtirr.f --> tmpsystem.iceht.forth.gr /home/fouskas/laqs/christos/ufeu/UFcode_nit_ter_May/PA wrtirr.f
111.07.06 13:34 B d:\tmp\laqs\christos\ufeu\UFcode_nit_ter_May\PA\wrtiprhdr.f --> tmpsystem.iceht.forth.gr /home/fouskas/laqs/christos/ufeu/UFcode_nit_ter_May/PA wrtiprhdr.f
111.07.06 13:34 B d:\tmp\laqs\christos\ufeu\UFcode_nit_ter_May\PA\wrtipr.f --> tmpsystem.iceht.forth.gr /home/fouskas/laqs/christos/ufeu/UFcode_nit_ter_May/PA wrtipr.f
111.07.06 13:34 B d:\tmp\laqs\christos\ufeu\UFcode_nit_ter_May\PA\wrtfgcpa.f --> tmpsystem.iceht.forth.gr /home/fouskas/laqs/christos/ufeu/UFcode_nit_ter_May/PA wrtfgcpa.f
111.07.06 13:34 B d:\tmp\laqs\christos\ufeu\UFcode_nit_ter_May\PA\wrtcgcpa.f --> tmpsystem.iceht.forth.gr /home/fouskas/laqs/christos/ufeu/UFcode_nit_ter_May/PA wrtcgcpa.f
111.07.06 13:34 B d:\tmp\laqs\christos\ufeu\UFcode_nit_ter_May\PA\rdoptpa.f --> tmpsystem.iceht.forth.gr /home/fouskas/laqs/christos/ufeu/UFcode_nit_ter_May/PA rdoptpa.f
111.07.06 13:34 B d:\tmp\laqs\christos\ufeu\UFcode_nit_ter_May\PA\pazero.f --> tmpsystem.iceht.forth.gr /home/fouskas/laqs/christos/ufeu/UFcode_nit_ter_May/PA pazero.f
111.07.06 13:34 B d:\tmp\laqs\christos\ufeu\UFcode_nit_ter_May\PA\pasetup.f --> tmpsystem.iceht.forth.gr /home/fouskas/laqs/christos/ufeu/UFcode_nit_ter_May/PA pasetup.f
111.07.06 13:34 B d:\tmp\laqs\christos\ufeu\UFcode_nit_ter_May\PA\pagrids.f --> tmpsystem.iceht.forth.gr /home/fouskas/laqs/christos/ufeu/UFcode_nit_ter_May/PA pagrids.f
111.07.06 13:34 B d:\tmp\laqs\christos\ufeu\UFcode_nit_ter_May\PA\initipr.f --> tmpsystem.iceht.forth.gr /home/fouskas/laqs/christos/ufeu/UFcode_nit_ter_May/PA initipr.f
111.07.06 13:34 B d:\tmp\laqs\christos\ufeu\UFcode_nit_ter_May\PA\cparad.f --> tmpsystem.iceht.forth.gr /home/fouskas/laqs/christos/ufeu/UFcode_nit_ter_May/PA cparad.f
111.07.06 13:34 B d:\tmp\laqs\christos\ufeu\UFcode_nit_ter_May\PA\cpamech5.f --> tmpsystem.iceht.forth.gr /home/fouskas/laqs/christos/ufeu/UFcode_nit_ter_May/PA cpamech5.f
111.07.06 13:34 B d:\tmp\laqs\christos\ufeu\UFcode_nit_ter_May\PA\cpamech3.f --> tmpsystem.iceht.forth.gr /home/fouskas/laqs/christos/ufeu/UFcode_nit_ter_May/PA cpamech3.f
