111.07.06 13:34 B d:\tmp\laqs\christos\ufeu\UFcode_nit_ter_May\IO_bin\wrtdep.o --> tmpsystem.iceht.forth.gr /home/fouskas/laqs/christos/ufeu/UFcode_nit_ter_May/IO_bin wrtdep.o
111.07.06 13:34 B d:\tmp\laqs\christos\ufeu\UFcode_nit_ter_May\IO_bin\wrtcon.o --> tmpsystem.iceht.forth.gr /home/fouskas/laqs/christos/ufeu/UFcode_nit_ter_May/IO_bin wrtcon.o
111.07.06 13:34 B d:\tmp\laqs\christos\ufeu\UFcode_nit_ter_May\IO_bin\wrfgdep.o --> tmpsystem.iceht.forth.gr /home/fouskas/laqs/christos/ufeu/UFcode_nit_ter_May/IO_bin wrfgdep.o
111.07.06 13:34 B d:\tmp\laqs\christos\ufeu\UFcode_nit_ter_May\IO_bin\wrfgcon.o --> tmpsystem.iceht.forth.gr /home/fouskas/laqs/christos/ufeu/UFcode_nit_ter_May/IO_bin wrfgcon.o
111.07.06 13:34 B d:\tmp\laqs\christos\ufeu\UFcode_nit_ter_May\IO_bin\srfprep.o --> tmpsystem.iceht.forth.gr /home/fouskas/laqs/christos/ufeu/UFcode_nit_ter_May/IO_bin srfprep.o
111.07.06 13:34 B d:\tmp\laqs\christos\ufeu\UFcode_nit_ter_May\IO_bin\readzpwt.o --> tmpsystem.iceht.forth.gr /home/fouskas/laqs/christos/ufeu/UFcode_nit_ter_May/IO_bin readzpwt.o
111.07.06 13:34 B d:\tmp\laqs\christos\ufeu\UFcode_nit_ter_May\IO_bin\readpt.o --> tmpsystem.iceht.forth.gr /home/fouskas/laqs/christos/ufeu/UFcode_nit_ter_May/IO_bin readpt.o
111.07.06 13:34 B d:\tmp\laqs\christos\ufeu\UFcode_nit_ter_May\IO_bin\readinp.o --> tmpsystem.iceht.forth.gr /home/fouskas/laqs/christos/ufeu/UFcode_nit_ter_May/IO_bin readinp.o
111.07.06 13:34 B d:\tmp\laqs\christos\ufeu\UFcode_nit_ter_May\IO_bin\readcnc.o --> tmpsystem.iceht.forth.gr /home/fouskas/laqs/christos/ufeu/UFcode_nit_ter_May/IO_bin readcnc.o
111.07.06 13:34 B d:\tmp\laqs\christos\ufeu\UFcode_nit_ter_May\IO_bin\readbnd.o --> tmpsystem.iceht.forth.gr /home/fouskas/laqs/christos/ufeu/UFcode_nit_ter_May/IO_bin readbnd.o
111.07.06 13:34 B d:\tmp\laqs\christos\ufeu\UFcode_nit_ter_May\IO_bin\readar.o --> tmpsystem.iceht.forth.gr /home/fouskas/laqs/christos/ufeu/UFcode_nit_ter_May/IO_bin readar.o
111.07.06 13:34 B d:\tmp\laqs\christos\ufeu\UFcode_nit_ter_May\IO_bin\rdsumbc.o --> tmpsystem.iceht.forth.gr /home/fouskas/laqs/christos/ufeu/UFcode_nit_ter_May/IO_bin rdsumbc.o
111.07.06 13:34 B d:\tmp\laqs\christos\ufeu\UFcode_nit_ter_May\IO_bin\rdpthdr.o --> tmpsystem.iceht.forth.gr /home/fouskas/laqs/christos/ufeu/UFcode_nit_ter_May/IO_bin rdpthdr.o
111.07.06 13:34 B d:\tmp\laqs\christos\ufeu\UFcode_nit_ter_May\IO_bin\rdfgcon.o --> tmpsystem.iceht.forth.gr /home/fouskas/laqs/christos/ufeu/UFcode_nit_ter_May/IO_bin rdfgcon.o
111.07.06 13:34 B d:\tmp\laqs\christos\ufeu\UFcode_nit_ter_May\IO_bin\openfils.o --> tmpsystem.iceht.forth.gr /home/fouskas/laqs/christos/ufeu/UFcode_nit_ter_May/IO_bin openfils.o
111.07.06 13:34 B d:\tmp\laqs\christos\ufeu\UFcode_nit_ter_May\IO_bin\getdepth.o --> tmpsystem.iceht.forth.gr /home/fouskas/laqs/christos/ufeu/UFcode_nit_ter_May/IO_bin getdepth.o
111.07.06 13:34 B d:\tmp\laqs\christos\ufeu\UFcode_nit_ter_May\IO_bin\depprep.o --> tmpsystem.iceht.forth.gr /home/fouskas/laqs/christos/ufeu/UFcode_nit_ter_May/IO_bin depprep.o
111.07.06 13:34 B d:\tmp\laqs\christos\ufeu\UFcode_nit_ter_May\IO_bin\cncprep.o --> tmpsystem.iceht.forth.gr /home/fouskas/laqs/christos/ufeu/UFcode_nit_ter_May/IO_bin cncprep.o
111.07.06 13:34 B d:\tmp\laqs\christos\ufeu\UFcode_nit_ter_May\IO_bin\clciwt.o --> tmpsystem.iceht.forth.gr /home/fouskas/laqs/christos/ufeu/UFcode_nit_ter_May/IO_bin clciwt.o
111.07.06 13:34 B d:\tmp\laqs\christos\ufeu\UFcode_nit_ter_May\IO_bin\bndprep.o --> tmpsystem.iceht.forth.gr /home/fouskas/laqs/christos/ufeu/UFcode_nit_ter_May/IO_bin bndprep.o
111.07.06 13:34 B d:\tmp\laqs\christos\ufeu\UFcode_nit_ter_May\IO_bin\areaprep.o --> tmpsystem.iceht.forth.gr /home/fouskas/laqs/christos/ufeu/UFcode_nit_ter_May/IO_bin areaprep.o
111.07.06 13:34 B d:\tmp\laqs\christos\ufeu\UFcode_nit_ter_May\IO_bin\wrtdep.f --> tmpsystem.iceht.forth.gr /home/fouskas/laqs/christos/ufeu/UFcode_nit_ter_May/IO_bin wrtdep.f
111.07.06 13:34 B d:\tmp\laqs\christos\ufeu\UFcode_nit_ter_May\IO_bin\wrtcon.f --> tmpsystem.iceht.forth.gr /home/fouskas/laqs/christos/ufeu/UFcode_nit_ter_May/IO_bin wrtcon.f
111.07.06 13:34 B d:\tmp\laqs\christos\ufeu\UFcode_nit_ter_May\IO_bin\wrfgdep.f --> tmpsystem.iceht.forth.gr /home/fouskas/laqs/christos/ufeu/UFcode_nit_ter_May/IO_bin wrfgdep.f
111.07.06 13:34 B d:\tmp\laqs\christos\ufeu\UFcode_nit_ter_May\IO_bin\wrfgcon.f --> tmpsystem.iceht.forth.gr /home/fouskas/laqs/christos/ufeu/UFcode_nit_ter_May/IO_bin wrfgcon.f
111.07.06 13:34 B d:\tmp\laqs\christos\ufeu\UFcode_nit_ter_May\IO_bin\srfprep.f --> tmpsystem.iceht.forth.gr /home/fouskas/laqs/christos/ufeu/UFcode_nit_ter_May/IO_bin srfprep.f
111.07.06 13:34 B d:\tmp\laqs\christos\ufeu\UFcode_nit_ter_May\IO_bin\readzpwt.f --> tmpsystem.iceht.forth.gr /home/fouskas/laqs/christos/ufeu/UFcode_nit_ter_May/IO_bin readzpwt.f
111.07.06 13:34 B d:\tmp\laqs\christos\ufeu\UFcode_nit_ter_May\IO_bin\readpt.f --> tmpsystem.iceht.forth.gr /home/fouskas/laqs/christos/ufeu/UFcode_nit_ter_May/IO_bin readpt.f
111.07.06 13:34 B d:\tmp\laqs\christos\ufeu\UFcode_nit_ter_May\IO_bin\readinp.f --> tmpsystem.iceht.forth.gr /home/fouskas/laqs/christos/ufeu/UFcode_nit_ter_May/IO_bin readinp.f
111.07.06 13:34 B d:\tmp\laqs\christos\ufeu\UFcode_nit_ter_May\IO_bin\readcnc.f.old --> tmpsystem.iceht.forth.gr /home/fouskas/laqs/christos/ufeu/UFcode_nit_ter_May/IO_bin readcnc.f.old
111.07.06 13:34 B d:\tmp\laqs\christos\ufeu\UFcode_nit_ter_May\IO_bin\readcnc.f.jgj.43.num --> tmpsystem.iceht.forth.gr /home/fouskas/laqs/christos/ufeu/UFcode_nit_ter_May/IO_bin readcnc.f.jgj.43.num
111.07.06 13:34 B d:\tmp\laqs\christos\ufeu\UFcode_nit_ter_May\IO_bin\readcnc.f --> tmpsystem.iceht.forth.gr /home/fouskas/laqs/christos/ufeu/UFcode_nit_ter_May/IO_bin readcnc.f
111.07.06 13:34 B d:\tmp\laqs\christos\ufeu\UFcode_nit_ter_May\IO_bin\readbnd.f.old --> tmpsystem.iceht.forth.gr /home/fouskas/laqs/christos/ufeu/UFcode_nit_ter_May/IO_bin readbnd.f.old
111.07.06 13:34 B d:\tmp\laqs\christos\ufeu\UFcode_nit_ter_May\IO_bin\readbnd.f.jgj.43.num --> tmpsystem.iceht.forth.gr /home/fouskas/laqs/christos/ufeu/UFcode_nit_ter_May/IO_bin readbnd.f.jgj.43.num
111.07.06 13:34 B d:\tmp\laqs\christos\ufeu\UFcode_nit_ter_May\IO_bin\readbnd.f.jgj.43 --> tmpsystem.iceht.forth.gr /home/fouskas/laqs/christos/ufeu/UFcode_nit_ter_May/IO_bin readbnd.f.jgj.43
111.07.06 13:34 B d:\tmp\laqs\christos\ufeu\UFcode_nit_ter_May\IO_bin\readbnd.f.jgj.12 --> tmpsystem.iceht.forth.gr /home/fouskas/laqs/christos/ufeu/UFcode_nit_ter_May/IO_bin readbnd.f.jgj.12
111.07.06 13:34 B d:\tmp\laqs\christos\ufeu\UFcode_nit_ter_May\IO_bin\readbnd.f.jgj.11 --> tmpsystem.iceht.forth.gr /home/fouskas/laqs/christos/ufeu/UFcode_nit_ter_May/IO_bin readbnd.f.jgj.11
111.07.06 13:34 B d:\tmp\laqs\christos\ufeu\UFcode_nit_ter_May\IO_bin\readbnd.f --> tmpsystem.iceht.forth.gr /home/fouskas/laqs/christos/ufeu/UFcode_nit_ter_May/IO_bin readbnd.f
111.07.06 13:34 B d:\tmp\laqs\christos\ufeu\UFcode_nit_ter_May\IO_bin\readar.f --> tmpsystem.iceht.forth.gr /home/fouskas/laqs/christos/ufeu/UFcode_nit_ter_May/IO_bin readar.f
111.07.06 13:34 B d:\tmp\laqs\christos\ufeu\UFcode_nit_ter_May\IO_bin\rdsumbc.f --> tmpsystem.iceht.forth.gr /home/fouskas/laqs/christos/ufeu/UFcode_nit_ter_May/IO_bin rdsumbc.f
111.07.06 13:34 B d:\tmp\laqs\christos\ufeu\UFcode_nit_ter_May\IO_bin\rdpthdr.f --> tmpsystem.iceht.forth.gr /home/fouskas/laqs/christos/ufeu/UFcode_nit_ter_May/IO_bin rdpthdr.f
111.07.06 13:34 B d:\tmp\laqs\christos\ufeu\UFcode_nit_ter_May\IO_bin\rdfgcon.f --> tmpsystem.iceht.forth.gr /home/fouskas/laqs/christos/ufeu/UFcode_nit_ter_May/IO_bin rdfgcon.f
111.07.06 13:34 B d:\tmp\laqs\christos\ufeu\UFcode_nit_ter_May\IO_bin\opnfils.f.jgj --> tmpsystem.iceht.forth.gr /home/fouskas/laqs/christos/ufeu/UFcode_nit_ter_May/IO_bin opnfils.f.jgj
111.07.06 13:34 B d:\tmp\laqs\christos\ufeu\UFcode_nit_ter_May\IO_bin\openfils.jgj --> tmpsystem.iceht.forth.gr /home/fouskas/laqs/christos/ufeu/UFcode_nit_ter_May/IO_bin openfils.jgj
111.07.06 13:34 B d:\tmp\laqs\christos\ufeu\UFcode_nit_ter_May\IO_bin\openfils.f.old --> tmpsystem.iceht.forth.gr /home/fouskas/laqs/christos/ufeu/UFcode_nit_ter_May/IO_bin openfils.f.old
111.07.06 13:34 B d:\tmp\laqs\christos\ufeu\UFcode_nit_ter_May\IO_bin\openfils.f.jgj --> tmpsystem.iceht.forth.gr /home/fouskas/laqs/christos/ufeu/UFcode_nit_ter_May/IO_bin openfils.f.jgj
111.07.06 13:34 B d:\tmp\laqs\christos\ufeu\UFcode_nit_ter_May\IO_bin\openfils.f --> tmpsystem.iceht.forth.gr /home/fouskas/laqs/christos/ufeu/UFcode_nit_ter_May/IO_bin openfils.f
111.07.06 13:34 B d:\tmp\laqs\christos\ufeu\UFcode_nit_ter_May\IO_bin\getdepth.f --> tmpsystem.iceht.forth.gr /home/fouskas/laqs/christos/ufeu/UFcode_nit_ter_May/IO_bin getdepth.f
111.07.06 13:34 B d:\tmp\laqs\christos\ufeu\UFcode_nit_ter_May\IO_bin\depprep.f --> tmpsystem.iceht.forth.gr /home/fouskas/laqs/christos/ufeu/UFcode_nit_ter_May/IO_bin depprep.f
111.07.06 13:34 B d:\tmp\laqs\christos\ufeu\UFcode_nit_ter_May\IO_bin\cncprep.f --> tmpsystem.iceht.forth.gr /home/fouskas/laqs/christos/ufeu/UFcode_nit_ter_May/IO_bin cncprep.f
111.07.06 13:34 B d:\tmp\laqs\christos\ufeu\UFcode_nit_ter_May\IO_bin\clciwt.f --> tmpsystem.iceht.forth.gr /home/fouskas/laqs/christos/ufeu/UFcode_nit_ter_May/IO_bin clciwt.f
111.07.06 13:34 B d:\tmp\laqs\christos\ufeu\UFcode_nit_ter_May\IO_bin\bndprep.f --> tmpsystem.iceht.forth.gr /home/fouskas/laqs/christos/ufeu/UFcode_nit_ter_May/IO_bin bndprep.f
111.07.06 13:34 B d:\tmp\laqs\christos\ufeu\UFcode_nit_ter_May\IO_bin\areaprep.f --> tmpsystem.iceht.forth.gr /home/fouskas/laqs/christos/ufeu/UFcode_nit_ter_May/IO_bin areaprep.f
111.07.06 13:34 B d:\tmp\laqs\christos\ufeu\UFcode_nit_ter_May\IO_bin\#readbnd.f.old# --> tmpsystem.iceht.forth.gr /home/fouskas/laqs/christos/ufeu/UFcode_nit_ter_May/IO_bin #readbnd.f.old#
