111.07.06 13:35 B d:\tmp\laqs\christos\ufeu\UFcode_nit_ter_May\PMCAMx.exe --> tmpsystem.iceht.forth.gr /home/fouskas/laqs/christos/ufeu/UFcode_nit_ter_May PMCAMx.exe
111.07.06 13:35 B d:\tmp\laqs\christos\ufeu\UFcode_nit_ter_May\zrates.o --> tmpsystem.iceht.forth.gr /home/fouskas/laqs/christos/ufeu/UFcode_nit_ter_May zrates.o
111.07.06 13:35 B d:\tmp\laqs\christos\ufeu\UFcode_nit_ter_May\zeros.o --> tmpsystem.iceht.forth.gr /home/fouskas/laqs/christos/ufeu/UFcode_nit_ter_May zeros.o
111.07.06 13:35 B d:\tmp\laqs\christos\ufeu\UFcode_nit_ter_May\zadvec.o --> tmpsystem.iceht.forth.gr /home/fouskas/laqs/christos/ufeu/UFcode_nit_ter_May zadvec.o
111.07.06 13:35 B d:\tmp\laqs\christos\ufeu\UFcode_nit_ter_May\xyadvec.o --> tmpsystem.iceht.forth.gr /home/fouskas/laqs/christos/ufeu/UFcode_nit_ter_May xyadvec.o
111.07.06 13:35 B d:\tmp\laqs\christos\ufeu\UFcode_nit_ter_May\wrtmass.o --> tmpsystem.iceht.forth.gr /home/fouskas/laqs/christos/ufeu/UFcode_nit_ter_May wrtmass.o
111.07.06 13:35 B d:\tmp\laqs\christos\ufeu\UFcode_nit_ter_May\wetdep.o --> tmpsystem.iceht.forth.gr /home/fouskas/laqs/christos/ufeu/UFcode_nit_ter_May wetdep.o
111.07.06 13:35 B d:\tmp\laqs\christos\ufeu\UFcode_nit_ter_May\vrtslv.o --> tmpsystem.iceht.forth.gr /home/fouskas/laqs/christos/ufeu/UFcode_nit_ter_May vrtslv.o
111.07.06 13:35 B d:\tmp\laqs\christos\ufeu\UFcode_nit_ter_May\vnmshcal.o --> tmpsystem.iceht.forth.gr /home/fouskas/laqs/christos/ufeu/UFcode_nit_ter_May vnmshcal.o
111.07.06 13:35 B d:\tmp\laqs\christos\ufeu\UFcode_nit_ter_May\vdiffimp.o --> tmpsystem.iceht.forth.gr /home/fouskas/laqs/christos/ufeu/UFcode_nit_ter_May vdiffimp.o
111.07.06 13:35 B d:\tmp\laqs\christos\ufeu\UFcode_nit_ter_May\vd_gas.o --> tmpsystem.iceht.forth.gr /home/fouskas/laqs/christos/ufeu/UFcode_nit_ter_May vd_gas.o
111.07.06 13:35 B d:\tmp\laqs\christos\ufeu\UFcode_nit_ter_May\vd_aer.o --> tmpsystem.iceht.forth.gr /home/fouskas/laqs/christos/ufeu/UFcode_nit_ter_May vd_aer.o
111.07.06 13:35 B d:\tmp\laqs\christos\ufeu\UFcode_nit_ter_May\utmgeo.o --> tmpsystem.iceht.forth.gr /home/fouskas/laqs/christos/ufeu/UFcode_nit_ter_May utmgeo.o
111.07.06 13:35 B d:\tmp\laqs\christos\ufeu\UFcode_nit_ter_May\uptime.o --> tmpsystem.iceht.forth.gr /home/fouskas/laqs/christos/ufeu/UFcode_nit_ter_May uptime.o
111.07.06 13:35 B d:\tmp\laqs\christos\ufeu\UFcode_nit_ter_May\updtmet.o --> tmpsystem.iceht.forth.gr /home/fouskas/laqs/christos/ufeu/UFcode_nit_ter_May updtmet.o
111.07.06 13:35 B d:\tmp\laqs\christos\ufeu\UFcode_nit_ter_May\trdiag.o --> tmpsystem.iceht.forth.gr /home/fouskas/laqs/christos/ufeu/UFcode_nit_ter_May trdiag.o
111.07.06 13:35 B d:\tmp\laqs\christos\ufeu\UFcode_nit_ter_May\trap.o --> tmpsystem.iceht.forth.gr /home/fouskas/laqs/christos/ufeu/UFcode_nit_ter_May trap.o
111.07.06 13:35 B d:\tmp\laqs\christos\ufeu\UFcode_nit_ter_May\toupper.o --> tmpsystem.iceht.forth.gr /home/fouskas/laqs/christos/ufeu/UFcode_nit_ter_May toupper.o
111.07.06 13:35 B d:\tmp\laqs\christos\ufeu\UFcode_nit_ter_May\timrates.o --> tmpsystem.iceht.forth.gr /home/fouskas/laqs/christos/ufeu/UFcode_nit_ter_May timrates.o
111.07.06 13:35 B d:\tmp\laqs\christos\ufeu\UFcode_nit_ter_May\timestep.o --> tmpsystem.iceht.forth.gr /home/fouskas/laqs/christos/ufeu/UFcode_nit_ter_May timestep.o
111.07.06 13:35 B d:\tmp\laqs\christos\ufeu\UFcode_nit_ter_May\startup.o --> tmpsystem.iceht.forth.gr /home/fouskas/laqs/christos/ufeu/UFcode_nit_ter_May startup.o
111.07.06 13:35 B d:\tmp\laqs\christos\ufeu\UFcode_nit_ter_May\setbc1d.o --> tmpsystem.iceht.forth.gr /home/fouskas/laqs/christos/ufeu/UFcode_nit_ter_May setbc1d.o
111.07.06 13:35 B d:\tmp\laqs\christos\ufeu\UFcode_nit_ter_May\setbc.o --> tmpsystem.iceht.forth.gr /home/fouskas/laqs/christos/ufeu/UFcode_nit_ter_May setbc.o
111.07.06 13:35 B d:\tmp\laqs\christos\ufeu\UFcode_nit_ter_May\scavrat.o --> tmpsystem.iceht.forth.gr /home/fouskas/laqs/christos/ufeu/UFcode_nit_ter_May scavrat.o
111.07.06 13:35 B d:\tmp\laqs\christos\ufeu\UFcode_nit_ter_May\readpht.o --> tmpsystem.iceht.forth.gr /home/fouskas/laqs/christos/ufeu/UFcode_nit_ter_May readpht.o
111.07.06 13:35 B d:\tmp\laqs\christos\ufeu\UFcode_nit_ter_May\readchm.o --> tmpsystem.iceht.forth.gr /home/fouskas/laqs/christos/ufeu/UFcode_nit_ter_May readchm.o
111.07.06 13:35 B d:\tmp\laqs\christos\ufeu\UFcode_nit_ter_May\readaho.o --> tmpsystem.iceht.forth.gr /home/fouskas/laqs/christos/ufeu/UFcode_nit_ter_May readaho.o
111.07.06 13:35 B d:\tmp\laqs\christos\ufeu\UFcode_nit_ter_May\rassgn4d.o --> tmpsystem.iceht.forth.gr /home/fouskas/laqs/christos/ufeu/UFcode_nit_ter_May rassgn4d.o
111.07.06 13:35 B d:\tmp\laqs\christos\ufeu\UFcode_nit_ter_May\rassgn3d.o --> tmpsystem.iceht.forth.gr /home/fouskas/laqs/christos/ufeu/UFcode_nit_ter_May rassgn3d.o
111.07.06 13:35 B d:\tmp\laqs\christos\ufeu\UFcode_nit_ter_May\raddrivr.o --> tmpsystem.iceht.forth.gr /home/fouskas/laqs/christos/ufeu/UFcode_nit_ter_May raddrivr.o
111.07.06 13:35 B d:\tmp\laqs\christos\ufeu\UFcode_nit_ter_May\pspgeo.o --> tmpsystem.iceht.forth.gr /home/fouskas/laqs/christos/ufeu/UFcode_nit_ter_May pspgeo.o
111.07.06 13:35 B d:\tmp\laqs\christos\ufeu\UFcode_nit_ter_May\ProjUtils.o --> tmpsystem.iceht.forth.gr /home/fouskas/laqs/christos/ufeu/UFcode_nit_ter_May ProjUtils.o
111.07.06 13:35 B d:\tmp\laqs\christos\ufeu\UFcode_nit_ter_May\projutils.mod --> tmpsystem.iceht.forth.gr /home/fouskas/laqs/christos/ufeu/UFcode_nit_ter_May projutils.mod
111.07.06 13:35 B d:\tmp\laqs\christos\ufeu\UFcode_nit_ter_May\pntprep.o --> tmpsystem.iceht.forth.gr /home/fouskas/laqs/christos/ufeu/UFcode_nit_ter_May pntprep.o
111.07.06 13:35 B d:\tmp\laqs\christos\ufeu\UFcode_nit_ter_May\plumeris.o --> tmpsystem.iceht.forth.gr /home/fouskas/laqs/christos/ufeu/UFcode_nit_ter_May plumeris.o
111.07.06 13:35 B d:\tmp\laqs\christos\ufeu\UFcode_nit_ter_May\parntchd.o --> tmpsystem.iceht.forth.gr /home/fouskas/laqs/christos/ufeu/UFcode_nit_ter_May parntchd.o
111.07.06 13:35 B d:\tmp\laqs\christos\ufeu\UFcode_nit_ter_May\numconv.o --> tmpsystem.iceht.forth.gr /home/fouskas/laqs/christos/ufeu/UFcode_nit_ter_May numconv.o
111.07.06 13:35 B d:\tmp\laqs\christos\ufeu\UFcode_nit_ter_May\nstprep.o --> tmpsystem.iceht.forth.gr /home/fouskas/laqs/christos/ufeu/UFcode_nit_ter_May nstprep.o
111.07.06 13:35 B d:\tmp\laqs\christos\ufeu\UFcode_nit_ter_May\nesting.o --> tmpsystem.iceht.forth.gr /home/fouskas/laqs/christos/ufeu/UFcode_nit_ter_May nesting.o
111.07.06 13:35 B d:\tmp\laqs\christos\ufeu\UFcode_nit_ter_May\mnratio.o --> tmpsystem.iceht.forth.gr /home/fouskas/laqs/christos/ufeu/UFcode_nit_ter_May mnratio.o
111.07.06 13:35 B d:\tmp\laqs\christos\ufeu\UFcode_nit_ter_May\micromet.o --> tmpsystem.iceht.forth.gr /home/fouskas/laqs/christos/ufeu/UFcode_nit_ter_May micromet.o
111.07.06 13:35 B d:\tmp\laqs\christos\ufeu\UFcode_nit_ter_May\massum.o --> tmpsystem.iceht.forth.gr /home/fouskas/laqs/christos/ufeu/UFcode_nit_ter_May massum.o
111.07.06 13:35 B d:\tmp\laqs\christos\ufeu\UFcode_nit_ter_May\luassgn.o --> tmpsystem.iceht.forth.gr /home/fouskas/laqs/christos/ufeu/UFcode_nit_ter_May luassgn.o
111.07.06 13:35 B d:\tmp\laqs\christos\ufeu\UFcode_nit_ter_May\lsode.o --> tmpsystem.iceht.forth.gr /home/fouskas/laqs/christos/ufeu/UFcode_nit_ter_May lsode.o
111.07.06 13:35 B d:\tmp\laqs\christos\ufeu\UFcode_nit_ter_May\linpac.o --> tmpsystem.iceht.forth.gr /home/fouskas/laqs/christos/ufeu/UFcode_nit_ter_May linpac.o
111.07.06 13:35 B d:\tmp\laqs\christos\ufeu\UFcode_nit_ter_May\lcpgeo.o --> tmpsystem.iceht.forth.gr /home/fouskas/laqs/christos/ufeu/UFcode_nit_ter_May lcpgeo.o
111.07.06 13:35 B d:\tmp\laqs\christos\ufeu\UFcode_nit_ter_May\ktherm.o --> tmpsystem.iceht.forth.gr /home/fouskas/laqs/christos/ufeu/UFcode_nit_ter_May ktherm.o
111.07.06 13:35 B d:\tmp\laqs\christos\ufeu\UFcode_nit_ter_May\kphoto.o --> tmpsystem.iceht.forth.gr /home/fouskas/laqs/christos/ufeu/UFcode_nit_ter_May kphoto.o
111.07.06 13:35 B d:\tmp\laqs\christos\ufeu\UFcode_nit_ter_May\khorz.o --> tmpsystem.iceht.forth.gr /home/fouskas/laqs/christos/ufeu/UFcode_nit_ter_May khorz.o
111.07.06 13:35 B d:\tmp\laqs\christos\ufeu\UFcode_nit_ter_May\juldate.o --> tmpsystem.iceht.forth.gr /home/fouskas/laqs/christos/ufeu/UFcode_nit_ter_May juldate.o
111.07.06 13:35 B d:\tmp\laqs\christos\ufeu\UFcode_nit_ter_May\jstlft.o --> tmpsystem.iceht.forth.gr /home/fouskas/laqs/christos/ufeu/UFcode_nit_ter_May jstlft.o
111.07.06 13:35 B d:\tmp\laqs\christos\ufeu\UFcode_nit_ter_May\istrln.o --> tmpsystem.iceht.forth.gr /home/fouskas/laqs/christos/ufeu/UFcode_nit_ter_May istrln.o
111.07.06 13:35 B d:\tmp\laqs\christos\ufeu\UFcode_nit_ter_May\intrpdat.o --> tmpsystem.iceht.forth.gr /home/fouskas/laqs/christos/ufeu/UFcode_nit_ter_May intrpdat.o
111.07.06 13:35 B d:\tmp\laqs\christos\ufeu\UFcode_nit_ter_May\intrpcnc.o --> tmpsystem.iceht.forth.gr /home/fouskas/laqs/christos/ufeu/UFcode_nit_ter_May intrpcnc.o
111.07.06 13:35 B d:\tmp\laqs\christos\ufeu\UFcode_nit_ter_May\interpv.o --> tmpsystem.iceht.forth.gr /home/fouskas/laqs/christos/ufeu/UFcode_nit_ter_May interpv.o
111.07.06 13:35 B d:\tmp\laqs\christos\ufeu\UFcode_nit_ter_May\interp2d.o --> tmpsystem.iceht.forth.gr /home/fouskas/laqs/christos/ufeu/UFcode_nit_ter_May interp2d.o
111.07.06 13:35 B d:\tmp\laqs\christos\ufeu\UFcode_nit_ter_May\iniptr.o --> tmpsystem.iceht.forth.gr /home/fouskas/laqs/christos/ufeu/UFcode_nit_ter_May iniptr.o
111.07.06 13:35 B d:\tmp\laqs\christos\ufeu\UFcode_nit_ter_May\iehsolv.o --> tmpsystem.iceht.forth.gr /home/fouskas/laqs/christos/ufeu/UFcode_nit_ter_May iehsolv.o
111.07.06 13:35 B d:\tmp\laqs\christos\ufeu\UFcode_nit_ter_May\iassgn2d.o --> tmpsystem.iceht.forth.gr /home/fouskas/laqs/christos/ufeu/UFcode_nit_ter_May iassgn2d.o
111.07.06 13:35 B d:\tmp\laqs\christos\ufeu\UFcode_nit_ter_May\hadvppm.o --> tmpsystem.iceht.forth.gr /home/fouskas/laqs/christos/ufeu/UFcode_nit_ter_May hadvppm.o
111.07.06 13:35 B d:\tmp\laqs\christos\ufeu\UFcode_nit_ter_May\hadvbot.o --> tmpsystem.iceht.forth.gr /home/fouskas/laqs/christos/ufeu/UFcode_nit_ter_May hadvbot.o
111.07.06 13:35 B d:\tmp\laqs\christos\ufeu\UFcode_nit_ter_May\grdprep.o --> tmpsystem.iceht.forth.gr /home/fouskas/laqs/christos/ufeu/UFcode_nit_ter_May grdprep.o
111.07.06 13:35 B d:\tmp\laqs\christos\ufeu\UFcode_nit_ter_May\getznth.o --> tmpsystem.iceht.forth.gr /home/fouskas/laqs/christos/ufeu/UFcode_nit_ter_May getznth.o
111.07.06 13:35 B d:\tmp\laqs\christos\ufeu\UFcode_nit_ter_May\getdelt.o --> tmpsystem.iceht.forth.gr /home/fouskas/laqs/christos/ufeu/UFcode_nit_ter_May getdelt.o
111.07.06 13:35 B d:\tmp\laqs\christos\ufeu\UFcode_nit_ter_May\fullaero.o --> tmpsystem.iceht.forth.gr /home/fouskas/laqs/christos/ufeu/UFcode_nit_ter_May fullaero.o
111.07.06 13:35 B d:\tmp\laqs\christos\ufeu\UFcode_nit_ter_May\finwind.o --> tmpsystem.iceht.forth.gr /home/fouskas/laqs/christos/ufeu/UFcode_nit_ter_May finwind.o
111.07.06 13:35 B d:\tmp\laqs\christos\ufeu\UFcode_nit_ter_May\fgavrg.o --> tmpsystem.iceht.forth.gr /home/fouskas/laqs/christos/ufeu/UFcode_nit_ter_May fgavrg.o
111.07.06 13:35 B d:\tmp\laqs\christos\ufeu\UFcode_nit_ter_May\exptbl.o --> tmpsystem.iceht.forth.gr /home/fouskas/laqs/christos/ufeu/UFcode_nit_ter_May exptbl.o
111.07.06 13:35 B d:\tmp\laqs\christos\ufeu\UFcode_nit_ter_May\expndlay.o --> tmpsystem.iceht.forth.gr /home/fouskas/laqs/christos/ufeu/UFcode_nit_ter_May expndlay.o
111.07.06 13:35 B d:\tmp\laqs\christos\ufeu\UFcode_nit_ter_May\emistrns.o --> tmpsystem.iceht.forth.gr /home/fouskas/laqs/christos/ufeu/UFcode_nit_ter_May emistrns.o
111.07.06 13:35 B d:\tmp\laqs\christos\ufeu\UFcode_nit_ter_May\emiss.o --> tmpsystem.iceht.forth.gr /home/fouskas/laqs/christos/ufeu/UFcode_nit_ter_May emiss.o
111.07.06 13:35 B d:\tmp\laqs\christos\ufeu\UFcode_nit_ter_May\emassign.o --> tmpsystem.iceht.forth.gr /home/fouskas/laqs/christos/ufeu/UFcode_nit_ter_May emassign.o
111.07.06 13:35 B d:\tmp\laqs\christos\ufeu\UFcode_nit_ter_May\dummy.o --> tmpsystem.iceht.forth.gr /home/fouskas/laqs/christos/ufeu/UFcode_nit_ter_May dummy.o
111.07.06 13:35 B d:\tmp\laqs\christos\ufeu\UFcode_nit_ter_May\drydep.o --> tmpsystem.iceht.forth.gr /home/fouskas/laqs/christos/ufeu/UFcode_nit_ter_May drydep.o
111.07.06 13:35 B d:\tmp\laqs\christos\ufeu\UFcode_nit_ter_May\diffus.o --> tmpsystem.iceht.forth.gr /home/fouskas/laqs/christos/ufeu/UFcode_nit_ter_May diffus.o
111.07.06 13:35 B d:\tmp\laqs\christos\ufeu\UFcode_nit_ter_May\depsmry.o --> tmpsystem.iceht.forth.gr /home/fouskas/laqs/christos/ufeu/UFcode_nit_ter_May depsmry.o
111.07.06 13:35 B d:\tmp\laqs\christos\ufeu\UFcode_nit_ter_May\dateerr.o --> tmpsystem.iceht.forth.gr /home/fouskas/laqs/christos/ufeu/UFcode_nit_ter_May dateerr.o
111.07.06 13:35 B d:\tmp\laqs\christos\ufeu\UFcode_nit_ter_May\cvtwind.o --> tmpsystem.iceht.forth.gr /home/fouskas/laqs/christos/ufeu/UFcode_nit_ter_May cvtwind.o
111.07.06 13:35 B d:\tmp\laqs\christos\ufeu\UFcode_nit_ter_May\cvtdate.o --> tmpsystem.iceht.forth.gr /home/fouskas/laqs/christos/ufeu/UFcode_nit_ter_May cvtdate.o
111.07.06 13:35 B d:\tmp\laqs\christos\ufeu\UFcode_nit_ter_May\cpivot.o --> tmpsystem.iceht.forth.gr /home/fouskas/laqs/christos/ufeu/UFcode_nit_ter_May cpivot.o
111.07.06 13:35 B d:\tmp\laqs\christos\ufeu\UFcode_nit_ter_May\chmprep.o --> tmpsystem.iceht.forth.gr /home/fouskas/laqs/christos/ufeu/UFcode_nit_ter_May chmprep.o
111.07.06 13:35 B d:\tmp\laqs\christos\ufeu\UFcode_nit_ter_May\chmdat.o --> tmpsystem.iceht.forth.gr /home/fouskas/laqs/christos/ufeu/UFcode_nit_ter_May chmdat.o
111.07.06 13:35 B d:\tmp\laqs\christos\ufeu\UFcode_nit_ter_May\chemrxn.o --> tmpsystem.iceht.forth.gr /home/fouskas/laqs/christos/ufeu/UFcode_nit_ter_May chemrxn.o
111.07.06 13:35 B d:\tmp\laqs\christos\ufeu\UFcode_nit_ter_May\chemdriv.o --> tmpsystem.iceht.forth.gr /home/fouskas/laqs/christos/ufeu/UFcode_nit_ter_May chemdriv.o
111.07.06 13:35 B d:\tmp\laqs\christos\ufeu\UFcode_nit_ter_May\checkconc.o --> tmpsystem.iceht.forth.gr /home/fouskas/laqs/christos/ufeu/UFcode_nit_ter_May checkconc.o
111.07.06 13:35 B d:\tmp\laqs\christos\ufeu\UFcode_nit_ter_May\camxerr.o --> tmpsystem.iceht.forth.gr /home/fouskas/laqs/christos/ufeu/UFcode_nit_ter_May camxerr.o
111.07.06 13:35 B d:\tmp\laqs\christos\ufeu\UFcode_nit_ter_May\CAMx2so4cond.o --> tmpsystem.iceht.forth.gr /home/fouskas/laqs/christos/ufeu/UFcode_nit_ter_May CAMx2so4cond.o
111.07.06 13:35 B d:\tmp\laqs\christos\ufeu\UFcode_nit_ter_May\CAMx2dman.o --> tmpsystem.iceht.forth.gr /home/fouskas/laqs/christos/ufeu/UFcode_nit_ter_May CAMx2dman.o
111.07.06 13:35 B d:\tmp\laqs\christos\ufeu\UFcode_nit_ter_May\CAMx.o --> tmpsystem.iceht.forth.gr /home/fouskas/laqs/christos/ufeu/UFcode_nit_ter_May CAMx.o
111.07.06 13:35 B d:\tmp\laqs\christos\ufeu\UFcode_nit_ter_May\caldate.o --> tmpsystem.iceht.forth.gr /home/fouskas/laqs/christos/ufeu/UFcode_nit_ter_May caldate.o
111.07.06 13:35 B d:\tmp\laqs\christos\ufeu\UFcode_nit_ter_May\bcmodfy.o --> tmpsystem.iceht.forth.gr /home/fouskas/laqs/christos/ufeu/UFcode_nit_ter_May bcmodfy.o
111.07.06 13:35 B d:\tmp\laqs\christos\ufeu\UFcode_nit_ter_May\bc1grd.o --> tmpsystem.iceht.forth.gr /home/fouskas/laqs/christos/ufeu/UFcode_nit_ter_May bc1grd.o
111.07.06 13:35 B d:\tmp\laqs\christos\ufeu\UFcode_nit_ter_May\average.o --> tmpsystem.iceht.forth.gr /home/fouskas/laqs/christos/ufeu/UFcode_nit_ter_May average.o
111.07.06 13:35 B d:\tmp\laqs\christos\ufeu\UFcode_nit_ter_May\areag.o --> tmpsystem.iceht.forth.gr /home/fouskas/laqs/christos/ufeu/UFcode_nit_ter_May areag.o
111.07.06 13:35 B d:\tmp\laqs\christos\ufeu\UFcode_nit_ter_May\ahoprep.o --> tmpsystem.iceht.forth.gr /home/fouskas/laqs/christos/ufeu/UFcode_nit_ter_May ahoprep.o
111.07.06 13:35 B d:\tmp\laqs\christos\ufeu\UFcode_nit_ter_May\aggreg.o --> tmpsystem.iceht.forth.gr /home/fouskas/laqs/christos/ufeu/UFcode_nit_ter_May aggreg.o
111.07.06 13:35 B d:\tmp\laqs\christos\ufeu\UFcode_nit_ter_May\aggr00.o --> tmpsystem.iceht.forth.gr /home/fouskas/laqs/christos/ufeu/UFcode_nit_ter_May aggr00.o
111.07.06 13:35 B d:\tmp\laqs\christos\ufeu\UFcode_nit_ter_May\aggdep.o --> tmpsystem.iceht.forth.gr /home/fouskas/laqs/christos/ufeu/UFcode_nit_ter_May aggdep.o
111.07.06 13:35 B d:\tmp\laqs\christos\ufeu\UFcode_nit_ter_May\aeroset.o --> tmpsystem.iceht.forth.gr /home/fouskas/laqs/christos/ufeu/UFcode_nit_ter_May aeroset.o
111.07.06 13:35 B d:\tmp\laqs\christos\ufeu\UFcode_nit_ter_May\aerochem.o --> tmpsystem.iceht.forth.gr /home/fouskas/laqs/christos/ufeu/UFcode_nit_ter_May aerochem.o
111.07.06 13:35 B d:\tmp\laqs\christos\ufeu\UFcode_nit_ter_May\Makefile --> tmpsystem.iceht.forth.gr /home/fouskas/laqs/christos/ufeu/UFcode_nit_ter_May Makefile
111.07.06 13:35 B d:\tmp\laqs\christos\ufeu\UFcode_nit_ter_May\Makefile~ --> tmpsystem.iceht.forth.gr /home/fouskas/laqs/christos/ufeu/UFcode_nit_ter_May Makefile~
111.07.06 13:35 B d:\tmp\laqs\christos\ufeu\UFcode_nit_ter_May\chemdriv.f~ --> tmpsystem.iceht.forth.gr /home/fouskas/laqs/christos/ufeu/UFcode_nit_ter_May chemdriv.f~
111.07.06 13:35 B d:\tmp\laqs\christos\ufeu\UFcode_nit_ter_May\emistrns.f --> tmpsystem.iceht.forth.gr /home/fouskas/laqs/christos/ufeu/UFcode_nit_ter_May emistrns.f
111.07.06 13:35 B d:\tmp\laqs\christos\ufeu\UFcode_nit_ter_May\CAMx.f --> tmpsystem.iceht.forth.gr /home/fouskas/laqs/christos/ufeu/UFcode_nit_ter_May CAMx.f
111.07.06 13:35 B d:\tmp\laqs\christos\ufeu\UFcode_nit_ter_May\startup.f --> tmpsystem.iceht.forth.gr /home/fouskas/laqs/christos/ufeu/UFcode_nit_ter_May startup.f
111.07.06 13:35 B d:\tmp\laqs\christos\ufeu\UFcode_nit_ter_May\pspgeo.f90 --> tmpsystem.iceht.forth.gr /home/fouskas/laqs/christos/ufeu/UFcode_nit_ter_May pspgeo.f90
111.07.06 13:35 B d:\tmp\laqs\christos\ufeu\UFcode_nit_ter_May\ProjUtils.f90 --> tmpsystem.iceht.forth.gr /home/fouskas/laqs/christos/ufeu/UFcode_nit_ter_May ProjUtils.f90
111.07.06 13:35 B d:\tmp\laqs\christos\ufeu\UFcode_nit_ter_May\grdprep.f --> tmpsystem.iceht.forth.gr /home/fouskas/laqs/christos/ufeu/UFcode_nit_ter_May grdprep.f
111.07.06 13:35 B d:\tmp\laqs\christos\ufeu\UFcode_nit_ter_May\vrtslv.f --> tmpsystem.iceht.forth.gr /home/fouskas/laqs/christos/ufeu/UFcode_nit_ter_May vrtslv.f
111.07.06 13:35 B d:\tmp\laqs\christos\ufeu\UFcode_nit_ter_May\chmdat.f --> tmpsystem.iceht.forth.gr /home/fouskas/laqs/christos/ufeu/UFcode_nit_ter_May chmdat.f
111.07.06 13:35 B d:\tmp\laqs\christos\ufeu\UFcode_nit_ter_May\chemdriv.f --> tmpsystem.iceht.forth.gr /home/fouskas/laqs/christos/ufeu/UFcode_nit_ter_May chemdriv.f
111.07.06 13:35 B d:\tmp\laqs\christos\ufeu\UFcode_nit_ter_May\mnratio.f --> tmpsystem.iceht.forth.gr /home/fouskas/laqs/christos/ufeu/UFcode_nit_ter_May mnratio.f
111.07.06 13:35 B d:\tmp\laqs\christos\ufeu\UFcode_nit_ter_May\CAMx2so4cond.f --> tmpsystem.iceht.forth.gr /home/fouskas/laqs/christos/ufeu/UFcode_nit_ter_May CAMx2so4cond.f
111.07.06 13:35 B d:\tmp\laqs\christos\ufeu\UFcode_nit_ter_May\fullaero.f --> tmpsystem.iceht.forth.gr /home/fouskas/laqs/christos/ufeu/UFcode_nit_ter_May fullaero.f
111.07.06 13:35 B d:\tmp\laqs\christos\ufeu\UFcode_nit_ter_May\fullaero.f~ --> tmpsystem.iceht.forth.gr /home/fouskas/laqs/christos/ufeu/UFcode_nit_ter_May fullaero.f~
111.07.06 13:35 B d:\tmp\laqs\christos\ufeu\UFcode_nit_ter_May\zrates.f --> tmpsystem.iceht.forth.gr /home/fouskas/laqs/christos/ufeu/UFcode_nit_ter_May zrates.f
111.07.06 13:35 B d:\tmp\laqs\christos\ufeu\UFcode_nit_ter_May\zeros.f --> tmpsystem.iceht.forth.gr /home/fouskas/laqs/christos/ufeu/UFcode_nit_ter_May zeros.f
111.07.06 13:35 B d:\tmp\laqs\christos\ufeu\UFcode_nit_ter_May\zadvec.f.old --> tmpsystem.iceht.forth.gr /home/fouskas/laqs/christos/ufeu/UFcode_nit_ter_May zadvec.f.old
111.07.06 13:35 B d:\tmp\laqs\christos\ufeu\UFcode_nit_ter_May\zadvec.f --> tmpsystem.iceht.forth.gr /home/fouskas/laqs/christos/ufeu/UFcode_nit_ter_May zadvec.f
111.07.06 13:35 B d:\tmp\laqs\christos\ufeu\UFcode_nit_ter_May\xyadvec.f.old --> tmpsystem.iceht.forth.gr /home/fouskas/laqs/christos/ufeu/UFcode_nit_ter_May xyadvec.f.old
111.07.06 13:35 B d:\tmp\laqs\christos\ufeu\UFcode_nit_ter_May\xyadvec.f --> tmpsystem.iceht.forth.gr /home/fouskas/laqs/christos/ufeu/UFcode_nit_ter_May xyadvec.f
111.07.06 13:35 B d:\tmp\laqs\christos\ufeu\UFcode_nit_ter_May\wrtmass.f --> tmpsystem.iceht.forth.gr /home/fouskas/laqs/christos/ufeu/UFcode_nit_ter_May wrtmass.f
111.07.06 13:35 B d:\tmp\laqs\christos\ufeu\UFcode_nit_ter_May\wetdep.f.old --> tmpsystem.iceht.forth.gr /home/fouskas/laqs/christos/ufeu/UFcode_nit_ter_May wetdep.f.old
111.07.06 13:35 B d:\tmp\laqs\christos\ufeu\UFcode_nit_ter_May\wetdep.f --> tmpsystem.iceht.forth.gr /home/fouskas/laqs/christos/ufeu/UFcode_nit_ter_May wetdep.f
111.07.06 13:35 B d:\tmp\laqs\christos\ufeu\UFcode_nit_ter_May\vnmshcal.f --> tmpsystem.iceht.forth.gr /home/fouskas/laqs/christos/ufeu/UFcode_nit_ter_May vnmshcal.f
111.07.06 13:35 B d:\tmp\laqs\christos\ufeu\UFcode_nit_ter_May\vdiffimp.f --> tmpsystem.iceht.forth.gr /home/fouskas/laqs/christos/ufeu/UFcode_nit_ter_May vdiffimp.f
111.07.06 13:35 B d:\tmp\laqs\christos\ufeu\UFcode_nit_ter_May\vd_gas.f --> tmpsystem.iceht.forth.gr /home/fouskas/laqs/christos/ufeu/UFcode_nit_ter_May vd_gas.f
111.07.06 13:35 B d:\tmp\laqs\christos\ufeu\UFcode_nit_ter_May\vd_aer.f --> tmpsystem.iceht.forth.gr /home/fouskas/laqs/christos/ufeu/UFcode_nit_ter_May vd_aer.f
111.07.06 13:35 B d:\tmp\laqs\christos\ufeu\UFcode_nit_ter_May\utmgeo.f --> tmpsystem.iceht.forth.gr /home/fouskas/laqs/christos/ufeu/UFcode_nit_ter_May utmgeo.f
111.07.06 13:35 B d:\tmp\laqs\christos\ufeu\UFcode_nit_ter_May\uptime.f --> tmpsystem.iceht.forth.gr /home/fouskas/laqs/christos/ufeu/UFcode_nit_ter_May uptime.f
111.07.06 13:35 B d:\tmp\laqs\christos\ufeu\UFcode_nit_ter_May\updtmet.f --> tmpsystem.iceht.forth.gr /home/fouskas/laqs/christos/ufeu/UFcode_nit_ter_May updtmet.f
111.07.06 13:35 B d:\tmp\laqs\christos\ufeu\UFcode_nit_ter_May\trdiag.f --> tmpsystem.iceht.forth.gr /home/fouskas/laqs/christos/ufeu/UFcode_nit_ter_May trdiag.f
111.07.06 13:35 B d:\tmp\laqs\christos\ufeu\UFcode_nit_ter_May\trap.f --> tmpsystem.iceht.forth.gr /home/fouskas/laqs/christos/ufeu/UFcode_nit_ter_May trap.f
111.07.06 13:35 B d:\tmp\laqs\christos\ufeu\UFcode_nit_ter_May\toupper.f --> tmpsystem.iceht.forth.gr /home/fouskas/laqs/christos/ufeu/UFcode_nit_ter_May toupper.f
111.07.06 13:35 B d:\tmp\laqs\christos\ufeu\UFcode_nit_ter_May\timrates.f --> tmpsystem.iceht.forth.gr /home/fouskas/laqs/christos/ufeu/UFcode_nit_ter_May timrates.f
111.07.06 13:35 B d:\tmp\laqs\christos\ufeu\UFcode_nit_ter_May\timestep.f --> tmpsystem.iceht.forth.gr /home/fouskas/laqs/christos/ufeu/UFcode_nit_ter_May timestep.f
111.07.06 13:35 B d:\tmp\laqs\christos\ufeu\UFcode_nit_ter_May\setbc1d.f --> tmpsystem.iceht.forth.gr /home/fouskas/laqs/christos/ufeu/UFcode_nit_ter_May setbc1d.f
111.07.06 13:35 B d:\tmp\laqs\christos\ufeu\UFcode_nit_ter_May\setbc.f --> tmpsystem.iceht.forth.gr /home/fouskas/laqs/christos/ufeu/UFcode_nit_ter_May setbc.f
111.07.06 13:35 B d:\tmp\laqs\christos\ufeu\UFcode_nit_ter_May\scavrat.f.orig --> tmpsystem.iceht.forth.gr /home/fouskas/laqs/christos/ufeu/UFcode_nit_ter_May scavrat.f.orig
111.07.06 13:35 B d:\tmp\laqs\christos\ufeu\UFcode_nit_ter_May\scavrat.f.new --> tmpsystem.iceht.forth.gr /home/fouskas/laqs/christos/ufeu/UFcode_nit_ter_May scavrat.f.new
111.07.06 13:35 B d:\tmp\laqs\christos\ufeu\UFcode_nit_ter_May\scavrat.f --> tmpsystem.iceht.forth.gr /home/fouskas/laqs/christos/ufeu/UFcode_nit_ter_May scavrat.f
111.07.06 13:35 B d:\tmp\laqs\christos\ufeu\UFcode_nit_ter_May\readpht.f --> tmpsystem.iceht.forth.gr /home/fouskas/laqs/christos/ufeu/UFcode_nit_ter_May readpht.f
111.07.06 13:35 B d:\tmp\laqs\christos\ufeu\UFcode_nit_ter_May\readme.PMCAMxUF.txt --> tmpsystem.iceht.forth.gr /home/fouskas/laqs/christos/ufeu/UFcode_nit_ter_May readme.PMCAMxUF.txt
111.07.06 13:35 B d:\tmp\laqs\christos\ufeu\UFcode_nit_ter_May\README --> tmpsystem.iceht.forth.gr /home/fouskas/laqs/christos/ufeu/UFcode_nit_ter_May README
111.07.06 13:35 B d:\tmp\laqs\christos\ufeu\UFcode_nit_ter_May\readchm.f.old --> tmpsystem.iceht.forth.gr /home/fouskas/laqs/christos/ufeu/UFcode_nit_ter_May readchm.f.old
111.07.06 13:35 B d:\tmp\laqs\christos\ufeu\UFcode_nit_ter_May\readchm.f.jgj.43.num.2 --> tmpsystem.iceht.forth.gr /home/fouskas/laqs/christos/ufeu/UFcode_nit_ter_May readchm.f.jgj.43.num.2
111.07.06 13:35 B d:\tmp\laqs\christos\ufeu\UFcode_nit_ter_May\readchm.f.jgj.43.num --> tmpsystem.iceht.forth.gr /home/fouskas/laqs/christos/ufeu/UFcode_nit_ter_May readchm.f.jgj.43.num
111.07.06 13:35 B d:\tmp\laqs\christos\ufeu\UFcode_nit_ter_May\readchm.f.jgj.43 --> tmpsystem.iceht.forth.gr /home/fouskas/laqs/christos/ufeu/UFcode_nit_ter_May readchm.f.jgj.43
111.07.06 13:35 B d:\tmp\laqs\christos\ufeu\UFcode_nit_ter_May\readchm.f.jgj.12 --> tmpsystem.iceht.forth.gr /home/fouskas/laqs/christos/ufeu/UFcode_nit_ter_May readchm.f.jgj.12
111.07.06 13:35 B d:\tmp\laqs\christos\ufeu\UFcode_nit_ter_May\readchm.f.jgj.11 --> tmpsystem.iceht.forth.gr /home/fouskas/laqs/christos/ufeu/UFcode_nit_ter_May readchm.f.jgj.11
111.07.06 13:35 B d:\tmp\laqs\christos\ufeu\UFcode_nit_ter_May\readchm.f.jgj --> tmpsystem.iceht.forth.gr /home/fouskas/laqs/christos/ufeu/UFcode_nit_ter_May readchm.f.jgj
111.07.06 13:35 B d:\tmp\laqs\christos\ufeu\UFcode_nit_ter_May\readchm.f --> tmpsystem.iceht.forth.gr /home/fouskas/laqs/christos/ufeu/UFcode_nit_ter_May readchm.f
111.07.06 13:35 B d:\tmp\laqs\christos\ufeu\UFcode_nit_ter_May\readaho.f --> tmpsystem.iceht.forth.gr /home/fouskas/laqs/christos/ufeu/UFcode_nit_ter_May readaho.f
111.07.06 13:35 B d:\tmp\laqs\christos\ufeu\UFcode_nit_ter_May\rassgn4d.f --> tmpsystem.iceht.forth.gr /home/fouskas/laqs/christos/ufeu/UFcode_nit_ter_May rassgn4d.f
111.07.06 13:35 B d:\tmp\laqs\christos\ufeu\UFcode_nit_ter_May\rassgn3d.f --> tmpsystem.iceht.forth.gr /home/fouskas/laqs/christos/ufeu/UFcode_nit_ter_May rassgn3d.f
111.07.06 13:35 B d:\tmp\laqs\christos\ufeu\UFcode_nit_ter_May\raddrivr.f --> tmpsystem.iceht.forth.gr /home/fouskas/laqs/christos/ufeu/UFcode_nit_ter_May raddrivr.f
111.07.06 13:35 B d:\tmp\laqs\christos\ufeu\UFcode_nit_ter_May\pntprep.f --> tmpsystem.iceht.forth.gr /home/fouskas/laqs/christos/ufeu/UFcode_nit_ter_May pntprep.f
111.07.06 13:35 B d:\tmp\laqs\christos\ufeu\UFcode_nit_ter_May\plumeris.f --> tmpsystem.iceht.forth.gr /home/fouskas/laqs/christos/ufeu/UFcode_nit_ter_May plumeris.f
111.07.06 13:35 B d:\tmp\laqs\christos\ufeu\UFcode_nit_ter_May\parntchd.f --> tmpsystem.iceht.forth.gr /home/fouskas/laqs/christos/ufeu/UFcode_nit_ter_May parntchd.f
111.07.06 13:35 B d:\tmp\laqs\christos\ufeu\UFcode_nit_ter_May\numconv.f --> tmpsystem.iceht.forth.gr /home/fouskas/laqs/christos/ufeu/UFcode_nit_ter_May numconv.f
111.07.06 13:35 B d:\tmp\laqs\christos\ufeu\UFcode_nit_ter_May\nstprep.f --> tmpsystem.iceht.forth.gr /home/fouskas/laqs/christos/ufeu/UFcode_nit_ter_May nstprep.f
111.07.06 13:35 B d:\tmp\laqs\christos\ufeu\UFcode_nit_ter_May\Notes --> tmpsystem.iceht.forth.gr /home/fouskas/laqs/christos/ufeu/UFcode_nit_ter_May Notes
111.07.06 13:35 B d:\tmp\laqs\christos\ufeu\UFcode_nit_ter_May\nesting.f --> tmpsystem.iceht.forth.gr /home/fouskas/laqs/christos/ufeu/UFcode_nit_ter_May nesting.f
111.07.06 13:35 B d:\tmp\laqs\christos\ufeu\UFcode_nit_ter_May\micromet.f --> tmpsystem.iceht.forth.gr /home/fouskas/laqs/christos/ufeu/UFcode_nit_ter_May micromet.f
111.07.06 13:35 B d:\tmp\laqs\christos\ufeu\UFcode_nit_ter_May\massum.f --> tmpsystem.iceht.forth.gr /home/fouskas/laqs/christos/ufeu/UFcode_nit_ter_May massum.f
111.07.06 13:35 B d:\tmp\laqs\christos\ufeu\UFcode_nit_ter_May\Makefile.old --> tmpsystem.iceht.forth.gr /home/fouskas/laqs/christos/ufeu/UFcode_nit_ter_May Makefile.old
111.07.06 13:35 B d:\tmp\laqs\christos\ufeu\UFcode_nit_ter_May\Makefile.jgj.43.num --> tmpsystem.iceht.forth.gr /home/fouskas/laqs/christos/ufeu/UFcode_nit_ter_May Makefile.jgj.43.num
111.07.06 13:35 B d:\tmp\laqs\christos\ufeu\UFcode_nit_ter_May\Makefile.jgj.43 --> tmpsystem.iceht.forth.gr /home/fouskas/laqs/christos/ufeu/UFcode_nit_ter_May Makefile.jgj.43
111.07.06 13:35 B d:\tmp\laqs\christos\ufeu\UFcode_nit_ter_May\Makefile.jgj --> tmpsystem.iceht.forth.gr /home/fouskas/laqs/christos/ufeu/UFcode_nit_ter_May Makefile.jgj
111.07.06 13:35 B d:\tmp\laqs\christos\ufeu\UFcode_nit_ter_May\Makefile.121307 --> tmpsystem.iceht.forth.gr /home/fouskas/laqs/christos/ufeu/UFcode_nit_ter_May Makefile.121307
111.07.06 13:35 B d:\tmp\laqs\christos\ufeu\UFcode_nit_ter_May\luassgn.f --> tmpsystem.iceht.forth.gr /home/fouskas/laqs/christos/ufeu/UFcode_nit_ter_May luassgn.f
111.07.06 13:35 B d:\tmp\laqs\christos\ufeu\UFcode_nit_ter_May\lsode.f --> tmpsystem.iceht.forth.gr /home/fouskas/laqs/christos/ufeu/UFcode_nit_ter_May lsode.f
111.07.06 13:35 B d:\tmp\laqs\christos\ufeu\UFcode_nit_ter_May\linpac.f --> tmpsystem.iceht.forth.gr /home/fouskas/laqs/christos/ufeu/UFcode_nit_ter_May linpac.f
111.07.06 13:35 B d:\tmp\laqs\christos\ufeu\UFcode_nit_ter_May\LICENSE --> tmpsystem.iceht.forth.gr /home/fouskas/laqs/christos/ufeu/UFcode_nit_ter_May LICENSE
111.07.06 13:35 B d:\tmp\laqs\christos\ufeu\UFcode_nit_ter_May\lcpgeo.f --> tmpsystem.iceht.forth.gr /home/fouskas/laqs/christos/ufeu/UFcode_nit_ter_May lcpgeo.f
111.07.06 13:35 B d:\tmp\laqs\christos\ufeu\UFcode_nit_ter_May\ktherm.f --> tmpsystem.iceht.forth.gr /home/fouskas/laqs/christos/ufeu/UFcode_nit_ter_May ktherm.f
111.07.06 13:35 B d:\tmp\laqs\christos\ufeu\UFcode_nit_ter_May\kphoto.f --> tmpsystem.iceht.forth.gr /home/fouskas/laqs/christos/ufeu/UFcode_nit_ter_May kphoto.f
111.07.06 13:35 B d:\tmp\laqs\christos\ufeu\UFcode_nit_ter_May\khorz.f --> tmpsystem.iceht.forth.gr /home/fouskas/laqs/christos/ufeu/UFcode_nit_ter_May khorz.f
111.07.06 13:35 B d:\tmp\laqs\christos\ufeu\UFcode_nit_ter_May\juldate.f --> tmpsystem.iceht.forth.gr /home/fouskas/laqs/christos/ufeu/UFcode_nit_ter_May juldate.f
111.07.06 13:35 B d:\tmp\laqs\christos\ufeu\UFcode_nit_ter_May\jstlft.f --> tmpsystem.iceht.forth.gr /home/fouskas/laqs/christos/ufeu/UFcode_nit_ter_May jstlft.f
111.07.06 13:35 B d:\tmp\laqs\christos\ufeu\UFcode_nit_ter_May\istrln.f --> tmpsystem.iceht.forth.gr /home/fouskas/laqs/christos/ufeu/UFcode_nit_ter_May istrln.f
111.07.06 13:35 B d:\tmp\laqs\christos\ufeu\UFcode_nit_ter_May\intrpdat.f --> tmpsystem.iceht.forth.gr /home/fouskas/laqs/christos/ufeu/UFcode_nit_ter_May intrpdat.f
111.07.06 13:35 B d:\tmp\laqs\christos\ufeu\UFcode_nit_ter_May\intrpcnc.f --> tmpsystem.iceht.forth.gr /home/fouskas/laqs/christos/ufeu/UFcode_nit_ter_May intrpcnc.f
111.07.06 13:35 B d:\tmp\laqs\christos\ufeu\UFcode_nit_ter_May\interpv.f --> tmpsystem.iceht.forth.gr /home/fouskas/laqs/christos/ufeu/UFcode_nit_ter_May interpv.f
111.07.06 13:35 B d:\tmp\laqs\christos\ufeu\UFcode_nit_ter_May\interp2d.f --> tmpsystem.iceht.forth.gr /home/fouskas/laqs/christos/ufeu/UFcode_nit_ter_May interp2d.f
111.07.06 13:35 B d:\tmp\laqs\christos\ufeu\UFcode_nit_ter_May\iniptr.f --> tmpsystem.iceht.forth.gr /home/fouskas/laqs/christos/ufeu/UFcode_nit_ter_May iniptr.f
111.07.06 13:35 B d:\tmp\laqs\christos\ufeu\UFcode_nit_ter_May\iehsolv.f --> tmpsystem.iceht.forth.gr /home/fouskas/laqs/christos/ufeu/UFcode_nit_ter_May iehsolv.f
111.07.06 13:35 B d:\tmp\laqs\christos\ufeu\UFcode_nit_ter_May\iassgn2d.f --> tmpsystem.iceht.forth.gr /home/fouskas/laqs/christos/ufeu/UFcode_nit_ter_May iassgn2d.f
111.07.06 13:35 B d:\tmp\laqs\christos\ufeu\UFcode_nit_ter_May\hadvppm.f.save --> tmpsystem.iceht.forth.gr /home/fouskas/laqs/christos/ufeu/UFcode_nit_ter_May hadvppm.f.save
111.07.06 13:35 B d:\tmp\laqs\christos\ufeu\UFcode_nit_ter_May\hadvppm.f --> tmpsystem.iceht.forth.gr /home/fouskas/laqs/christos/ufeu/UFcode_nit_ter_May hadvppm.f
111.07.06 13:35 B d:\tmp\laqs\christos\ufeu\UFcode_nit_ter_May\hadvbot.f --> tmpsystem.iceht.forth.gr /home/fouskas/laqs/christos/ufeu/UFcode_nit_ter_May hadvbot.f
111.07.06 13:35 B d:\tmp\laqs\christos\ufeu\UFcode_nit_ter_May\getznth.f --> tmpsystem.iceht.forth.gr /home/fouskas/laqs/christos/ufeu/UFcode_nit_ter_May getznth.f
111.07.06 13:35 B d:\tmp\laqs\christos\ufeu\UFcode_nit_ter_May\getdelt.f --> tmpsystem.iceht.forth.gr /home/fouskas/laqs/christos/ufeu/UFcode_nit_ter_May getdelt.f
111.07.06 13:35 B d:\tmp\laqs\christos\ufeu\UFcode_nit_ter_May\fullaero.f.old --> tmpsystem.iceht.forth.gr /home/fouskas/laqs/christos/ufeu/UFcode_nit_ter_May fullaero.f.old
111.07.06 13:35 B d:\tmp\laqs\christos\ufeu\UFcode_nit_ter_May\finwind.f --> tmpsystem.iceht.forth.gr /home/fouskas/laqs/christos/ufeu/UFcode_nit_ter_May finwind.f
111.07.06 13:35 B d:\tmp\laqs\christos\ufeu\UFcode_nit_ter_May\fgavrg.f --> tmpsystem.iceht.forth.gr /home/fouskas/laqs/christos/ufeu/UFcode_nit_ter_May fgavrg.f
111.07.06 13:35 B d:\tmp\laqs\christos\ufeu\UFcode_nit_ter_May\exptbl.f --> tmpsystem.iceht.forth.gr /home/fouskas/laqs/christos/ufeu/UFcode_nit_ter_May exptbl.f
111.07.06 13:35 B d:\tmp\laqs\christos\ufeu\UFcode_nit_ter_May\expndlay.f --> tmpsystem.iceht.forth.gr /home/fouskas/laqs/christos/ufeu/UFcode_nit_ter_May expndlay.f
111.07.06 13:35 B d:\tmp\laqs\christos\ufeu\UFcode_nit_ter_May\emistrns.f.old --> tmpsystem.iceht.forth.gr /home/fouskas/laqs/christos/ufeu/UFcode_nit_ter_May emistrns.f.old
111.07.06 13:35 B d:\tmp\laqs\christos\ufeu\UFcode_nit_ter_May\emiss.f.old --> tmpsystem.iceht.forth.gr /home/fouskas/laqs/christos/ufeu/UFcode_nit_ter_May emiss.f.old
111.07.06 13:35 B d:\tmp\laqs\christos\ufeu\UFcode_nit_ter_May\emiss.f --> tmpsystem.iceht.forth.gr /home/fouskas/laqs/christos/ufeu/UFcode_nit_ter_May emiss.f
111.07.06 13:35 B d:\tmp\laqs\christos\ufeu\UFcode_nit_ter_May\emassign.f --> tmpsystem.iceht.forth.gr /home/fouskas/laqs/christos/ufeu/UFcode_nit_ter_May emassign.f
111.07.06 13:35 B d:\tmp\laqs\christos\ufeu\UFcode_nit_ter_May\dummy_omp.f --> tmpsystem.iceht.forth.gr /home/fouskas/laqs/christos/ufeu/UFcode_nit_ter_May dummy_omp.f
111.07.06 13:35 B d:\tmp\laqs\christos\ufeu\UFcode_nit_ter_May\dummy.f --> tmpsystem.iceht.forth.gr /home/fouskas/laqs/christos/ufeu/UFcode_nit_ter_May dummy.f
111.07.06 13:35 B d:\tmp\laqs\christos\ufeu\UFcode_nit_ter_May\drydep.f.old --> tmpsystem.iceht.forth.gr /home/fouskas/laqs/christos/ufeu/UFcode_nit_ter_May drydep.f.old
111.07.06 13:35 B d:\tmp\laqs\christos\ufeu\UFcode_nit_ter_May\drydep.f --> tmpsystem.iceht.forth.gr /home/fouskas/laqs/christos/ufeu/UFcode_nit_ter_May drydep.f
111.07.06 13:35 B d:\tmp\laqs\christos\ufeu\UFcode_nit_ter_May\diffus.f --> tmpsystem.iceht.forth.gr /home/fouskas/laqs/christos/ufeu/UFcode_nit_ter_May diffus.f
111.07.06 13:35 B d:\tmp\laqs\christos\ufeu\UFcode_nit_ter_May\depsmry.f --> tmpsystem.iceht.forth.gr /home/fouskas/laqs/christos/ufeu/UFcode_nit_ter_May depsmry.f
111.07.06 13:35 B d:\tmp\laqs\christos\ufeu\UFcode_nit_ter_May\dateerr.f --> tmpsystem.iceht.forth.gr /home/fouskas/laqs/christos/ufeu/UFcode_nit_ter_May dateerr.f
111.07.06 13:35 B d:\tmp\laqs\christos\ufeu\UFcode_nit_ter_May\cvtwind.f --> tmpsystem.iceht.forth.gr /home/fouskas/laqs/christos/ufeu/UFcode_nit_ter_May cvtwind.f
111.07.06 13:35 B d:\tmp\laqs\christos\ufeu\UFcode_nit_ter_May\cvtdate.f --> tmpsystem.iceht.forth.gr /home/fouskas/laqs/christos/ufeu/UFcode_nit_ter_May cvtdate.f
111.07.06 13:35 B d:\tmp\laqs\christos\ufeu\UFcode_nit_ter_May\cpivot.f --> tmpsystem.iceht.forth.gr /home/fouskas/laqs/christos/ufeu/UFcode_nit_ter_May cpivot.f
111.07.06 13:35 B d:\tmp\laqs\christos\ufeu\UFcode_nit_ter_May\chmprep.f --> tmpsystem.iceht.forth.gr /home/fouskas/laqs/christos/ufeu/UFcode_nit_ter_May chmprep.f
111.07.06 13:35 B d:\tmp\laqs\christos\ufeu\UFcode_nit_ter_May\chmdat.f~ --> tmpsystem.iceht.forth.gr /home/fouskas/laqs/christos/ufeu/UFcode_nit_ter_May chmdat.f~
111.07.06 13:35 B d:\tmp\laqs\christos\ufeu\UFcode_nit_ter_May\chktracer --> tmpsystem.iceht.forth.gr /home/fouskas/laqs/christos/ufeu/UFcode_nit_ter_May chktracer
111.07.06 13:35 B d:\tmp\laqs\christos\ufeu\UFcode_nit_ter_May\chemrxn.f --> tmpsystem.iceht.forth.gr /home/fouskas/laqs/christos/ufeu/UFcode_nit_ter_May chemrxn.f
111.07.06 13:35 B d:\tmp\laqs\christos\ufeu\UFcode_nit_ter_May\chemdriv.f.con.fix --> tmpsystem.iceht.forth.gr /home/fouskas/laqs/christos/ufeu/UFcode_nit_ter_May chemdriv.f.con.fix
111.07.06 13:35 B d:\tmp\laqs\christos\ufeu\UFcode_nit_ter_May\checkconc.f --> tmpsystem.iceht.forth.gr /home/fouskas/laqs/christos/ufeu/UFcode_nit_ter_May checkconc.f
111.07.06 13:35 B d:\tmp\laqs\christos\ufeu\UFcode_nit_ter_May\camxerr.f --> tmpsystem.iceht.forth.gr /home/fouskas/laqs/christos/ufeu/UFcode_nit_ter_May camxerr.f
111.07.06 13:35 B d:\tmp\laqs\christos\ufeu\UFcode_nit_ter_May\CAMx2dman.f --> tmpsystem.iceht.forth.gr /home/fouskas/laqs/christos/ufeu/UFcode_nit_ter_May CAMx2dman.f
111.07.06 13:35 B d:\tmp\laqs\christos\ufeu\UFcode_nit_ter_May\CAMx.in --> tmpsystem.iceht.forth.gr /home/fouskas/laqs/christos/ufeu/UFcode_nit_ter_May CAMx.in
111.07.06 13:35 B d:\tmp\laqs\christos\ufeu\UFcode_nit_ter_May\caldate.f --> tmpsystem.iceht.forth.gr /home/fouskas/laqs/christos/ufeu/UFcode_nit_ter_May caldate.f
111.07.06 13:35 B d:\tmp\laqs\christos\ufeu\UFcode_nit_ter_May\bcmodfy.f --> tmpsystem.iceht.forth.gr /home/fouskas/laqs/christos/ufeu/UFcode_nit_ter_May bcmodfy.f
111.07.06 13:35 B d:\tmp\laqs\christos\ufeu\UFcode_nit_ter_May\bc1grd.f --> tmpsystem.iceht.forth.gr /home/fouskas/laqs/christos/ufeu/UFcode_nit_ter_May bc1grd.f
111.07.06 13:35 B d:\tmp\laqs\christos\ufeu\UFcode_nit_ter_May\average.f --> tmpsystem.iceht.forth.gr /home/fouskas/laqs/christos/ufeu/UFcode_nit_ter_May average.f
111.07.06 13:35 B d:\tmp\laqs\christos\ufeu\UFcode_nit_ter_May\areag.f --> tmpsystem.iceht.forth.gr /home/fouskas/laqs/christos/ufeu/UFcode_nit_ter_May areag.f
111.07.06 13:35 B d:\tmp\laqs\christos\ufeu\UFcode_nit_ter_May\ahoprep.f --> tmpsystem.iceht.forth.gr /home/fouskas/laqs/christos/ufeu/UFcode_nit_ter_May ahoprep.f
111.07.06 13:35 B d:\tmp\laqs\christos\ufeu\UFcode_nit_ter_May\aggreg.f --> tmpsystem.iceht.forth.gr /home/fouskas/laqs/christos/ufeu/UFcode_nit_ter_May aggreg.f
111.07.06 13:35 B d:\tmp\laqs\christos\ufeu\UFcode_nit_ter_May\aggr00.f --> tmpsystem.iceht.forth.gr /home/fouskas/laqs/christos/ufeu/UFcode_nit_ter_May aggr00.f
111.07.06 13:35 B d:\tmp\laqs\christos\ufeu\UFcode_nit_ter_May\aggdep.f --> tmpsystem.iceht.forth.gr /home/fouskas/laqs/christos/ufeu/UFcode_nit_ter_May aggdep.f
111.07.06 13:35 B d:\tmp\laqs\christos\ufeu\UFcode_nit_ter_May\aeroset.f.wo.aq.wo.aero --> tmpsystem.iceht.forth.gr /home/fouskas/laqs/christos/ufeu/UFcode_nit_ter_May aeroset.f.wo.aq.wo.aero
111.07.06 13:35 B d:\tmp\laqs\christos\ufeu\UFcode_nit_ter_May\aeroset.f.wo.aq.w.aero --> tmpsystem.iceht.forth.gr /home/fouskas/laqs/christos/ufeu/UFcode_nit_ter_May aeroset.f.wo.aq.w.aero
111.07.06 13:35 B d:\tmp\laqs\christos\ufeu\UFcode_nit_ter_May\aeroset.f.w.aq.wo.aero --> tmpsystem.iceht.forth.gr /home/fouskas/laqs/christos/ufeu/UFcode_nit_ter_May aeroset.f.w.aq.wo.aero
111.07.06 13:35 B d:\tmp\laqs\christos\ufeu\UFcode_nit_ter_May\aeroset.f.old --> tmpsystem.iceht.forth.gr /home/fouskas/laqs/christos/ufeu/UFcode_nit_ter_May aeroset.f.old
111.07.06 13:35 B d:\tmp\laqs\christos\ufeu\UFcode_nit_ter_May\aeroset.f --> tmpsystem.iceht.forth.gr /home/fouskas/laqs/christos/ufeu/UFcode_nit_ter_May aeroset.f
111.07.06 13:35 B d:\tmp\laqs\christos\ufeu\UFcode_nit_ter_May\aerochem.f --> tmpsystem.iceht.forth.gr /home/fouskas/laqs/christos/ufeu/UFcode_nit_ter_May aerochem.f
