111.07.06 13:34 B d:\tmp\laqs\christos\ufeu\UFcode_nit_ter_May\DMAN\nonuse\DMANold\stiff.f --> tmpsystem.iceht.forth.gr /home/fouskas/laqs/christos/ufeu/UFcode_nit_ter_May/DMAN/nonuse/DMANold stiff.f
111.07.06 13:34 B d:\tmp\laqs\christos\ufeu\UFcode_nit_ter_May\DMAN\nonuse\DMANold\startup.f --> tmpsystem.iceht.forth.gr /home/fouskas/laqs/christos/ufeu/UFcode_nit_ter_May/DMAN/nonuse/DMANold startup.f
111.07.06 13:34 B d:\tmp\laqs\christos\ufeu\UFcode_nit_ter_May\DMAN\nonuse\DMANold\so4cond.f.saved --> tmpsystem.iceht.forth.gr /home/fouskas/laqs/christos/ufeu/UFcode_nit_ter_May/DMAN/nonuse/DMANold so4cond.f.saved
111.07.06 13:34 B d:\tmp\laqs\christos\ufeu\UFcode_nit_ter_May\DMAN\nonuse\DMANold\rkqs.f --> tmpsystem.iceht.forth.gr /home/fouskas/laqs/christos/ufeu/UFcode_nit_ter_May/DMAN/nonuse/DMANold rkqs.f
111.07.06 13:34 B d:\tmp\laqs\christos\ufeu\UFcode_nit_ter_May\DMAN\nonuse\DMANold\readinput.f --> tmpsystem.iceht.forth.gr /home/fouskas/laqs/christos/ufeu/UFcode_nit_ter_May/DMAN/nonuse/DMANold readinput.f
111.07.06 13:34 B d:\tmp\laqs\christos\ufeu\UFcode_nit_ter_May\DMAN\nonuse\DMANold\printf.f --> tmpsystem.iceht.forth.gr /home/fouskas/laqs/christos/ufeu/UFcode_nit_ter_May/DMAN/nonuse/DMANold printf.f
111.07.06 13:34 B d:\tmp\laqs\christos\ufeu\UFcode_nit_ter_May\DMAN\nonuse\DMANold\pn2Nk.f --> tmpsystem.iceht.forth.gr /home/fouskas/laqs/christos/ufeu/UFcode_nit_ter_May/DMAN/nonuse/DMANold pn2Nk.f
111.07.06 13:34 B d:\tmp\laqs\christos\ufeu\UFcode_nit_ter_May\DMAN\nonuse\DMANold\odeint.f --> tmpsystem.iceht.forth.gr /home/fouskas/laqs/christos/ufeu/UFcode_nit_ter_May/DMAN/nonuse/DMANold odeint.f
111.07.06 13:34 B d:\tmp\laqs\christos\ufeu\UFcode_nit_ter_May\DMAN\nonuse\DMANold\nucl_sub.f --> tmpsystem.iceht.forth.gr /home/fouskas/laqs/christos/ufeu/UFcode_nit_ter_May/DMAN/nonuse/DMANold nucl_sub.f
111.07.06 13:34 B d:\tmp\laqs\christos\ufeu\UFcode_nit_ter_May\DMAN\nonuse\DMANold\Nk2pn.f --> tmpsystem.iceht.forth.gr /home/fouskas/laqs/christos/ufeu/UFcode_nit_ter_May/DMAN/nonuse/DMANold Nk2pn.f
111.07.06 13:34 B d:\tmp\laqs\christos\ufeu\UFcode_nit_ter_May\DMAN\nonuse\DMANold\neutral.f --> tmpsystem.iceht.forth.gr /home/fouskas/laqs/christos/ufeu/UFcode_nit_ter_May/DMAN/nonuse/DMANold neutral.f
111.07.06 13:34 B d:\tmp\laqs\christos\ufeu\UFcode_nit_ter_May\DMAN\nonuse\DMANold\Mtot_sub.f --> tmpsystem.iceht.forth.gr /home/fouskas/laqs/christos/ufeu/UFcode_nit_ter_May/DMAN/nonuse/DMANold Mtot_sub.f
111.07.06 13:34 B d:\tmp\laqs\christos\ufeu\UFcode_nit_ter_May\DMAN\nonuse\DMANold\ludcmp.f --> tmpsystem.iceht.forth.gr /home/fouskas/laqs/christos/ufeu/UFcode_nit_ter_May/DMAN/nonuse/DMANold ludcmp.f
111.07.06 13:34 B d:\tmp\laqs\christos\ufeu\UFcode_nit_ter_May\DMAN\nonuse\DMANold\lubksb.f --> tmpsystem.iceht.forth.gr /home/fouskas/laqs/christos/ufeu/UFcode_nit_ter_May/DMAN/nonuse/DMANold lubksb.f
111.07.06 13:34 B d:\tmp\laqs\christos\ufeu\UFcode_nit_ter_May\DMAN\nonuse\DMANold\lognorm.f --> tmpsystem.iceht.forth.gr /home/fouskas/laqs/christos/ufeu/UFcode_nit_ter_May/DMAN/nonuse/DMANold lognorm.f
111.07.06 13:34 B d:\tmp\laqs\christos\ufeu\UFcode_nit_ter_May\DMAN\nonuse\DMANold\jacobn.f --> tmpsystem.iceht.forth.gr /home/fouskas/laqs/christos/ufeu/UFcode_nit_ter_May/DMAN/nonuse/DMANold jacobn.f
111.07.06 13:34 B d:\tmp\laqs\christos\ufeu\UFcode_nit_ter_May\DMAN\nonuse\DMANold\ion_nucl.f --> tmpsystem.iceht.forth.gr /home/fouskas/laqs/christos/ufeu/UFcode_nit_ter_May/DMAN/nonuse/DMANold ion_nucl.f
111.07.06 13:34 B d:\tmp\laqs\christos\ufeu\UFcode_nit_ter_May\DMAN\nonuse\DMANold\initconv.f --> tmpsystem.iceht.forth.gr /home/fouskas/laqs/christos/ufeu/UFcode_nit_ter_May/DMAN/nonuse/DMANold initconv.f
111.07.06 13:34 B d:\tmp\laqs\christos\ufeu\UFcode_nit_ter_May\DMAN\nonuse\DMANold\gas.f --> tmpsystem.iceht.forth.gr /home/fouskas/laqs/christos/ufeu/UFcode_nit_ter_May/DMAN/nonuse/DMANold gas.f
111.07.06 13:35 B d:\tmp\laqs\christos\ufeu\UFcode_nit_ter_May\DMAN\nonuse\DMANold\frame.f --> tmpsystem.iceht.forth.gr /home/fouskas/laqs/christos/ufeu/UFcode_nit_ter_May/DMAN/nonuse/DMANold frame.f
111.07.06 13:35 B d:\tmp\laqs\christos\ufeu\UFcode_nit_ter_May\DMAN\nonuse\DMANold\ext_diesel.f --> tmpsystem.iceht.forth.gr /home/fouskas/laqs/christos/ufeu/UFcode_nit_ter_May/DMAN/nonuse/DMANold ext_diesel.f
111.07.06 13:35 B d:\tmp\laqs\christos\ufeu\UFcode_nit_ter_May\DMAN\nonuse\DMANold\experiment.f --> tmpsystem.iceht.forth.gr /home/fouskas/laqs/christos/ufeu/UFcode_nit_ter_May/DMAN/nonuse/DMANold experiment.f
111.07.06 13:35 B d:\tmp\laqs\christos\ufeu\UFcode_nit_ter_May\DMAN\nonuse\DMANold\derivnucl.f --> tmpsystem.iceht.forth.gr /home/fouskas/laqs/christos/ufeu/UFcode_nit_ter_May/DMAN/nonuse/DMANold derivnucl.f
