111.07.06 13:35 B d:\tmp\laqs\christos\ufeu\UFcode_nit_ter_May\DMAN\cond_nuc_PSSA\waterso4.o --> tmpsystem.iceht.forth.gr /home/fouskas/laqs/christos/ufeu/UFcode_nit_ter_May/DMAN/cond_nuc_PSSA waterso4.o
111.07.06 13:35 B d:\tmp\laqs\christos\ufeu\UFcode_nit_ter_May\DMAN\cond_nuc_PSSA\waternacl.o --> tmpsystem.iceht.forth.gr /home/fouskas/laqs/christos/ufeu/UFcode_nit_ter_May/DMAN/cond_nuc_PSSA waternacl.o
111.07.06 13:35 B d:\tmp\laqs\christos\ufeu\UFcode_nit_ter_May\DMAN\cond_nuc_PSSA\vehk_nucl.o --> tmpsystem.iceht.forth.gr /home/fouskas/laqs/christos/ufeu/UFcode_nit_ter_May/DMAN/cond_nuc_PSSA vehk_nucl.o
111.07.06 13:35 B d:\tmp\laqs\christos\ufeu\UFcode_nit_ter_May\DMAN\cond_nuc_PSSA\nucleation.o --> tmpsystem.iceht.forth.gr /home/fouskas/laqs/christos/ufeu/UFcode_nit_ter_May/DMAN/cond_nuc_PSSA nucleation.o
111.07.06 13:35 B d:\tmp\laqs\christos\ufeu\UFcode_nit_ter_May\DMAN\cond_nuc_PSSA\napa_nucl.o --> tmpsystem.iceht.forth.gr /home/fouskas/laqs/christos/ufeu/UFcode_nit_ter_May/DMAN/cond_nuc_PSSA napa_nucl.o
111.07.06 13:35 B d:\tmp\laqs\christos\ufeu\UFcode_nit_ter_May\DMAN\cond_nuc_PSSA\mnfix_PSSA.o --> tmpsystem.iceht.forth.gr /home/fouskas/laqs/christos/ufeu/UFcode_nit_ter_May/DMAN/cond_nuc_PSSA mnfix_PSSA.o
111.07.06 13:35 B d:\tmp\laqs\christos\ufeu\UFcode_nit_ter_May\DMAN\cond_nuc_PSSA\getNucRate.o --> tmpsystem.iceht.forth.gr /home/fouskas/laqs/christos/ufeu/UFcode_nit_ter_May/DMAN/cond_nuc_PSSA getNucRate.o
111.07.06 13:35 B d:\tmp\laqs\christos\ufeu\UFcode_nit_ter_May\DMAN\cond_nuc_PSSA\getH2SO4conc.o --> tmpsystem.iceht.forth.gr /home/fouskas/laqs/christos/ufeu/UFcode_nit_ter_May/DMAN/cond_nuc_PSSA getH2SO4conc.o
111.07.06 13:35 B d:\tmp\laqs\christos\ufeu\UFcode_nit_ter_May\DMAN\cond_nuc_PSSA\getCondSink.o --> tmpsystem.iceht.forth.gr /home/fouskas/laqs/christos/ufeu/UFcode_nit_ter_May/DMAN/cond_nuc_PSSA getCondSink.o
111.07.06 13:35 B d:\tmp\laqs\christos\ufeu\UFcode_nit_ter_May\DMAN\cond_nuc_PSSA\ezwatereqm.o --> tmpsystem.iceht.forth.gr /home/fouskas/laqs/christos/ufeu/UFcode_nit_ter_May/DMAN/cond_nuc_PSSA ezwatereqm.o
111.07.06 13:35 B d:\tmp\laqs\christos\ufeu\UFcode_nit_ter_May\DMAN\cond_nuc_PSSA\eznh3eqm.o --> tmpsystem.iceht.forth.gr /home/fouskas/laqs/christos/ufeu/UFcode_nit_ter_May/DMAN/cond_nuc_PSSA eznh3eqm.o
111.07.06 13:35 B d:\tmp\laqs\christos\ufeu\UFcode_nit_ter_May\DMAN\cond_nuc_PSSA\eznh3.o --> tmpsystem.iceht.forth.gr /home/fouskas/laqs/christos/ufeu/UFcode_nit_ter_May/DMAN/cond_nuc_PSSA eznh3.o
111.07.06 13:35 B d:\tmp\laqs\christos\ufeu\UFcode_nit_ter_May\DMAN\cond_nuc_PSSA\ezcond.o --> tmpsystem.iceht.forth.gr /home/fouskas/laqs/christos/ufeu/UFcode_nit_ter_May/DMAN/cond_nuc_PSSA ezcond.o
111.07.06 13:35 B d:\tmp\laqs\christos\ufeu\UFcode_nit_ter_May\DMAN\cond_nuc_PSSA\cond_nuc.o --> tmpsystem.iceht.forth.gr /home/fouskas/laqs/christos/ufeu/UFcode_nit_ter_May/DMAN/cond_nuc_PSSA cond_nuc.o
111.07.06 13:35 B d:\tmp\laqs\christos\ufeu\UFcode_nit_ter_May\DMAN\cond_nuc_PSSA\aerodens_PSSA.o --> tmpsystem.iceht.forth.gr /home/fouskas/laqs/christos/ufeu/UFcode_nit_ter_May/DMAN/cond_nuc_PSSA aerodens_PSSA.o
111.07.06 13:35 B d:\tmp\laqs\christos\ufeu\UFcode_nit_ter_May\DMAN\cond_nuc_PSSA\napa_nucl.f --> tmpsystem.iceht.forth.gr /home/fouskas/laqs/christos/ufeu/UFcode_nit_ter_May/DMAN/cond_nuc_PSSA napa_nucl.f
111.07.06 13:35 B d:\tmp\laqs\christos\ufeu\UFcode_nit_ter_May\DMAN\cond_nuc_PSSA\getH2SO4conc.f --> tmpsystem.iceht.forth.gr /home/fouskas/laqs/christos/ufeu/UFcode_nit_ter_May/DMAN/cond_nuc_PSSA getH2SO4conc.f
111.07.06 13:35 B d:\tmp\laqs\christos\ufeu\UFcode_nit_ter_May\DMAN\cond_nuc_PSSA\waterso4.f --> tmpsystem.iceht.forth.gr /home/fouskas/laqs/christos/ufeu/UFcode_nit_ter_May/DMAN/cond_nuc_PSSA waterso4.f
111.07.06 13:35 B d:\tmp\laqs\christos\ufeu\UFcode_nit_ter_May\DMAN\cond_nuc_PSSA\waternacl.f --> tmpsystem.iceht.forth.gr /home/fouskas/laqs/christos/ufeu/UFcode_nit_ter_May/DMAN/cond_nuc_PSSA waternacl.f
111.07.06 13:35 B d:\tmp\laqs\christos\ufeu\UFcode_nit_ter_May\DMAN\cond_nuc_PSSA\vehk_nucl.f --> tmpsystem.iceht.forth.gr /home/fouskas/laqs/christos/ufeu/UFcode_nit_ter_May/DMAN/cond_nuc_PSSA vehk_nucl.f
111.07.06 13:35 B d:\tmp\laqs\christos\ufeu\UFcode_nit_ter_May\DMAN\cond_nuc_PSSA\nucleation.f --> tmpsystem.iceht.forth.gr /home/fouskas/laqs/christos/ufeu/UFcode_nit_ter_May/DMAN/cond_nuc_PSSA nucleation.f
111.07.06 13:35 B d:\tmp\laqs\christos\ufeu\UFcode_nit_ter_May\DMAN\cond_nuc_PSSA\mnfix_PSSA.f --> tmpsystem.iceht.forth.gr /home/fouskas/laqs/christos/ufeu/UFcode_nit_ter_May/DMAN/cond_nuc_PSSA mnfix_PSSA.f
111.07.06 13:35 B d:\tmp\laqs\christos\ufeu\UFcode_nit_ter_May\DMAN\cond_nuc_PSSA\getNucRate.f --> tmpsystem.iceht.forth.gr /home/fouskas/laqs/christos/ufeu/UFcode_nit_ter_May/DMAN/cond_nuc_PSSA getNucRate.f
111.07.06 13:35 B d:\tmp\laqs\christos\ufeu\UFcode_nit_ter_May\DMAN\cond_nuc_PSSA\getCondSink.f --> tmpsystem.iceht.forth.gr /home/fouskas/laqs/christos/ufeu/UFcode_nit_ter_May/DMAN/cond_nuc_PSSA getCondSink.f
111.07.06 13:35 B d:\tmp\laqs\christos\ufeu\UFcode_nit_ter_May\DMAN\cond_nuc_PSSA\ezwatereqm.f --> tmpsystem.iceht.forth.gr /home/fouskas/laqs/christos/ufeu/UFcode_nit_ter_May/DMAN/cond_nuc_PSSA ezwatereqm.f
111.07.06 13:35 B d:\tmp\laqs\christos\ufeu\UFcode_nit_ter_May\DMAN\cond_nuc_PSSA\eznh3eqm.f --> tmpsystem.iceht.forth.gr /home/fouskas/laqs/christos/ufeu/UFcode_nit_ter_May/DMAN/cond_nuc_PSSA eznh3eqm.f
111.07.06 13:35 B d:\tmp\laqs\christos\ufeu\UFcode_nit_ter_May\DMAN\cond_nuc_PSSA\eznh3.f --> tmpsystem.iceht.forth.gr /home/fouskas/laqs/christos/ufeu/UFcode_nit_ter_May/DMAN/cond_nuc_PSSA eznh3.f
111.07.06 13:35 B d:\tmp\laqs\christos\ufeu\UFcode_nit_ter_May\DMAN\cond_nuc_PSSA\ezcond.f --> tmpsystem.iceht.forth.gr /home/fouskas/laqs/christos/ufeu/UFcode_nit_ter_May/DMAN/cond_nuc_PSSA ezcond.f
111.07.06 13:35 B d:\tmp\laqs\christos\ufeu\UFcode_nit_ter_May\DMAN\cond_nuc_PSSA\cond_nuc.f --> tmpsystem.iceht.forth.gr /home/fouskas/laqs/christos/ufeu/UFcode_nit_ter_May/DMAN/cond_nuc_PSSA cond_nuc.f
111.07.06 13:35 B d:\tmp\laqs\christos\ufeu\UFcode_nit_ter_May\DMAN\cond_nuc_PSSA\aerodens_PSSA.f --> tmpsystem.iceht.forth.gr /home/fouskas/laqs/christos/ufeu/UFcode_nit_ter_May/DMAN/cond_nuc_PSSA aerodens_PSSA.f
