111.07.05 11:22 B d:\tmp\laqs\christos\ufeu\UFcode_nit_ter_May\Rtrac\wrrcprt.o --> tmpsystem.iceht.forth.gr /home/fouskas/laqs/christos/ufeu/UFcode_nit_ter_May/Rtrac wrrcprt.o
111.07.05 11:22 B d:\tmp\laqs\christos\ufeu\UFcode_nit_ter_May\Rtrac\wetdeprt.o --> tmpsystem.iceht.forth.gr /home/fouskas/laqs/christos/ufeu/UFcode_nit_ter_May/Rtrac wetdeprt.o
111.07.05 11:22 B d:\tmp\laqs\christos\ufeu\UFcode_nit_ter_May\Rtrac\startrt.o --> tmpsystem.iceht.forth.gr /home/fouskas/laqs/christos/ufeu/UFcode_nit_ter_May/Rtrac startrt.o
111.07.05 11:22 B d:\tmp\laqs\christos\ufeu\UFcode_nit_ter_May\Rtrac\rdrcprt.o --> tmpsystem.iceht.forth.gr /home/fouskas/laqs/christos/ufeu/UFcode_nit_ter_May/Rtrac rdrcprt.o
111.07.05 11:22 B d:\tmp\laqs\christos\ufeu\UFcode_nit_ter_May\Rtrac\rdptrt.o --> tmpsystem.iceht.forth.gr /home/fouskas/laqs/christos/ufeu/UFcode_nit_ter_May/Rtrac rdptrt.o
111.07.05 11:22 B d:\tmp\laqs\christos\ufeu\UFcode_nit_ter_May\Rtrac\rdicrt.o --> tmpsystem.iceht.forth.gr /home/fouskas/laqs/christos/ufeu/UFcode_nit_ter_May/Rtrac rdicrt.o
111.07.05 11:22 B d:\tmp\laqs\christos\ufeu\UFcode_nit_ter_May\Rtrac\rdchmrt.o --> tmpsystem.iceht.forth.gr /home/fouskas/laqs/christos/ufeu/UFcode_nit_ter_May/Rtrac rdchmrt.o
111.07.05 11:22 B d:\tmp\laqs\christos\ufeu\UFcode_nit_ter_May\Rtrac\rdbcrt.o --> tmpsystem.iceht.forth.gr /home/fouskas/laqs/christos/ufeu/UFcode_nit_ter_May/Rtrac rdbcrt.o
111.07.05 11:22 B d:\tmp\laqs\christos\ufeu\UFcode_nit_ter_May\Rtrac\rdarrt.o --> tmpsystem.iceht.forth.gr /home/fouskas/laqs/christos/ufeu/UFcode_nit_ter_May/Rtrac rdarrt.o
111.07.05 11:22 B d:\tmp\laqs\christos\ufeu\UFcode_nit_ter_May\Rtrac\hdrcprt.o --> tmpsystem.iceht.forth.gr /home/fouskas/laqs/christos/ufeu/UFcode_nit_ter_May/Rtrac hdrcprt.o
111.07.05 11:22 B d:\tmp\laqs\christos\ufeu\UFcode_nit_ter_May\Rtrac\empreprt.o --> tmpsystem.iceht.forth.gr /home/fouskas/laqs/christos/ufeu/UFcode_nit_ter_May/Rtrac empreprt.o
111.07.05 11:22 B d:\tmp\laqs\christos\ufeu\UFcode_nit_ter_May\Rtrac\drydeprt.o --> tmpsystem.iceht.forth.gr /home/fouskas/laqs/christos/ufeu/UFcode_nit_ter_May/Rtrac drydeprt.o
111.07.05 11:22 B d:\tmp\laqs\christos\ufeu\UFcode_nit_ter_May\Rtrac\cvticrt.o --> tmpsystem.iceht.forth.gr /home/fouskas/laqs/christos/ufeu/UFcode_nit_ter_May/Rtrac cvticrt.o
111.07.05 11:22 B d:\tmp\laqs\christos\ufeu\UFcode_nit_ter_May\Rtrac\chemrt.o --> tmpsystem.iceht.forth.gr /home/fouskas/laqs/christos/ufeu/UFcode_nit_ter_May/Rtrac chemrt.o
111.07.05 11:22 B d:\tmp\laqs\christos\ufeu\UFcode_nit_ter_May\Rtrac\wrrcprt.f --> tmpsystem.iceht.forth.gr /home/fouskas/laqs/christos/ufeu/UFcode_nit_ter_May/Rtrac wrrcprt.f
111.07.05 11:22 B d:\tmp\laqs\christos\ufeu\UFcode_nit_ter_May\Rtrac\wetdeprt.f --> tmpsystem.iceht.forth.gr /home/fouskas/laqs/christos/ufeu/UFcode_nit_ter_May/Rtrac wetdeprt.f
111.07.05 11:22 B d:\tmp\laqs\christos\ufeu\UFcode_nit_ter_May\Rtrac\startrt.f --> tmpsystem.iceht.forth.gr /home/fouskas/laqs/christos/ufeu/UFcode_nit_ter_May/Rtrac startrt.f
111.07.05 11:22 B d:\tmp\laqs\christos\ufeu\UFcode_nit_ter_May\Rtrac\rdrcprt.f --> tmpsystem.iceht.forth.gr /home/fouskas/laqs/christos/ufeu/UFcode_nit_ter_May/Rtrac rdrcprt.f
111.07.05 11:22 B d:\tmp\laqs\christos\ufeu\UFcode_nit_ter_May\Rtrac\rdptrt.f --> tmpsystem.iceht.forth.gr /home/fouskas/laqs/christos/ufeu/UFcode_nit_ter_May/Rtrac rdptrt.f
111.07.05 11:22 B d:\tmp\laqs\christos\ufeu\UFcode_nit_ter_May\Rtrac\rdicrt.f --> tmpsystem.iceht.forth.gr /home/fouskas/laqs/christos/ufeu/UFcode_nit_ter_May/Rtrac rdicrt.f
111.07.05 11:22 B d:\tmp\laqs\christos\ufeu\UFcode_nit_ter_May\Rtrac\rdchmrt.f --> tmpsystem.iceht.forth.gr /home/fouskas/laqs/christos/ufeu/UFcode_nit_ter_May/Rtrac rdchmrt.f
111.07.05 11:22 B d:\tmp\laqs\christos\ufeu\UFcode_nit_ter_May\Rtrac\rdbcrt.f --> tmpsystem.iceht.forth.gr /home/fouskas/laqs/christos/ufeu/UFcode_nit_ter_May/Rtrac rdbcrt.f
111.07.05 11:22 B d:\tmp\laqs\christos\ufeu\UFcode_nit_ter_May\Rtrac\rdarrt.f --> tmpsystem.iceht.forth.gr /home/fouskas/laqs/christos/ufeu/UFcode_nit_ter_May/Rtrac rdarrt.f
111.07.05 11:22 B d:\tmp\laqs\christos\ufeu\UFcode_nit_ter_May\Rtrac\hdrcprt.f --> tmpsystem.iceht.forth.gr /home/fouskas/laqs/christos/ufeu/UFcode_nit_ter_May/Rtrac hdrcprt.f
111.07.05 11:22 B d:\tmp\laqs\christos\ufeu\UFcode_nit_ter_May\Rtrac\empreprt.f --> tmpsystem.iceht.forth.gr /home/fouskas/laqs/christos/ufeu/UFcode_nit_ter_May/Rtrac empreprt.f
111.07.05 11:22 B d:\tmp\laqs\christos\ufeu\UFcode_nit_ter_May\Rtrac\drydeprt.f --> tmpsystem.iceht.forth.gr /home/fouskas/laqs/christos/ufeu/UFcode_nit_ter_May/Rtrac drydeprt.f
111.07.05 11:22 B d:\tmp\laqs\christos\ufeu\UFcode_nit_ter_May\Rtrac\cvticrt.f --> tmpsystem.iceht.forth.gr /home/fouskas/laqs/christos/ufeu/UFcode_nit_ter_May/Rtrac cvticrt.f
111.07.05 11:22 B d:\tmp\laqs\christos\ufeu\UFcode_nit_ter_May\Rtrac\chemrt.f --> tmpsystem.iceht.forth.gr /home/fouskas/laqs/christos/ufeu/UFcode_nit_ter_May/Rtrac chemrt.f
111.07.06 13:34 B d:\tmp\laqs\christos\ufeu\UFcode_nit_ter_May\Rtrac\WS_FTP.LOG --> tmpsystem.iceht.forth.gr /home/fouskas/laqs/christos/ufeu/UFcode_nit_ter_May/Rtrac WS_FTP.LOG
111.07.06 13:34 B d:\tmp\laqs\christos\ufeu\UFcode_nit_ter_May\Rtrac\wrrcprt.o --> tmpsystem.iceht.forth.gr /home/fouskas/laqs/christos/ufeu/UFcode_nit_ter_May/Rtrac wrrcprt.o
111.07.06 13:34 B d:\tmp\laqs\christos\ufeu\UFcode_nit_ter_May\Rtrac\wetdeprt.o --> tmpsystem.iceht.forth.gr /home/fouskas/laqs/christos/ufeu/UFcode_nit_ter_May/Rtrac wetdeprt.o
111.07.06 13:34 B d:\tmp\laqs\christos\ufeu\UFcode_nit_ter_May\Rtrac\startrt.o --> tmpsystem.iceht.forth.gr /home/fouskas/laqs/christos/ufeu/UFcode_nit_ter_May/Rtrac startrt.o
111.07.06 13:34 B d:\tmp\laqs\christos\ufeu\UFcode_nit_ter_May\Rtrac\rdrcprt.o --> tmpsystem.iceht.forth.gr /home/fouskas/laqs/christos/ufeu/UFcode_nit_ter_May/Rtrac rdrcprt.o
111.07.06 13:34 B d:\tmp\laqs\christos\ufeu\UFcode_nit_ter_May\Rtrac\rdptrt.o --> tmpsystem.iceht.forth.gr /home/fouskas/laqs/christos/ufeu/UFcode_nit_ter_May/Rtrac rdptrt.o
111.07.06 13:34 B d:\tmp\laqs\christos\ufeu\UFcode_nit_ter_May\Rtrac\rdicrt.o --> tmpsystem.iceht.forth.gr /home/fouskas/laqs/christos/ufeu/UFcode_nit_ter_May/Rtrac rdicrt.o
111.07.06 13:34 B d:\tmp\laqs\christos\ufeu\UFcode_nit_ter_May\Rtrac\rdchmrt.o --> tmpsystem.iceht.forth.gr /home/fouskas/laqs/christos/ufeu/UFcode_nit_ter_May/Rtrac rdchmrt.o
111.07.06 13:34 B d:\tmp\laqs\christos\ufeu\UFcode_nit_ter_May\Rtrac\rdbcrt.o --> tmpsystem.iceht.forth.gr /home/fouskas/laqs/christos/ufeu/UFcode_nit_ter_May/Rtrac rdbcrt.o
111.07.06 13:34 B d:\tmp\laqs\christos\ufeu\UFcode_nit_ter_May\Rtrac\rdarrt.o --> tmpsystem.iceht.forth.gr /home/fouskas/laqs/christos/ufeu/UFcode_nit_ter_May/Rtrac rdarrt.o
111.07.06 13:34 B d:\tmp\laqs\christos\ufeu\UFcode_nit_ter_May\Rtrac\hdrcprt.o --> tmpsystem.iceht.forth.gr /home/fouskas/laqs/christos/ufeu/UFcode_nit_ter_May/Rtrac hdrcprt.o
111.07.06 13:34 B d:\tmp\laqs\christos\ufeu\UFcode_nit_ter_May\Rtrac\empreprt.o --> tmpsystem.iceht.forth.gr /home/fouskas/laqs/christos/ufeu/UFcode_nit_ter_May/Rtrac empreprt.o
111.07.06 13:34 B d:\tmp\laqs\christos\ufeu\UFcode_nit_ter_May\Rtrac\drydeprt.o --> tmpsystem.iceht.forth.gr /home/fouskas/laqs/christos/ufeu/UFcode_nit_ter_May/Rtrac drydeprt.o
111.07.06 13:34 B d:\tmp\laqs\christos\ufeu\UFcode_nit_ter_May\Rtrac\cvticrt.o --> tmpsystem.iceht.forth.gr /home/fouskas/laqs/christos/ufeu/UFcode_nit_ter_May/Rtrac cvticrt.o
111.07.06 13:34 B d:\tmp\laqs\christos\ufeu\UFcode_nit_ter_May\Rtrac\chemrt.o --> tmpsystem.iceht.forth.gr /home/fouskas/laqs/christos/ufeu/UFcode_nit_ter_May/Rtrac chemrt.o
111.07.06 13:34 B d:\tmp\laqs\christos\ufeu\UFcode_nit_ter_May\Rtrac\wrrcprt.f --> tmpsystem.iceht.forth.gr /home/fouskas/laqs/christos/ufeu/UFcode_nit_ter_May/Rtrac wrrcprt.f
111.07.06 13:34 B d:\tmp\laqs\christos\ufeu\UFcode_nit_ter_May\Rtrac\wetdeprt.f --> tmpsystem.iceht.forth.gr /home/fouskas/laqs/christos/ufeu/UFcode_nit_ter_May/Rtrac wetdeprt.f
111.07.06 13:34 B d:\tmp\laqs\christos\ufeu\UFcode_nit_ter_May\Rtrac\startrt.f --> tmpsystem.iceht.forth.gr /home/fouskas/laqs/christos/ufeu/UFcode_nit_ter_May/Rtrac startrt.f
111.07.06 13:34 B d:\tmp\laqs\christos\ufeu\UFcode_nit_ter_May\Rtrac\rdrcprt.f --> tmpsystem.iceht.forth.gr /home/fouskas/laqs/christos/ufeu/UFcode_nit_ter_May/Rtrac rdrcprt.f
111.07.06 13:34 B d:\tmp\laqs\christos\ufeu\UFcode_nit_ter_May\Rtrac\rdptrt.f --> tmpsystem.iceht.forth.gr /home/fouskas/laqs/christos/ufeu/UFcode_nit_ter_May/Rtrac rdptrt.f
111.07.06 13:34 B d:\tmp\laqs\christos\ufeu\UFcode_nit_ter_May\Rtrac\rdicrt.f --> tmpsystem.iceht.forth.gr /home/fouskas/laqs/christos/ufeu/UFcode_nit_ter_May/Rtrac rdicrt.f
111.07.06 13:34 B d:\tmp\laqs\christos\ufeu\UFcode_nit_ter_May\Rtrac\rdchmrt.f --> tmpsystem.iceht.forth.gr /home/fouskas/laqs/christos/ufeu/UFcode_nit_ter_May/Rtrac rdchmrt.f
111.07.06 13:34 B d:\tmp\laqs\christos\ufeu\UFcode_nit_ter_May\Rtrac\rdbcrt.f --> tmpsystem.iceht.forth.gr /home/fouskas/laqs/christos/ufeu/UFcode_nit_ter_May/Rtrac rdbcrt.f
111.07.06 13:34 B d:\tmp\laqs\christos\ufeu\UFcode_nit_ter_May\Rtrac\rdarrt.f --> tmpsystem.iceht.forth.gr /home/fouskas/laqs/christos/ufeu/UFcode_nit_ter_May/Rtrac rdarrt.f
111.07.06 13:34 B d:\tmp\laqs\christos\ufeu\UFcode_nit_ter_May\Rtrac\hdrcprt.f --> tmpsystem.iceht.forth.gr /home/fouskas/laqs/christos/ufeu/UFcode_nit_ter_May/Rtrac hdrcprt.f
111.07.06 13:34 B d:\tmp\laqs\christos\ufeu\UFcode_nit_ter_May\Rtrac\empreprt.f --> tmpsystem.iceht.forth.gr /home/fouskas/laqs/christos/ufeu/UFcode_nit_ter_May/Rtrac empreprt.f
111.07.06 13:34 B d:\tmp\laqs\christos\ufeu\UFcode_nit_ter_May\Rtrac\drydeprt.f --> tmpsystem.iceht.forth.gr /home/fouskas/laqs/christos/ufeu/UFcode_nit_ter_May/Rtrac drydeprt.f
111.07.06 13:34 B d:\tmp\laqs\christos\ufeu\UFcode_nit_ter_May\Rtrac\cvticrt.f --> tmpsystem.iceht.forth.gr /home/fouskas/laqs/christos/ufeu/UFcode_nit_ter_May/Rtrac cvticrt.f
111.07.06 13:34 B d:\tmp\laqs\christos\ufeu\UFcode_nit_ter_May\Rtrac\chemrt.f --> tmpsystem.iceht.forth.gr /home/fouskas/laqs/christos/ufeu/UFcode_nit_ter_May/Rtrac chemrt.f
