111.07.06 13:34 B d:\tmp\laqs\christos\ufeu\UFcode_nit_ter_May\DMAN\nonuse\Input\so2.100101 --> tmpsystem.iceht.forth.gr /home/fouskas/laqs/christos/ufeu/UFcode_nit_ter_May/DMAN/nonuse/Input so2.100101
111.07.06 13:34 B d:\tmp\laqs\christos\ufeu\UFcode_nit_ter_May\DMAN\nonuse\Input\so2.091202 --> tmpsystem.iceht.forth.gr /home/fouskas/laqs/christos/ufeu/UFcode_nit_ter_May/DMAN/nonuse/Input so2.091202
111.07.06 13:34 B d:\tmp\laqs\christos\ufeu\UFcode_nit_ter_May\DMAN\nonuse\Input\so2.090802 --> tmpsystem.iceht.forth.gr /home/fouskas/laqs/christos/ufeu/UFcode_nit_ter_May/DMAN/nonuse/Input so2.090802
111.07.06 13:34 B d:\tmp\laqs\christos\ufeu\UFcode_nit_ter_May\DMAN\nonuse\Input\so2.082801 --> tmpsystem.iceht.forth.gr /home/fouskas/laqs/christos/ufeu/UFcode_nit_ter_May/DMAN/nonuse/Input so2.082801
111.07.06 13:34 B d:\tmp\laqs\christos\ufeu\UFcode_nit_ter_May\DMAN\nonuse\Input\so2.081501 --> tmpsystem.iceht.forth.gr /home/fouskas/laqs/christos/ufeu/UFcode_nit_ter_May/DMAN/nonuse/Input so2.081501
111.07.06 13:34 B d:\tmp\laqs\christos\ufeu\UFcode_nit_ter_May\DMAN\nonuse\Input\so2.072701 --> tmpsystem.iceht.forth.gr /home/fouskas/laqs/christos/ufeu/UFcode_nit_ter_May/DMAN/nonuse/Input so2.072701
111.07.06 13:34 B d:\tmp\laqs\christos\ufeu\UFcode_nit_ter_May\DMAN\nonuse\Input\so2.072401 --> tmpsystem.iceht.forth.gr /home/fouskas/laqs/christos/ufeu/UFcode_nit_ter_May/DMAN/nonuse/Input so2.072401
111.07.06 13:34 B d:\tmp\laqs\christos\ufeu\UFcode_nit_ter_May\DMAN\nonuse\Input\so2.071901 --> tmpsystem.iceht.forth.gr /home/fouskas/laqs/christos/ufeu/UFcode_nit_ter_May/DMAN/nonuse/Input so2.071901
111.07.06 13:34 B d:\tmp\laqs\christos\ufeu\UFcode_nit_ter_May\DMAN\nonuse\Input\so2.071501 --> tmpsystem.iceht.forth.gr /home/fouskas/laqs/christos/ufeu/UFcode_nit_ter_May/DMAN/nonuse/Input so2.071501
111.07.06 13:34 B d:\tmp\laqs\christos\ufeu\UFcode_nit_ter_May\DMAN\nonuse\Input\so2.071301 --> tmpsystem.iceht.forth.gr /home/fouskas/laqs/christos/ufeu/UFcode_nit_ter_May/DMAN/nonuse/Input so2.071301
111.07.06 13:34 B d:\tmp\laqs\christos\ufeu\UFcode_nit_ter_May\DMAN\nonuse\Input\so2.070701 --> tmpsystem.iceht.forth.gr /home/fouskas/laqs/christos/ufeu/UFcode_nit_ter_May/DMAN/nonuse/Input so2.070701
111.07.06 13:34 B d:\tmp\laqs\christos\ufeu\UFcode_nit_ter_May\DMAN\nonuse\Input\so2.070401 --> tmpsystem.iceht.forth.gr /home/fouskas/laqs/christos/ufeu/UFcode_nit_ter_May/DMAN/nonuse/Input so2.070401
111.07.06 13:34 B d:\tmp\laqs\christos\ufeu\UFcode_nit_ter_May\DMAN\nonuse\Input\so2.070201 --> tmpsystem.iceht.forth.gr /home/fouskas/laqs/christos/ufeu/UFcode_nit_ter_May/DMAN/nonuse/Input so2.070201
111.07.06 13:34 B d:\tmp\laqs\christos\ufeu\UFcode_nit_ter_May\DMAN\nonuse\Input\nh3ratio.dat --> tmpsystem.iceht.forth.gr /home/fouskas/laqs/christos/ufeu/UFcode_nit_ter_May/DMAN/nonuse/Input nh3ratio.dat
111.07.06 13:34 B d:\tmp\laqs\christos\ufeu\UFcode_nit_ter_May\DMAN\nonuse\Input\nh3.100101 --> tmpsystem.iceht.forth.gr /home/fouskas/laqs/christos/ufeu/UFcode_nit_ter_May/DMAN/nonuse/Input nh3.100101
111.07.06 13:34 B d:\tmp\laqs\christos\ufeu\UFcode_nit_ter_May\DMAN\nonuse\Input\nh3.082801 --> tmpsystem.iceht.forth.gr /home/fouskas/laqs/christos/ufeu/UFcode_nit_ter_May/DMAN/nonuse/Input nh3.082801
111.07.06 13:34 B d:\tmp\laqs\christos\ufeu\UFcode_nit_ter_May\DMAN\nonuse\Input\nh3.081501 --> tmpsystem.iceht.forth.gr /home/fouskas/laqs/christos/ufeu/UFcode_nit_ter_May/DMAN/nonuse/Input nh3.081501
111.07.06 13:34 B d:\tmp\laqs\christos\ufeu\UFcode_nit_ter_May\DMAN\nonuse\Input\nh3.072701 --> tmpsystem.iceht.forth.gr /home/fouskas/laqs/christos/ufeu/UFcode_nit_ter_May/DMAN/nonuse/Input nh3.072701
111.07.06 13:34 B d:\tmp\laqs\christos\ufeu\UFcode_nit_ter_May\DMAN\nonuse\Input\nh3.072401 --> tmpsystem.iceht.forth.gr /home/fouskas/laqs/christos/ufeu/UFcode_nit_ter_May/DMAN/nonuse/Input nh3.072401
111.07.06 13:34 B d:\tmp\laqs\christos\ufeu\UFcode_nit_ter_May\DMAN\nonuse\Input\nh3.071901 --> tmpsystem.iceht.forth.gr /home/fouskas/laqs/christos/ufeu/UFcode_nit_ter_May/DMAN/nonuse/Input nh3.071901
111.07.06 13:34 B d:\tmp\laqs\christos\ufeu\UFcode_nit_ter_May\DMAN\nonuse\Input\nh3.071501 --> tmpsystem.iceht.forth.gr /home/fouskas/laqs/christos/ufeu/UFcode_nit_ter_May/DMAN/nonuse/Input nh3.071501
111.07.06 13:34 B d:\tmp\laqs\christos\ufeu\UFcode_nit_ter_May\DMAN\nonuse\Input\nh3.071301 --> tmpsystem.iceht.forth.gr /home/fouskas/laqs/christos/ufeu/UFcode_nit_ter_May/DMAN/nonuse/Input nh3.071301
111.07.06 13:34 B d:\tmp\laqs\christos\ufeu\UFcode_nit_ter_May\DMAN\nonuse\Input\nh3.070701 --> tmpsystem.iceht.forth.gr /home/fouskas/laqs/christos/ufeu/UFcode_nit_ter_May/DMAN/nonuse/Input nh3.070701
111.07.06 13:34 B d:\tmp\laqs\christos\ufeu\UFcode_nit_ter_May\DMAN\nonuse\Input\nh3.070401 --> tmpsystem.iceht.forth.gr /home/fouskas/laqs/christos/ufeu/UFcode_nit_ter_May/DMAN/nonuse/Input nh3.070401
111.07.06 13:34 B d:\tmp\laqs\christos\ufeu\UFcode_nit_ter_May\DMAN\nonuse\Input\nh3.070201 --> tmpsystem.iceht.forth.gr /home/fouskas/laqs/christos/ufeu/UFcode_nit_ter_May/DMAN/nonuse/Input nh3.070201
111.07.06 13:34 B d:\tmp\laqs\christos\ufeu\UFcode_nit_ter_May\DMAN\nonuse\Input\met.100101 --> tmpsystem.iceht.forth.gr /home/fouskas/laqs/christos/ufeu/UFcode_nit_ter_May/DMAN/nonuse/Input met.100101
111.07.06 13:34 B d:\tmp\laqs\christos\ufeu\UFcode_nit_ter_May\DMAN\nonuse\Input\met.091202 --> tmpsystem.iceht.forth.gr /home/fouskas/laqs/christos/ufeu/UFcode_nit_ter_May/DMAN/nonuse/Input met.091202
111.07.06 13:34 B d:\tmp\laqs\christos\ufeu\UFcode_nit_ter_May\DMAN\nonuse\Input\met.090802 --> tmpsystem.iceht.forth.gr /home/fouskas/laqs/christos/ufeu/UFcode_nit_ter_May/DMAN/nonuse/Input met.090802
111.07.06 13:34 B d:\tmp\laqs\christos\ufeu\UFcode_nit_ter_May\DMAN\nonuse\Input\met.082801 --> tmpsystem.iceht.forth.gr /home/fouskas/laqs/christos/ufeu/UFcode_nit_ter_May/DMAN/nonuse/Input met.082801
111.07.06 13:34 B d:\tmp\laqs\christos\ufeu\UFcode_nit_ter_May\DMAN\nonuse\Input\met.081501 --> tmpsystem.iceht.forth.gr /home/fouskas/laqs/christos/ufeu/UFcode_nit_ter_May/DMAN/nonuse/Input met.081501
111.07.06 13:34 B d:\tmp\laqs\christos\ufeu\UFcode_nit_ter_May\DMAN\nonuse\Input\met.072701 --> tmpsystem.iceht.forth.gr /home/fouskas/laqs/christos/ufeu/UFcode_nit_ter_May/DMAN/nonuse/Input met.072701
111.07.06 13:34 B d:\tmp\laqs\christos\ufeu\UFcode_nit_ter_May\DMAN\nonuse\Input\met.072401 --> tmpsystem.iceht.forth.gr /home/fouskas/laqs/christos/ufeu/UFcode_nit_ter_May/DMAN/nonuse/Input met.072401
111.07.06 13:34 B d:\tmp\laqs\christos\ufeu\UFcode_nit_ter_May\DMAN\nonuse\Input\met.071901 --> tmpsystem.iceht.forth.gr /home/fouskas/laqs/christos/ufeu/UFcode_nit_ter_May/DMAN/nonuse/Input met.071901
111.07.06 13:34 B d:\tmp\laqs\christos\ufeu\UFcode_nit_ter_May\DMAN\nonuse\Input\met.071501 --> tmpsystem.iceht.forth.gr /home/fouskas/laqs/christos/ufeu/UFcode_nit_ter_May/DMAN/nonuse/Input met.071501
111.07.06 13:34 B d:\tmp\laqs\christos\ufeu\UFcode_nit_ter_May\DMAN\nonuse\Input\met.071301 --> tmpsystem.iceht.forth.gr /home/fouskas/laqs/christos/ufeu/UFcode_nit_ter_May/DMAN/nonuse/Input met.071301
111.07.06 13:34 B d:\tmp\laqs\christos\ufeu\UFcode_nit_ter_May\DMAN\nonuse\Input\met.070701 --> tmpsystem.iceht.forth.gr /home/fouskas/laqs/christos/ufeu/UFcode_nit_ter_May/DMAN/nonuse/Input met.070701
111.07.06 13:34 B d:\tmp\laqs\christos\ufeu\UFcode_nit_ter_May\DMAN\nonuse\Input\met.070401 --> tmpsystem.iceht.forth.gr /home/fouskas/laqs/christos/ufeu/UFcode_nit_ter_May/DMAN/nonuse/Input met.070401
111.07.06 13:34 B d:\tmp\laqs\christos\ufeu\UFcode_nit_ter_May\DMAN\nonuse\Input\met.070201 --> tmpsystem.iceht.forth.gr /home/fouskas/laqs/christos/ufeu/UFcode_nit_ter_May/DMAN/nonuse/Input met.070201
111.07.06 13:34 B d:\tmp\laqs\christos\ufeu\UFcode_nit_ter_May\DMAN\nonuse\Input\aerdist1.cnd.modified_by_DMAN --> tmpsystem.iceht.forth.gr /home/fouskas/laqs/christos/ufeu/UFcode_nit_ter_May/DMAN/nonuse/Input aerdist1.cnd.modified_by_DMAN
111.07.06 13:34 B d:\tmp\laqs\christos\ufeu\UFcode_nit_ter_May\DMAN\nonuse\Input\aerdist1.cnd --> tmpsystem.iceht.forth.gr /home/fouskas/laqs/christos/ufeu/UFcode_nit_ter_May/DMAN/nonuse/Input aerdist1.cnd
111.07.06 13:34 B d:\tmp\laqs\christos\ufeu\UFcode_nit_ter_May\DMAN\nonuse\Input\aerdist1.cgl --> tmpsystem.iceht.forth.gr /home/fouskas/laqs/christos/ufeu/UFcode_nit_ter_May/DMAN/nonuse/Input aerdist1.cgl
111.07.06 13:34 B d:\tmp\laqs\christos\ufeu\UFcode_nit_ter_May\DMAN\nonuse\Input\aerdist.qi21 --> tmpsystem.iceht.forth.gr /home/fouskas/laqs/christos/ufeu/UFcode_nit_ter_May/DMAN/nonuse/Input aerdist.qi21
111.07.06 13:34 B d:\tmp\laqs\christos\ufeu\UFcode_nit_ter_May\DMAN\nonuse\Input\aerdist.monodispersed.as.1 --> tmpsystem.iceht.forth.gr /home/fouskas/laqs/christos/ufeu/UFcode_nit_ter_May/DMAN/nonuse/Input aerdist.monodispersed.as.1
111.07.06 13:34 B d:\tmp\laqs\christos\ufeu\UFcode_nit_ter_May\DMAN\nonuse\Input\aerdist.cnd --> tmpsystem.iceht.forth.gr /home/fouskas/laqs/christos/ufeu/UFcode_nit_ter_May/DMAN/nonuse/Input aerdist.cnd
111.07.06 13:34 B d:\tmp\laqs\christos\ufeu\UFcode_nit_ter_May\DMAN\nonuse\Input\aerdist.cgl --> tmpsystem.iceht.forth.gr /home/fouskas/laqs/christos/ufeu/UFcode_nit_ter_May/DMAN/nonuse/Input aerdist.cgl
111.07.06 13:34 B d:\tmp\laqs\christos\ufeu\UFcode_nit_ter_May\DMAN\nonuse\Input\aerdist.100101 --> tmpsystem.iceht.forth.gr /home/fouskas/laqs/christos/ufeu/UFcode_nit_ter_May/DMAN/nonuse/Input aerdist.100101
111.07.06 13:34 B d:\tmp\laqs\christos\ufeu\UFcode_nit_ter_May\DMAN\nonuse\Input\aerdist.091202 --> tmpsystem.iceht.forth.gr /home/fouskas/laqs/christos/ufeu/UFcode_nit_ter_May/DMAN/nonuse/Input aerdist.091202
111.07.06 13:34 B d:\tmp\laqs\christos\ufeu\UFcode_nit_ter_May\DMAN\nonuse\Input\aerdist.090802 --> tmpsystem.iceht.forth.gr /home/fouskas/laqs/christos/ufeu/UFcode_nit_ter_May/DMAN/nonuse/Input aerdist.090802
111.07.06 13:34 B d:\tmp\laqs\christos\ufeu\UFcode_nit_ter_May\DMAN\nonuse\Input\aerdist.082801 --> tmpsystem.iceht.forth.gr /home/fouskas/laqs/christos/ufeu/UFcode_nit_ter_May/DMAN/nonuse/Input aerdist.082801
111.07.06 13:34 B d:\tmp\laqs\christos\ufeu\UFcode_nit_ter_May\DMAN\nonuse\Input\aerdist.081501 --> tmpsystem.iceht.forth.gr /home/fouskas/laqs/christos/ufeu/UFcode_nit_ter_May/DMAN/nonuse/Input aerdist.081501
111.07.06 13:34 B d:\tmp\laqs\christos\ufeu\UFcode_nit_ter_May\DMAN\nonuse\Input\aerdist.072701 --> tmpsystem.iceht.forth.gr /home/fouskas/laqs/christos/ufeu/UFcode_nit_ter_May/DMAN/nonuse/Input aerdist.072701
111.07.06 13:34 B d:\tmp\laqs\christos\ufeu\UFcode_nit_ter_May\DMAN\nonuse\Input\aerdist.072401 --> tmpsystem.iceht.forth.gr /home/fouskas/laqs/christos/ufeu/UFcode_nit_ter_May/DMAN/nonuse/Input aerdist.072401
111.07.06 13:34 B d:\tmp\laqs\christos\ufeu\UFcode_nit_ter_May\DMAN\nonuse\Input\aerdist.071901 --> tmpsystem.iceht.forth.gr /home/fouskas/laqs/christos/ufeu/UFcode_nit_ter_May/DMAN/nonuse/Input aerdist.071901
111.07.06 13:34 B d:\tmp\laqs\christos\ufeu\UFcode_nit_ter_May\DMAN\nonuse\Input\aerdist.071501 --> tmpsystem.iceht.forth.gr /home/fouskas/laqs/christos/ufeu/UFcode_nit_ter_May/DMAN/nonuse/Input aerdist.071501
111.07.06 13:34 B d:\tmp\laqs\christos\ufeu\UFcode_nit_ter_May\DMAN\nonuse\Input\aerdist.071301 --> tmpsystem.iceht.forth.gr /home/fouskas/laqs/christos/ufeu/UFcode_nit_ter_May/DMAN/nonuse/Input aerdist.071301
111.07.06 13:34 B d:\tmp\laqs\christos\ufeu\UFcode_nit_ter_May\DMAN\nonuse\Input\aerdist.070701 --> tmpsystem.iceht.forth.gr /home/fouskas/laqs/christos/ufeu/UFcode_nit_ter_May/DMAN/nonuse/Input aerdist.070701
111.07.06 13:34 B d:\tmp\laqs\christos\ufeu\UFcode_nit_ter_May\DMAN\nonuse\Input\aerdist.070401 --> tmpsystem.iceht.forth.gr /home/fouskas/laqs/christos/ufeu/UFcode_nit_ter_May/DMAN/nonuse/Input aerdist.070401
111.07.06 13:34 B d:\tmp\laqs\christos\ufeu\UFcode_nit_ter_May\DMAN\nonuse\Input\aerdist.070201 --> tmpsystem.iceht.forth.gr /home/fouskas/laqs/christos/ufeu/UFcode_nit_ter_May/DMAN/nonuse/Input aerdist.070201
