/proj/snic2014-1-155/users/x_janju/PMCAMx_Output/PMCAMxUF_FixNucPrint/Eucaari.May.121.PMCAMxUF_FixNucPrint.inst.2
Mon Jan 26 14:08:16 CET 2015
      startup ...... grd_time,date_aero:    15.00000            8122
 In bndprep.f:
 idat1:         8001
 idat2:         8365
 tim1:   0.0000000E+00
 tim2:    24.00000    
 idat2:         8366
   CPU =      0.550
 
Date/time:    08122    0.00
 
      readinp ......   CPU =     -0.410
      readcnc ......   CPU =     10.660
     timestep ......   CPU =     -1.140
        khorz ......   CPU =      1.170
       drydep ......   CPU =     -0.360
       readar ......   CPU =      1.200
 Before if statement in CAMx.f
 date=        8122
 bnddate=        8122
 time=  0.0000000E+00
 bndtim=  0.0000000E+00
      readbnd ...... Updated bnddate in readbnd.f
 bndtim:   0.0000000E+00
 bnddate:         8366
   CPU =     11.310
      readaho (haze)   CPU =      1.190
      readaho (o3)..   CPU =     -1.180
     raddrivr ......   CPU =      1.520
Processing grid:  1 Timestep:   300.0
       zrates ......   CPU =     -1.160
        emiss ......   CPU =     13.940
  x advection ......   CPU =      2.230
  y advection ......   CPU =      5.240
  z advection ......   CPU =      5.700
      wetdep  ......   CPU =      1.830
      updtmet ......   CPU =     -1.190
  z diffusion ......   CPU =     19.950
     x/y diff ......   CPU =      7.150
          TUV ......     chemdriv ...... aerotchk,grdtime:    5.000000       15.00000    
 Layer=           1
 Layer=           2
 Layer=           3
 Layer=           4
 Layer=           5
 Layer=           6
 Layer=           7
 Layer=           8
 Layer=           9
 Layer=          10
 Layer=          11
 Layer=          12
 Layer=          13
 Layer=          14
   CPU =     27.700
Accumulative CPU time:     108.000
 
Date/time:    08122    5.00
 
 Before if statement in CAMx.f
 date=        8122
 bnddate=        8366
 time=   5.000000    
 bndtim=  0.0000000E+00
Processing grid:  1 Timestep:   300.0
       zrates ......   CPU =     -0.360
        emiss ......   CPU =     13.930
  y advection ......   CPU =      5.250
  x advection ......   CPU =      4.640
  z advection ......   CPU =      5.690
      wetdep  ......   CPU =      1.850
      updtmet ......   CPU =     -1.200
  z diffusion ......   CPU =     19.960
     x/y diff ......   CPU =      7.130
          TUV ......     chemdriv ...... aerotchk,grdtime:    10.00000       15.00000    
 Layer=           1
 Layer=           2
 Layer=           3
 Layer=           4
 Layer=           5
 Layer=           6
 Layer=           7
 Layer=           8
 Layer=           9
 Layer=          10
 Layer=          11
 Layer=          12
 Layer=          13
 Layer=          14
   CPU =     16.950
Accumulative CPU time:     181.838
 
Date/time:    08122   10.00
 
 Before if statement in CAMx.f
 date=        8122
 bnddate=        8366
 time=   10.00000    
 bndtim=  0.0000000E+00
Processing grid:  1 Timestep:   300.0
       zrates ......   CPU =     -0.360
        emiss ......   CPU =     13.930
  x advection ......   CPU =      2.220
  y advection ......   CPU =      5.250
  z advection ......   CPU =      5.690
      wetdep  ......   CPU =      1.850
      updtmet ......   CPU =     -1.200
  z diffusion ......   CPU =     19.960
     x/y diff ......   CPU =      7.130
          TUV ......     chemdriv ...... aerotchk,grdtime:    15.00000       15.00000    
 Calling fullaero ... time:    15.00000      8.3333336E-02  0.2500000    
 Layer=           1
 Layer=           2
 Layer=           3
 Layer=           4
 Layer=           5
 Layer=           6
 Layer=           7
 Layer=           8
 Layer=           9
 Layer=          10
 Layer=          11
 Layer=          12
 Layer=          13
 Layer=          14
   CPU =    464.000
Accumulative CPU time:     702.728
 
Date/time:    08122   15.00
 
 Before if statement in CAMx.f
 date=        8122
 bnddate=        8366
 time=   15.00000    
 bndtim=  0.0000000E+00
Processing grid:  1 Timestep:   300.0
       zrates ......   CPU =     -0.360
        emiss ......   CPU =     13.940
  y advection ......   CPU =      5.250
  x advection ......   CPU =      4.650
  z advection ......   CPU =      5.700
      wetdep  ......   CPU =      1.850
      updtmet ......   CPU =     -1.200
  z diffusion ......   CPU =     19.960
     x/y diff ......   CPU =      7.130
          TUV ......     chemdriv ...... aerotchk,grdtime:    20.00000       30.00000    
 Layer=           1
 Layer=           2
 Layer=           3
 Layer=           4
 Layer=           5
 Layer=           6
 Layer=           7
 Layer=           8
 Layer=           9
 Layer=          10
 Layer=          11
 Layer=          12
 Layer=          13
 Layer=          14
   CPU =     16.790
Accumulative CPU time:     776.432
 
Date/time:    08122   20.00
 
 Before if statement in CAMx.f
 date=        8122
 bnddate=        8366
 time=   20.00000    
 bndtim=  0.0000000E+00
Processing grid:  1 Timestep:   300.0
       zrates ......   CPU =     -0.370
        emiss ......   CPU =     13.930
  x advection ......   CPU =      2.220
  y advection ......   CPU =      5.270
  z advection ......   CPU =      5.690
      wetdep  ......   CPU =      1.860
      updtmet ......   CPU =     -1.200
  z diffusion ......   CPU =     19.950
     x/y diff ......   CPU =      7.140
          TUV ......     chemdriv ...... aerotchk,grdtime:    25.00000       30.00000    
 Layer=           1
 Layer=           2
 Layer=           3
 Layer=           4
 Layer=           5
 Layer=           6
 Layer=           7
 Layer=           8
 Layer=           9
 Layer=          10
 Layer=          11
 Layer=          12
 Layer=          13
 Layer=          14
   CPU =     16.810
Accumulative CPU time:     850.159
 
Date/time:    08122   25.00
 
 Before if statement in CAMx.f
 date=        8122
 bnddate=        8366
 time=   25.00000    
 bndtim=  0.0000000E+00
Processing grid:  1 Timestep:   300.0
       zrates ......   CPU =     -0.360
        emiss ......   CPU =     13.920
  y advection ......   CPU =      5.260
  x advection ......   CPU =      4.640
  z advection ......   CPU =      5.690
      wetdep  ......   CPU =      1.870
      updtmet ......   CPU =     -1.210
  z diffusion ......   CPU =     19.960
     x/y diff ......   CPU =      7.120
          TUV ......     chemdriv ...... aerotchk,grdtime:    30.00000       30.00000    
 Calling fullaero ... time:    30.00000      8.3333336E-02  0.2500000    
 Layer=           1
 Layer=           2
 Layer=           3
 Layer=           4
 Layer=           5
 Layer=           6
 Layer=           7
 Layer=           8
 Layer=           9
 Layer=          10
 Layer=          11
 Layer=          12
 Layer=          13
 Layer=          14
   CPU =    267.770
Accumulative CPU time:    1174.809
 
Date/time:    08122   30.00
 
 Before if statement in CAMx.f
 date=        8122
 bnddate=        8366
 time=   30.00000    
 bndtim=  0.0000000E+00
Processing grid:  1 Timestep:   300.0
       zrates ......   CPU =     -0.370
        emiss ......   CPU =     13.920
  x advection ......   CPU =      2.210
  y advection ......   CPU =      5.260
  z advection ......   CPU =      5.680
      wetdep  ......   CPU =      1.860
      updtmet ......   CPU =     -1.210
  z diffusion ......   CPU =     19.960
     x/y diff ......   CPU =      7.120
          TUV ......     chemdriv ...... aerotchk,grdtime:    35.00000       45.00000    
 Layer=           1
 Layer=           2
 Layer=           3
 Layer=           4
 Layer=           5
 Layer=           6
 Layer=           7
 Layer=           8
 Layer=           9
 Layer=          10
 Layer=          11
 Layer=          12
 Layer=          13
 Layer=          14
   CPU =     16.830
Accumulative CPU time:    1248.505
 
Date/time:    08122   35.00
 
 Before if statement in CAMx.f
 date=        8122
 bnddate=        8366
 time=   35.00000    
 bndtim=  0.0000000E+00
Processing grid:  1 Timestep:   300.0
       zrates ......   CPU =     -0.370
        emiss ......   CPU =     13.910
  y advection ......   CPU =      5.270
  x advection ......   CPU =      4.650
  z advection ......   CPU =      5.680
      wetdep  ......   CPU =      1.870
      updtmet ......   CPU =     -1.210
  z diffusion ......   CPU =     19.960
     x/y diff ......   CPU =      7.120
          TUV ......     chemdriv ...... aerotchk,grdtime:    40.00000       45.00000    
 Layer=           1
 Layer=           2
 Layer=           3
 Layer=           4
 Layer=           5
 Layer=           6
 Layer=           7
 Layer=           8
 Layer=           9
 Layer=          10
 Layer=          11
 Layer=          12
 Layer=          13
 Layer=          14
   CPU =     16.870
Accumulative CPU time:    1322.253
 
Date/time:    08122   40.00
 
 Before if statement in CAMx.f
 date=        8122
 bnddate=        8366
 time=   40.00000    
 bndtim=  0.0000000E+00
Processing grid:  1 Timestep:   300.0
       zrates ......   CPU =     -0.380
        emiss ......   CPU =     13.920
  x advection ......   CPU =      2.210
  y advection ......   CPU =      5.270
  z advection ......   CPU =      5.660
      wetdep  ......   CPU =      1.870
      updtmet ......   CPU =     -1.210
  z diffusion ......   CPU =     19.960
     x/y diff ......   CPU =      7.120
          TUV ......     chemdriv ...... aerotchk,grdtime:    45.00000       45.00000    
 Calling fullaero ... time:    45.00000      8.3333336E-02  0.2500000    
 Layer=           1
 Layer=           2
 Layer=           3
 Layer=           4
 Layer=           5
 Layer=           6
 Layer=           7
 Layer=           8
 Layer=           9
 Layer=          10
 Layer=          11
 Layer=          12
 Layer=          13
 Layer=          14
   CPU =    219.020
Accumulative CPU time:    1598.120
 
Date/time:    08122   45.00
 
 Before if statement in CAMx.f
 date=        8122
 bnddate=        8366
 time=   45.00000    
 bndtim=  0.0000000E+00
Processing grid:  1 Timestep:   300.0
       zrates ......   CPU =     -0.390
        emiss ......   CPU =     13.910
  y advection ......   CPU =      5.280
  x advection ......   CPU =      4.660
  z advection ......   CPU =      5.660
      wetdep  ......   CPU =      1.880
      updtmet ......   CPU =     -1.220
  z diffusion ......   CPU =     19.970
     x/y diff ......   CPU =      7.110
          TUV ......     chemdriv ...... aerotchk,grdtime:    50.00000       100.0000    
 Layer=           1
 Layer=           2
 Layer=           3
 Layer=           4
 Layer=           5
 Layer=           6
 Layer=           7
 Layer=           8
 Layer=           9
 Layer=          10
 Layer=          11
 Layer=          12
 Layer=          13
 Layer=          14
   CPU =     16.880
Accumulative CPU time:    1671.872
 
Date/time:    08122   50.00
 
 Before if statement in CAMx.f
 date=        8122
 bnddate=        8366
 time=   50.00000    
 bndtim=  0.0000000E+00
Processing grid:  1 Timestep:   300.0
       zrates ......   CPU =     -0.380
        emiss ......   CPU =     13.910
  x advection ......   CPU =      2.210
  y advection ......   CPU =      5.270
  z advection ......   CPU =      5.660
      wetdep  ......   CPU =      1.880
      updtmet ......   CPU =     -1.220
  z diffusion ......   CPU =     19.970
     x/y diff ......   CPU =      7.120
          TUV ......     chemdriv ...... aerotchk,grdtime:    55.00000       100.0000    
 Layer=           1
 Layer=           2
 Layer=           3
 Layer=           4
 Layer=           5
 Layer=           6
 Layer=           7
 Layer=           8
 Layer=           9
 Layer=          10
 Layer=          11
 Layer=          12
 Layer=          13
 Layer=          14
   CPU =     16.910
Accumulative CPU time:    1745.655
 
Date/time:    08122   55.00
 
 Before if statement in CAMx.f
 date=        8122
 bnddate=        8366
 time=   55.00000    
 bndtim=  0.0000000E+00
Processing grid:  1 Timestep:   300.0
       zrates ......   CPU =     -0.380
        emiss ......   CPU =     13.910
  y advection ......   CPU =      5.280
  x advection ......   CPU =      4.660
  z advection ......   CPU =      5.660
      wetdep  ......   CPU =      1.870
      updtmet ......   CPU =     -1.220
  z diffusion ......   CPU =     19.980
     x/y diff ......   CPU =      7.110
          TUV ......     chemdriv ...... aerotchk,grdtime:    100.0000       100.0000    
 Calling fullaero ... time:    100.0000      8.3333336E-02  0.2500000    
 Layer=           1
 Layer=           2
 Layer=           3
 Layer=           4
 Layer=           5
 Layer=           6
 Layer=           7
 Layer=           8
 Layer=           9
 Layer=          10
 Layer=          11
 Layer=          12
 Layer=          13
 Layer=          14
   CPU =    198.590
       wrtcon ......   CPU =     -0.350
Accumulative CPU time:    2001.518
 
Date/time:    08122  100.00
 
      readinp ......   CPU =     -1.610
     timestep ......   CPU =      1.640
        khorz ......   CPU =     -1.610
       drydep ......   CPU =      2.470
       readar ......   CPU =     -1.610
 Before if statement in CAMx.f
 date=        8122
 bnddate=        8366
 time=   100.0000    
 bndtim=  0.0000000E+00
Processing grid:  1 Timestep:   300.0
       zrates ......   CPU =      2.000
        emiss ......   CPU =     16.810
  x advection ......   CPU =      5.070
  y advection ......   CPU =      2.420
  z advection ......   CPU =      8.510
      wetdep  ......   CPU =     -0.740
      updtmet ......   CPU =      1.640
  z diffusion ......   CPU =     17.130
     x/y diff ......   CPU =      9.990
          TUV ......     chemdriv ...... aerotchk,grdtime:    105.0000       115.0000    
 Layer=           1
 Layer=           2
 Layer=           3
 Layer=           4
 Layer=           5
 Layer=           6
 Layer=           7
 Layer=           8
 Layer=           9
 Layer=          10
 Layer=          11
 Layer=          12
 Layer=          13
 Layer=          14
   CPU =     14.100
Accumulative CPU time:    2076.561
 
Date/time:    08122  105.00
 
 Before if statement in CAMx.f
 date=        8122
 bnddate=        8366
 time=   105.0000    
 bndtim=  0.0000000E+00
Processing grid:  1 Timestep:   300.0
       zrates ......   CPU =      2.480
        emiss ......   CPU =     16.780
  y advection ......   CPU =      2.420
  x advection ......   CPU =      1.800
  z advection ......   CPU =      8.530
      wetdep  ......   CPU =     -0.750
      updtmet ......   CPU =      1.650
  z diffusion ......   CPU =     17.120
     x/y diff ......   CPU =      9.980
          TUV ......     chemdriv ...... aerotchk,grdtime:    110.0000       115.0000    
 Layer=           1
 Layer=           2
 Layer=           3
 Layer=           4
 Layer=           5
 Layer=           6
 Layer=           7
 Layer=           8
 Layer=           9
 Layer=          10
 Layer=          11
 Layer=          12
 Layer=          13
 Layer=          14
   CPU =     14.140
Accumulative CPU time:    2150.713
 
Date/time:    08122  110.00
 
 Before if statement in CAMx.f
 date=        8122
 bnddate=        8366
 time=   110.0000    
 bndtim=  0.0000000E+00
Processing grid:  1 Timestep:   300.0
       zrates ......   CPU =      2.490
        emiss ......   CPU =     16.780
  x advection ......   CPU =      5.080
  y advection ......   CPU =      2.410
  z advection ......   CPU =      8.540
      wetdep  ......   CPU =     -0.760
      updtmet ......   CPU =      1.660
  z diffusion ......   CPU =     17.100
     x/y diff ......   CPU =     10.000
          TUV ......     chemdriv ...... aerotchk,grdtime:    115.0000       115.0000    
 Calling fullaero ... time:    115.0000      8.3333336E-02  0.2500000    
 Layer=           1
 Layer=           2
 Layer=           3
 Layer=           4
 Layer=           5
 Layer=           6
 Layer=           7
 Layer=           8
 Layer=           9
 Layer=          10
 Layer=          11
 Layer=          12
 Layer=          13
 Layer=          14
   CPU =    217.790
Accumulative CPU time:    2428.507
 
Date/time:    08122  115.00
 
 Before if statement in CAMx.f
 date=        8122
 bnddate=        8366
 time=   115.0000    
 bndtim=  0.0000000E+00
Processing grid:  1 Timestep:   300.0
       zrates ......   CPU =      2.510
        emiss ......   CPU =     16.780
  y advection ......   CPU =      2.390
  x advection ......   CPU =      1.760
  z advection ......   CPU =      8.560
      wetdep  ......   CPU =     -0.780
      updtmet ......   CPU =      1.680
  z diffusion ......   CPU =     17.080
     x/y diff ......   CPU =     10.020
          TUV ......     chemdriv ...... aerotchk,grdtime:    120.0000       130.0000    
 Layer=           1
 Layer=           2
 Layer=           3
 Layer=           4
 Layer=           5
 Layer=           6
 Layer=           7
 Layer=           8
 Layer=           9
 Layer=          10
 Layer=          11
 Layer=          12
 Layer=          13
 Layer=          14
   CPU =     14.130
Accumulative CPU time:    2502.650
 
Date/time:    08122  120.00
 
 Before if statement in CAMx.f
 date=        8122
 bnddate=        8366
 time=   120.0000    
 bndtim=  0.0000000E+00
Processing grid:  1 Timestep:   300.0
       zrates ......   CPU =      2.520
        emiss ......   CPU =     16.800
  x advection ......   CPU =      5.120
  y advection ......   CPU =      2.380
  z advection ......   CPU =      8.570
      wetdep  ......   CPU =     -0.790
      updtmet ......   CPU =      1.690
  z diffusion ......   CPU =     17.080
     x/y diff ......   CPU =     10.020
          TUV ......     chemdriv ...... aerotchk,grdtime:    125.0000       130.0000    
 Layer=           1
 Layer=           2
 Layer=           3
 Layer=           4
 Layer=           5
 Layer=           6
 Layer=           7
 Layer=           8
 Layer=           9
 Layer=          10
 Layer=          11
 Layer=          12
 Layer=          13
 Layer=          14
   CPU =     14.180
Accumulative CPU time:    2576.874
 
Date/time:    08122  125.00
 
 Before if statement in CAMx.f
 date=        8122
 bnddate=        8366
 time=   125.0000    
 bndtim=  0.0000000E+00
Processing grid:  1 Timestep:   300.0
       zrates ......   CPU =      2.530
        emiss ......   CPU =     16.810
  y advection ......   CPU =      2.360
  x advection ......   CPU =      1.760
  z advection ......   CPU =      8.580
      wetdep  ......   CPU =     -0.800
      updtmet ......   CPU =      1.700
  z diffusion ......   CPU =     17.060
     x/y diff ......   CPU =     10.050
          TUV ......     chemdriv ...... aerotchk,grdtime:    130.0000       130.0000    
 Calling fullaero ... time:    130.0000      8.3333336E-02  0.2500000    
 Layer=           1
 Layer=           2
 Layer=           3
 Layer=           4
 Layer=           5
 Layer=           6
 Layer=           7
 Layer=           8
 Layer=           9
 Layer=          10
 Layer=          11
 Layer=          12
 Layer=          13
 Layer=          14
   CPU =    190.860
Accumulative CPU time:    2827.796
 
Date/time:    08122  130.00
 
 Before if statement in CAMx.f
 date=        8122
 bnddate=        8366
 time=   130.0000    
 bndtim=  0.0000000E+00
Processing grid:  1 Timestep:   300.0
       zrates ......   CPU =      2.570
        emiss ......   CPU =     16.850
  x advection ......   CPU =      5.170
  y advection ......   CPU =      2.330
  z advection ......   CPU =      8.630
      wetdep  ......   CPU =     -0.850
      updtmet ......   CPU =      1.740
  z diffusion ......   CPU =     17.020
     x/y diff ......   CPU =     10.080
          TUV ......     chemdriv ...... aerotchk,grdtime:    135.0000       145.0000    
 Layer=           1
 Layer=           2
 Layer=           3
 Layer=           4
 Layer=           5
 Layer=           6
 Layer=           7
 Layer=           8
 Layer=           9
 Layer=          10
 Layer=          11
 Layer=          12
 Layer=          13
 Layer=          14
   CPU =     14.140
Accumulative CPU time:    2902.030
 
Date/time:    08122  135.00
 
 Before if statement in CAMx.f
 date=        8122
 bnddate=        8366
 time=   135.0000    
 bndtim=  0.0000000E+00
Processing grid:  1 Timestep:   300.0
       zrates ......   CPU =      2.590
        emiss ......   CPU =     16.860
  y advection ......   CPU =      2.310
  x advection ......   CPU =      1.700
  z advection ......   CPU =      8.650
      wetdep  ......   CPU =     -0.860
      updtmet ......   CPU =      1.760
  z diffusion ......   CPU =     17.010
     x/y diff ......   CPU =     10.100
          TUV ......     chemdriv ...... aerotchk,grdtime:    140.0000       145.0000    
 Layer=           1
 Layer=           2
 Layer=           3
 Layer=           4
 Layer=           5
 Layer=           6
 Layer=           7
 Layer=           8
 Layer=           9
 Layer=          10
 Layer=          11
 Layer=          12
 Layer=          13
 Layer=          14
   CPU =     14.210
Accumulative CPU time:    2976.360
 
Date/time:    08122  140.00
 
 Before if statement in CAMx.f
 date=        8122
 bnddate=        8366
 time=   140.0000    
 bndtim=  0.0000000E+00
Processing grid:  1 Timestep:   300.0
       zrates ......   CPU =      2.600
        emiss ......   CPU =     16.890
  x advection ......   CPU =      5.190
  y advection ......   CPU =      2.290
  z advection ......   CPU =      8.670
      wetdep  ......   CPU =     -0.870
      updtmet ......   CPU =      1.770
  z diffusion ......   CPU =     16.990
     x/y diff ......   CPU =     10.110
          TUV ......     chemdriv ...... aerotchk,grdtime:    145.0000       145.0000    
 Calling fullaero ... time:    145.0000      8.3333336E-02  0.2500000    
 Layer=           1
 Layer=           2
 Layer=           3
 Layer=           4
 Layer=           5
 Layer=           6
 Layer=           7
 Layer=           8
 Layer=           9
 Layer=          10
 Layer=          11
 Layer=          12
 Layer=          13
 Layer=          14
   CPU =    183.500
Accumulative CPU time:    3219.992
 
Date/time:    08122  145.00
 
 Before if statement in CAMx.f
 date=        8122
 bnddate=        8366
 time=   145.0000    
 bndtim=  0.0000000E+00
Processing grid:  1 Timestep:   300.0
       zrates ......   CPU =      2.620
        emiss ......   CPU =     16.920
  y advection ......   CPU =      2.260
  x advection ......   CPU =      1.640
  z advection ......   CPU =      8.700
      wetdep  ......   CPU =     -0.910
      updtmet ......   CPU =      1.800
  z diffusion ......   CPU =     16.960
     x/y diff ......   CPU =     10.130
          TUV ......     chemdriv ...... aerotchk,grdtime:    150.0000       200.0000    
 Layer=           1
 Layer=           2
 Layer=           3
 Layer=           4
 Layer=           5
 Layer=           6
 Layer=           7
 Layer=           8
 Layer=           9
 Layer=          10
 Layer=          11
 Layer=          12
 Layer=          13
 Layer=          14
   CPU =     14.240
Accumulative CPU time:    3294.365
 
Date/time:    08122  150.00
 
 Before if statement in CAMx.f
 date=        8122
 bnddate=        8366
 time=   150.0000    
 bndtim=  0.0000000E+00
Processing grid:  1 Timestep:   300.0
       zrates ......   CPU =      2.650
        emiss ......   CPU =     16.920
  x advection ......   CPU =      5.250
  y advection ......   CPU =      2.340
  z advection ......   CPU =      9.070
      wetdep  ......   CPU =     -0.870
      updtmet ......   CPU =      1.830
  z diffusion ......   CPU =     17.310
     x/y diff ......   CPU =     10.170
          TUV ......     chemdriv ...... aerotchk,grdtime:    155.0000       200.0000    
 Layer=           1
 Layer=           2
 Layer=           3
 Layer=           4
 Layer=           5
 Layer=           6
 Layer=           7
 Layer=           8
 Layer=           9
 Layer=          10
 Layer=          11
 Layer=          12
 Layer=          13
 Layer=          14
   CPU =     14.510
Accumulative CPU time:    3370.015
 
Date/time:    08122  155.00
 
 Before if statement in CAMx.f
 date=        8122
 bnddate=        8366
 time=   155.0000    
 bndtim=  0.0000000E+00
Processing grid:  1 Timestep:   300.0
       zrates ......   CPU =      2.790
        emiss ......   CPU =     17.650
  y advection ......   CPU =      2.530
  x advection ......   CPU =      1.740
  z advection ......   CPU =      9.070
      wetdep  ......   CPU =     -0.880
      updtmet ......   CPU =      1.830
  z diffusion ......   CPU =     17.310
     x/y diff ......   CPU =     10.170
          TUV ......     chemdriv ...... aerotchk,grdtime:    200.0000       200.0000    
 Calling fullaero ... time:    200.0000      8.3333336E-02  0.2500000    
 Layer=           1
 Layer=           2
 Layer=           3
 Layer=           4
 Layer=           5
 Layer=           6
 Layer=           7
 Layer=           8
 Layer=           9
 Layer=          10
 Layer=          11
 Layer=          12
 Layer=          13
 Layer=          14
   CPU =    181.490
       wrtcon ......   CPU =      3.380
Accumulative CPU time:    3614.301
 
Date/time:    08122  200.00
 
      readinp ......   CPU =      2.250
     timestep ......   CPU =     -2.240
        khorz ......   CPU =      2.270
       drydep ......   CPU =     -1.380
       readar ......   CPU =      2.270
 Before if statement in CAMx.f
 date=        8122
 bnddate=        8366
 time=   200.0000    
 bndtim=  0.0000000E+00
Processing grid:  1 Timestep:   300.0
       zrates ......   CPU =     -1.830
        emiss ......   CPU =     13.540
  x advection ......   CPU =      1.300
  y advection ......   CPU =      6.590
  z advection ......   CPU =      5.020
      wetdep  ......   CPU =      3.390
      updtmet ......   CPU =     -2.240
  z diffusion ......   CPU =     21.370
     x/y diff ......   CPU =      6.110
          TUV ......     chemdriv ...... aerotchk,grdtime:    205.0000       215.0000    
 Layer=           1
 Layer=           2
 Layer=           3
 Layer=           4
 Layer=           5
 Layer=           6
 Layer=           7
 Layer=           8
 Layer=           9
 Layer=          10
 Layer=          11
 Layer=          12
 Layer=          13
 Layer=          14
   CPU =     18.680
Accumulative CPU time:    3692.201
 
Date/time:    08122  205.00
 
 Before if statement in CAMx.f
 date=        8122
 bnddate=        8366
 time=   205.0000    
 bndtim=  0.0000000E+00
Processing grid:  1 Timestep:   300.0
       zrates ......   CPU =     -1.280
        emiss ......   CPU =     13.580
  y advection ......   CPU =      6.600
  x advection ......   CPU =      5.810
  z advection ......   CPU =      5.010
      wetdep  ......   CPU =      3.400
      updtmet ......   CPU =     -2.250
  z diffusion ......   CPU =     21.380
     x/y diff ......   CPU =      6.100
          TUV ......     chemdriv ...... aerotchk,grdtime:    210.0000       215.0000    
 Layer=           1
 Layer=           2
 Layer=           3
 Layer=           4
 Layer=           5
 Layer=           6
 Layer=           7
 Layer=           8
 Layer=           9
 Layer=          10
 Layer=          11
 Layer=          12
 Layer=          13
 Layer=          14
   CPU =     18.750
Accumulative CPU time:    3769.289
 
Date/time:    08122  210.00
 
 Before if statement in CAMx.f
 date=        8122
 bnddate=        8366
 time=   210.0000    
 bndtim=  0.0000000E+00
Processing grid:  1 Timestep:   300.0
       zrates ......   CPU =     -1.300
        emiss ......   CPU =     13.580
  x advection ......   CPU =      1.290
  y advection ......   CPU =      6.600
  z advection ......   CPU =      5.010
      wetdep  ......   CPU =      3.400
      updtmet ......   CPU =     -2.250
  z diffusion ......   CPU =     21.380
     x/y diff ......   CPU =      6.100
          TUV ......     chemdriv ...... aerotchk,grdtime:    215.0000       215.0000    
 Calling fullaero ... time:    215.0000      8.3333336E-02  0.2500000    
 Layer=           1
 Layer=           2
 Layer=           3
 Layer=           4
 Layer=           5
 Layer=           6
 Layer=           7
 Layer=           8
 Layer=           9
 Layer=          10
 Layer=          11
 Layer=          12
 Layer=          13
 Layer=          14
   CPU =    218.890
Accumulative CPU time:    4046.531
 
Date/time:    08122  215.00
 
 Before if statement in CAMx.f
 date=        8122
 bnddate=        8366
 time=   215.0000    
 bndtim=  0.0000000E+00
Processing grid:  1 Timestep:   300.0
       zrates ......   CPU =     -1.280
        emiss ......   CPU =     13.580
  y advection ......   CPU =      6.600
  x advection ......   CPU =      5.810
  z advection ......   CPU =      5.020
      wetdep  ......   CPU =      3.390
      updtmet ......   CPU =     -2.250
  z diffusion ......   CPU =     21.390
     x/y diff ......   CPU =      6.110
          TUV ......     chemdriv ...... aerotchk,grdtime:    220.0000       230.0000    
 Layer=           1
 Layer=           2
 Layer=           3
 Layer=           4
 Layer=           5
 Layer=           6
 Layer=           7
 Layer=           8
 Layer=           9
 Layer=          10
 Layer=          11
 Layer=          12
 Layer=          13
 Layer=          14
   CPU =     18.840
Accumulative CPU time:    4123.738
 
Date/time:    08122  220.00
 
 Before if statement in CAMx.f
 date=        8122
 bnddate=        8366
 time=   220.0000    
 bndtim=  0.0000000E+00
Processing grid:  1 Timestep:   300.0
       zrates ......   CPU =     -1.290
        emiss ......   CPU =     13.580
  x advection ......   CPU =      1.290
  y advection ......   CPU =      6.600
  z advection ......   CPU =      5.030
      wetdep  ......   CPU =      3.400
      updtmet ......   CPU =     -2.250
  z diffusion ......   CPU =     21.380
     x/y diff ......   CPU =      6.100
          TUV ......     chemdriv ...... aerotchk,grdtime:    225.0000       230.0000    
 Layer=           1
 Layer=           2
 Layer=           3
 Layer=           4
 Layer=           5
 Layer=           6
 Layer=           7
 Layer=           8
 Layer=           9
 Layer=          10
 Layer=          11
 Layer=          12
 Layer=          13
 Layer=          14
   CPU =     18.930
Accumulative CPU time:    4201.032
 
Date/time:    08122  225.00
 
 Before if statement in CAMx.f
 date=        8122
 bnddate=        8366
 time=   225.0000    
 bndtim=  0.0000000E+00
Processing grid:  1 Timestep:   300.0
       zrates ......   CPU =     -1.290
        emiss ......   CPU =     13.580
  y advection ......   CPU =      6.610
  x advection ......   CPU =      5.810
  z advection ......   CPU =      5.010
      wetdep  ......   CPU =      3.400
      updtmet ......   CPU =     -2.250
  z diffusion ......   CPU =     21.380
     x/y diff ......   CPU =      6.100
          TUV ......     chemdriv ...... aerotchk,grdtime:    230.0000       230.0000    
 Calling fullaero ... time:    230.0000      8.3333336E-02  0.2500000    
 Layer=           1
 Layer=           2
 Layer=           3
 Layer=           4
 Layer=           5
 Layer=           6
 Layer=           7
 Layer=           8
 Layer=           9
 Layer=          10
 Layer=          11
 Layer=          12
 Layer=          13
 Layer=          14
   CPU =    198.490
Accumulative CPU time:    4457.861
 
Date/time:    08122  230.00
 
 Before if statement in CAMx.f
 date=        8122
 bnddate=        8366
 time=   230.0000    
 bndtim=  0.0000000E+00
Processing grid:  1 Timestep:   300.0
       zrates ......   CPU =     -1.290
        emiss ......   CPU =     13.560
  x advection ......   CPU =      1.280
  y advection ......   CPU =      6.610
  z advection ......   CPU =      5.010
      wetdep  ......   CPU =      3.410
      updtmet ......   CPU =     -2.250
  z diffusion ......   CPU =     21.390
     x/y diff ......   CPU =      6.090
          TUV ......     chemdriv ...... aerotchk,grdtime:    235.0000       245.0000    
 Layer=           1
 Layer=           2
 Layer=           3
 Layer=           4
 Layer=           5
 Layer=           6
 Layer=           7
 Layer=           8
 Layer=           9
 Layer=          10
 Layer=          11
 Layer=          12
 Layer=          13
 Layer=          14
   CPU =     19.020
Accumulative CPU time:    4535.228
 
Date/time:    08122  235.00
 
 Before if statement in CAMx.f
 date=        8122
 bnddate=        8366
 time=   235.0000    
 bndtim=  0.0000000E+00
Processing grid:  1 Timestep:   300.0
       zrates ......   CPU =     -1.300
        emiss ......   CPU =     13.570
  y advection ......   CPU =      6.610
  x advection ......   CPU =      5.820
  z advection ......   CPU =      5.010
      wetdep  ......   CPU =      3.420
      updtmet ......   CPU =     -2.260
  z diffusion ......   CPU =     21.390
     x/y diff ......   CPU =      6.090
          TUV ......     chemdriv ...... aerotchk,grdtime:    240.0000       245.0000    
 Layer=           1
 Layer=           2
 Layer=           3
 Layer=           4
 Layer=           5
 Layer=           6
 Layer=           7
 Layer=           8
 Layer=           9
 Layer=          10
 Layer=          11
 Layer=          12
 Layer=          13
 Layer=          14
   CPU =     19.100
Accumulative CPU time:    4612.677
 
Date/time:    08122  240.00
 
 Before if statement in CAMx.f
 date=        8122
 bnddate=        8366
 time=   240.0000    
 bndtim=  0.0000000E+00
Processing grid:  1 Timestep:   300.0
       zrates ......   CPU =     -1.300
        emiss ......   CPU =     13.570
  x advection ......   CPU =      1.280
  y advection ......   CPU =      6.620
  z advection ......   CPU =      5.020
      wetdep  ......   CPU =      3.410
      updtmet ......   CPU =     -2.260
  z diffusion ......   CPU =     21.400
     x/y diff ......   CPU =      6.080
          TUV ......     chemdriv ...... aerotchk,grdtime:    245.0000       245.0000    
 Calling fullaero ... time:    245.0000      8.3333336E-02  0.2500000    
 Layer=           1
 Layer=           2
 Layer=           3
 Layer=           4
 Layer=           5
 Layer=           6
 Layer=           7
 Layer=           8
 Layer=           9
 Layer=          10
 Layer=          11
 Layer=          12
 Layer=          13
 Layer=          14
   CPU =    194.260
Accumulative CPU time:    4865.301
 
Date/time:    08122  245.00
 
 Before if statement in CAMx.f
 date=        8122
 bnddate=        8366
 time=   245.0000    
 bndtim=  0.0000000E+00
Processing grid:  1 Timestep:   300.0
       zrates ......   CPU =     -1.300
        emiss ......   CPU =     13.570
  y advection ......   CPU =      6.610
  x advection ......   CPU =      5.820
  z advection ......   CPU =      5.010
      wetdep  ......   CPU =      3.410
      updtmet ......   CPU =     -2.260
  z diffusion ......   CPU =     21.390
     x/y diff ......   CPU =      6.090
          TUV ......     chemdriv ...... aerotchk,grdtime:    250.0000       300.0000    
 Layer=           1
 Layer=           2
 Layer=           3
 Layer=           4
 Layer=           5
 Layer=           6
 Layer=           7
 Layer=           8
 Layer=           9
 Layer=          10
 Layer=          11
 Layer=          12
 Layer=          13
 Layer=          14
   CPU =     19.180
Accumulative CPU time:    4942.824
 
Date/time:    08122  250.00
 
 Before if statement in CAMx.f
 date=        8122
 bnddate=        8366
 time=   250.0000    
 bndtim=  0.0000000E+00
Processing grid:  1 Timestep:   300.0
       zrates ......   CPU =     -1.290
        emiss ......   CPU =     13.560
  x advection ......   CPU =      1.280
  y advection ......   CPU =      6.610
  z advection ......   CPU =      5.010
      wetdep  ......   CPU =      3.420
      updtmet ......   CPU =     -2.270
  z diffusion ......   CPU =     21.410
     x/y diff ......   CPU =      6.070
          TUV ......     chemdriv ...... aerotchk,grdtime:    255.0000       300.0000    
 Layer=           1
 Layer=           2
 Layer=           3
 Layer=           4
 Layer=           5
 Layer=           6
 Layer=           7
 Layer=           8
 Layer=           9
 Layer=          10
 Layer=          11
 Layer=          12
 Layer=          13
 Layer=          14
   CPU =     19.290
Accumulative CPU time:    5020.442
 
Date/time:    08122  255.00
 
 Before if statement in CAMx.f
 date=        8122
 bnddate=        8366
 time=   255.0000    
 bndtim=  0.0000000E+00
Processing grid:  1 Timestep:   300.0
       zrates ......   CPU =     -1.300
        emiss ......   CPU =     13.560
  y advection ......   CPU =      6.610
  x advection ......   CPU =      5.830
  z advection ......   CPU =      5.000
      wetdep  ......   CPU =      3.420
      updtmet ......   CPU =     -2.270
  z diffusion ......   CPU =     21.410
     x/y diff ......   CPU =      6.070
          TUV ......     chemdriv ...... aerotchk,grdtime:    300.0000       300.0000    
 Calling fullaero ... time:    300.0000      8.3333336E-02  0.2500000    
 Layer=           1
 Layer=           2
 Layer=           3
 Layer=           4
 Layer=           5
 Layer=           6
 Layer=           7
 Layer=           8
 Layer=           9
 Layer=          10
 Layer=          11
 Layer=          12
 Layer=          13
 Layer=          14
   CPU =    193.080
       wrtcon ......   CPU =     -1.100
Accumulative CPU time:    5272.488
 
Date/time:    08122  300.00
 
      readinp ......   CPU =     -2.680
     timestep ......   CPU =      2.700
        khorz ......   CPU =     -2.670
       drydep ......   CPU =      3.580
       readar ......   CPU =     -2.680
 Before if statement in CAMx.f
 date=        8122
 bnddate=        8366
 time=   300.0000    
 bndtim=  0.0000000E+00
Processing grid:  1 Timestep:   300.0
       zrates ......   CPU =      3.120
        emiss ......   CPU =     18.560
  x advection ......   CPU =      6.250
  y advection ......   CPU =      1.640
  z advection ......   CPU =      9.980
      wetdep  ......   CPU =     -1.450
      updtmet ......   CPU =      2.710
  z diffusion ......   CPU =     16.430
     x/y diff ......   CPU =     11.050
          TUV ......     chemdriv ...... aerotchk,grdtime:    305.0000       315.0000    
 Layer=           1
 Layer=           2
 Layer=           3
 Layer=           4
 Layer=           5
 Layer=           6
 Layer=           7
 Layer=           8
 Layer=           9
 Layer=          10
 Layer=          11
 Layer=          12
 Layer=          13
 Layer=          14
   CPU =     14.440
Accumulative CPU time:    5351.308
 
Date/time:    08122  305.00
 
 Before if statement in CAMx.f
 date=        8122
 bnddate=        8366
 time=   305.0000    
 bndtim=  0.0000000E+00
Processing grid:  1 Timestep:   300.0
       zrates ......   CPU =      3.670
        emiss ......   CPU =     18.560
  y advection ......   CPU =      1.640
  x advection ......   CPU =      0.850
  z advection ......   CPU =      9.990
      wetdep  ......   CPU =     -1.450
      updtmet ......   CPU =      2.710
  z diffusion ......   CPU =     16.430
     x/y diff ......   CPU =     11.060
          TUV ......     chemdriv ...... aerotchk,grdtime:    310.0000       315.0000    
 Layer=           1
 Layer=           2
 Layer=           3
 Layer=           4
 Layer=           5
 Layer=           6
 Layer=           7
 Layer=           8
 Layer=           9
 Layer=          10
 Layer=          11
 Layer=          12
 Layer=          13
 Layer=          14
   CPU =     14.490
Accumulative CPU time:    5429.264
 
Date/time:    08122  310.00
 
 Before if statement in CAMx.f
 date=        8122
 bnddate=        8366
 time=   310.0000    
 bndtim=  0.0000000E+00
Processing grid:  1 Timestep:   300.0
       zrates ......   CPU =      3.680
        emiss ......   CPU =     18.560
  x advection ......   CPU =      6.250
  y advection ......   CPU =      1.640
  z advection ......   CPU =      9.990
      wetdep  ......   CPU =     -1.450
      updtmet ......   CPU =      2.710
  z diffusion ......   CPU =     16.430
     x/y diff ......   CPU =     11.060
          TUV ......     chemdriv ...... aerotchk,grdtime:    315.0000       315.0000    
 Calling fullaero ... time:    315.0000      8.3333336E-02  0.2500000    
 Layer=           1
 Layer=           2
 Layer=           3
 Layer=           4
 Layer=           5
 Layer=           6
 Layer=           7
 Layer=           8
 Layer=           9
 Layer=          10
 Layer=          11
 Layer=          12
 Layer=          13
 Layer=          14
   CPU =    221.840
Accumulative CPU time:    5714.574
 
Date/time:    08122  315.00
 
 Before if statement in CAMx.f
 date=        8122
 bnddate=        8366
 time=   315.0000    
 bndtim=  0.0000000E+00
Processing grid:  1 Timestep:   300.0
       zrates ......   CPU =      3.680
        emiss ......   CPU =     18.550
  y advection ......   CPU =      1.640
  x advection ......   CPU =      0.860
  z advection ......   CPU =      9.990
      wetdep  ......   CPU =     -1.450
      updtmet ......   CPU =      2.710
  z diffusion ......   CPU =     16.430
     x/y diff ......   CPU =     11.060
          TUV ......     chemdriv ...... aerotchk,grdtime:    320.0000       330.0000    
 Layer=           1
 Layer=           2
 Layer=           3
 Layer=           4
 Layer=           5
 Layer=           6
 Layer=           7
 Layer=           8
 Layer=           9
 Layer=          10
 Layer=          11
 Layer=          12
 Layer=          13
 Layer=          14
   CPU =     14.590
Accumulative CPU time:    5792.626
 
Date/time:    08122  320.00
 
 Before if statement in CAMx.f
 date=        8122
 bnddate=        8366
 time=   320.0000    
 bndtim=  0.0000000E+00
Processing grid:  1 Timestep:   300.0
       zrates ......   CPU =      3.670
        emiss ......   CPU =     18.560
  x advection ......   CPU =      6.260
  y advection ......   CPU =      1.650
  z advection ......   CPU =      9.990
      wetdep  ......   CPU =     -1.450
      updtmet ......   CPU =      2.720
  z diffusion ......   CPU =     16.430
     x/y diff ......   CPU =     11.060
          TUV ......     chemdriv ...... aerotchk,grdtime:    325.0000       330.0000    
 Layer=           1
 Layer=           2
 Layer=           3
 Layer=           4
 Layer=           5
 Layer=           6
 Layer=           7
 Layer=           8
 Layer=           9
 Layer=          10
 Layer=          11
 Layer=          12
 Layer=          13
 Layer=          14
   CPU =     14.680
Accumulative CPU time:    5870.796
 
Date/time:    08122  325.00
 
 Before if statement in CAMx.f
 date=        8122
 bnddate=        8366
 time=   325.0000    
 bndtim=  0.0000000E+00
Processing grid:  1 Timestep:   300.0
       zrates ......   CPU =      3.670
        emiss ......   CPU =     18.570
  y advection ......   CPU =      1.640
  x advection ......   CPU =      0.860
  z advection ......   CPU =      9.990
      wetdep  ......   CPU =     -1.450
      updtmet ......   CPU =      2.720
  z diffusion ......   CPU =     16.420
     x/y diff ......   CPU =     11.070
          TUV ......     chemdriv ...... aerotchk,grdtime:    330.0000       330.0000    
 Calling fullaero ... time:    330.0000      8.3333336E-02  0.2500000    
 Layer=           1
 Layer=           2
 Layer=           3
 Layer=           4
 Layer=           5
 Layer=           6
 Layer=           7
 Layer=           8
 Layer=           9
 Layer=          10
 Layer=          11
 Layer=          12
 Layer=          13
 Layer=          14
   CPU =    198.840
Accumulative CPU time:    6133.135
 
Date/time:    08122  330.00
 
 Before if statement in CAMx.f
 date=        8122
 bnddate=        8366
 time=   330.0000    
 bndtim=  0.0000000E+00
Processing grid:  1 Timestep:   300.0
       zrates ......   CPU =      3.680
        emiss ......   CPU =     18.560
  x advection ......   CPU =      6.250
  y advection ......   CPU =      1.640
  z advection ......   CPU =      9.990
      wetdep  ......   CPU =     -1.440
      updtmet ......   CPU =      2.710
  z diffusion ......   CPU =     16.430
     x/y diff ......   CPU =     11.060
          TUV ......     chemdriv ...... aerotchk,grdtime:    335.0000       345.0000    
 Layer=           1
 Layer=           2
 Layer=           3
 Layer=           4
 Layer=           5
 Layer=           6
 Layer=           7
 Layer=           8
 Layer=           9
 Layer=          10
 Layer=          11
 Layer=          12
 Layer=          13
 Layer=          14
   CPU =     14.780
Accumulative CPU time:    6211.390
 
Date/time:    08122  335.00
 
 Before if statement in CAMx.f
 date=        8122
 bnddate=        8366
 time=   335.0000    
 bndtim=  0.0000000E+00
Processing grid:  1 Timestep:   300.0
       zrates ......   CPU =      3.680
        emiss ......   CPU =     18.570
  y advection ......   CPU =      1.630
  x advection ......   CPU =      0.840
  z advection ......   CPU =     10.000
      wetdep  ......   CPU =     -1.460
      updtmet ......   CPU =      2.730
  z diffusion ......   CPU =     16.410
     x/y diff ......   CPU =     11.070
          TUV ......     chemdriv ...... aerotchk,grdtime:    340.0000       345.0000    
 Layer=           1
 Layer=           2
 Layer=           3
 Layer=           4
 Layer=           5
 Layer=           6
 Layer=           7
 Layer=           8
 Layer=           9
 Layer=          10
 Layer=          11
 Layer=          12
 Layer=          13
 Layer=          14
   CPU =     14.860
Accumulative CPU time:    6289.724
 
Date/time:    08122  340.00
 
 Before if statement in CAMx.f
 date=        8122
 bnddate=        8366
 time=   340.0000    
 bndtim=  0.0000000E+00
Processing grid:  1 Timestep:   300.0
       zrates ......   CPU =      3.680
        emiss ......   CPU =     18.570
  x advection ......   CPU =      6.260
  y advection ......   CPU =      1.630
  z advection ......   CPU =     10.000
      wetdep  ......   CPU =     -1.460
      updtmet ......   CPU =      2.730
  z diffusion ......   CPU =     16.420
     x/y diff ......   CPU =     11.060
          TUV ......     chemdriv ...... aerotchk,grdtime:    345.0000       345.0000    
 Calling fullaero ... time:    345.0000      8.3333336E-02  0.2500000    
 Layer=           1
 Layer=           2
 Layer=           3
 Layer=           4
 Layer=           5
 Layer=           6
 Layer=           7
 Layer=           8
 Layer=           9
 Layer=          10
 Layer=          11
 Layer=          12
 Layer=          13
 Layer=          14
   CPU =    196.570
Accumulative CPU time:    6549.774
 
Date/time:    08122  345.00
 
 Before if statement in CAMx.f
 date=        8122
 bnddate=        8366
 time=   345.0000    
 bndtim=  0.0000000E+00
Processing grid:  1 Timestep:   300.0
       zrates ......   CPU =      3.690
        emiss ......   CPU =     18.570
  y advection ......   CPU =      1.640
  x advection ......   CPU =      0.840
  z advection ......   CPU =     10.000
      wetdep  ......   CPU =     -1.460
      updtmet ......   CPU =      2.720
  z diffusion ......   CPU =     16.420
     x/y diff ......   CPU =     11.070
          TUV ......     chemdriv ...... aerotchk,grdtime:    350.0000       400.0000    
 Layer=           1
 Layer=           2
 Layer=           3
 Layer=           4
 Layer=           5
 Layer=           6
 Layer=           7
 Layer=           8
 Layer=           9
 Layer=          10
 Layer=          11
 Layer=          12
 Layer=          13
 Layer=          14
   CPU =     14.960
Accumulative CPU time:    6628.227
 
Date/time:    08122  350.00
 
 Before if statement in CAMx.f
 date=        8122
 bnddate=        8366
 time=   350.0000    
 bndtim=  0.0000000E+00
Processing grid:  1 Timestep:   300.0
       zrates ......   CPU =      3.690
        emiss ......   CPU =     18.580
  x advection ......   CPU =      6.260
  y advection ......   CPU =      1.620
  z advection ......   CPU =     10.000
      wetdep  ......   CPU =     -1.460
      updtmet ......   CPU =      2.730
  z diffusion ......   CPU =     16.410
     x/y diff ......   CPU =     11.080
          TUV ......     chemdriv ...... aerotchk,grdtime:    355.0000       400.0000    
 Layer=           1
 Layer=           2
 Layer=           3
 Layer=           4
 Layer=           5
 Layer=           6
 Layer=           7
 Layer=           8
 Layer=           9
 Layer=          10
 Layer=          11
 Layer=          12
 Layer=          13
 Layer=          14
   CPU =     15.060
Accumulative CPU time:    6706.762
 
Date/time:    08122  355.00
 
 Before if statement in CAMx.f
 date=        8122
 bnddate=        8366
 time=   355.0000    
 bndtim=  0.0000000E+00
Processing grid:  1 Timestep:   300.0
       zrates ......   CPU =      3.680
        emiss ......   CPU =     18.560
  y advection ......   CPU =      1.630
  x advection ......   CPU =      0.850
  z advection ......   CPU =     10.010
      wetdep  ......   CPU =     -1.470
      updtmet ......   CPU =      2.730
  z diffusion ......   CPU =     16.410
     x/y diff ......   CPU =     11.070
          TUV ......     chemdriv ...... aerotchk,grdtime:    400.0000       400.0000    
 Calling fullaero ... time:    400.0000      8.3333336E-02  0.2500000    
 Layer=           1
 Layer=           2
 Layer=           3
 Layer=           4
 Layer=           5
 Layer=           6
 Layer=           7
 Layer=           8
 Layer=           9
 Layer=          10
 Layer=          11
 Layer=          12
 Layer=          13
 Layer=          14
   CPU =    196.910
       wrtcon ......   CPU =      4.310
Accumulative CPU time:    6967.742
 
Date/time:    08122  400.00
 
      readinp ......   CPU =      3.190
     timestep ......   CPU =     -3.180
        khorz ......   CPU =      3.200
       drydep ......   CPU =     -2.300
       readar ......   CPU =      3.200
 Before if statement in CAMx.f
 date=        8122
 bnddate=        8366
 time=   400.0000    
 bndtim=  0.0000000E+00
Processing grid:  1 Timestep:   300.0
       zrates ......   CPU =     -2.760
        emiss ......   CPU =     12.680
  x advection ......   CPU =      0.380
  y advection ......   CPU =      7.510
  z advection ......   CPU =      4.110
      wetdep  ......   CPU =      4.430
      updtmet ......   CPU =     -3.160
  z diffusion ......   CPU =     22.310
     x/y diff ......   CPU =      5.180
          TUV ......     chemdriv ...... aerotchk,grdtime:    405.0000       415.0000    
 Layer=           1
 Layer=           2
 Layer=           3
 Layer=           4
 Layer=           5
 Layer=           6
 Layer=           7
 Layer=           8
 Layer=           9
 Layer=          10
 Layer=          11
 Layer=          12
 Layer=          13
 Layer=          14
   CPU =     21.110
Accumulative CPU time:    7047.375
 
Date/time:    08122  405.00
 
 Before if statement in CAMx.f
 date=        8122
 bnddate=        8366
 time=   405.0000    
 bndtim=  0.0000000E+00
Processing grid:  1 Timestep:   300.0
       zrates ......   CPU =     -2.210
        emiss ......   CPU =     12.670
  y advection ......   CPU =      7.530
  x advection ......   CPU =      6.750
  z advection ......   CPU =      4.100
      wetdep  ......   CPU =      4.440
      updtmet ......   CPU =     -3.180
  z diffusion ......   CPU =     22.310
     x/y diff ......   CPU =      5.170
          TUV ......     chemdriv ...... aerotchk,grdtime:    410.0000       415.0000    
 Layer=           1
 Layer=           2
 Layer=           3
 Layer=           4
 Layer=           5
 Layer=           6
 Layer=           7
 Layer=           8
 Layer=           9
 Layer=          10
 Layer=          11
 Layer=          12
 Layer=          13
 Layer=          14
   CPU =     21.190
Accumulative CPU time:    7126.140
 
Date/time:    08122  410.00
 
 Before if statement in CAMx.f
 date=        8122
 bnddate=        8366
 time=   410.0000    
 bndtim=  0.0000000E+00
Processing grid:  1 Timestep:   300.0
       zrates ......   CPU =     -2.220
        emiss ......   CPU =     12.670
  x advection ......   CPU =      0.360
  y advection ......   CPU =      7.540
  z advection ......   CPU =      4.100
      wetdep  ......   CPU =      4.440
      updtmet ......   CPU =     -3.170
  z diffusion ......   CPU =     22.310
     x/y diff ......   CPU =      5.170
          TUV ......     chemdriv ...... aerotchk,grdtime:    415.0000       415.0000    
 Calling fullaero ... time:    415.0000      8.3333336E-02  0.2500000    
 Layer=           1
 Layer=           2
 Layer=           3
 Layer=           4
 Layer=           5
 Layer=           6
 Layer=           7
 Layer=           8
 Layer=           9
 Layer=          10
 Layer=          11
 Layer=          12
 Layer=          13
 Layer=          14
   CPU =    232.480
Accumulative CPU time:    7416.199
 
Date/time:    08122  415.00
 
 Before if statement in CAMx.f
 date=        8122
 bnddate=        8366
 time=   415.0000    
 bndtim=  0.0000000E+00
Processing grid:  1 Timestep:   300.0
       zrates ......   CPU =     -2.220
        emiss ......   CPU =     12.680
  y advection ......   CPU =      7.530
  x advection ......   CPU =      6.740
  z advection ......   CPU =      4.110
      wetdep  ......   CPU =      4.440
      updtmet ......   CPU =     -3.180
  z diffusion ......   CPU =     22.320
     x/y diff ......   CPU =      5.180
          TUV ......     chemdriv ...... aerotchk,grdtime:    420.0000       430.0000    
 Layer=           1
 Layer=           2
 Layer=           3
 Layer=           4
 Layer=           5
 Layer=           6
 Layer=           7
 Layer=           8
 Layer=           9
 Layer=          10
 Layer=          11
 Layer=          12
 Layer=          13
 Layer=          14
   CPU =     21.330
Accumulative CPU time:    7495.127
 
Date/time:    08122  420.00
 
 Before if statement in CAMx.f
 date=        8122
 bnddate=        8366
 time=   420.0000    
 bndtim=  0.0000000E+00
Processing grid:  1 Timestep:   300.0
       zrates ......   CPU =     -2.220
        emiss ......   CPU =     12.660
  x advection ......   CPU =      0.360
  y advection ......   CPU =      7.530
  z advection ......   CPU =      4.110
      wetdep  ......   CPU =      4.440
      updtmet ......   CPU =     -3.180
  z diffusion ......   CPU =     22.320
     x/y diff ......   CPU =      5.170
          TUV ......     chemdriv ...... aerotchk,grdtime:    425.0000       430.0000    
 Layer=           1
 Layer=           2
 Layer=           3
 Layer=           4
 Layer=           5
 Layer=           6
 Layer=           7
 Layer=           8
 Layer=           9
 Layer=          10
 Layer=          11
 Layer=          12
 Layer=          13
 Layer=          14
   CPU =     21.430
Accumulative CPU time:    7574.129
 
Date/time:    08122  425.00
 
 Before if statement in CAMx.f
 date=        8122
 bnddate=        8366
 time=   425.0000    
 bndtim=  0.0000000E+00
Processing grid:  1 Timestep:   300.0
       zrates ......   CPU =     -2.210
        emiss ......   CPU =     12.660
  y advection ......   CPU =      7.530
  x advection ......   CPU =      6.740
  z advection ......   CPU =      4.110
      wetdep  ......   CPU =      4.440
      updtmet ......   CPU =     -3.180
  z diffusion ......   CPU =     22.320
     x/y diff ......   CPU =      5.180
          TUV ......     chemdriv ...... aerotchk,grdtime:    430.0000       430.0000    
 Calling fullaero ... time:    430.0000      8.3333336E-02  0.2500000    
 Layer=           1
 Layer=           2
 Layer=           3
 Layer=           4
 Layer=           5
 Layer=           6
 Layer=           7
 Layer=           8
 Layer=           9
 Layer=          10
 Layer=          11
 Layer=          12
 Layer=          13
 Layer=          14
   CPU =    215.030
Accumulative CPU time:    7846.754
 
Date/time:    08122  430.00
 
 Before if statement in CAMx.f
 date=        8122
 bnddate=        8366
 time=   430.0000    
 bndtim=  0.0000000E+00
Processing grid:  1 Timestep:   300.0
       zrates ......   CPU =     -2.210
        emiss ......   CPU =     12.670
  x advection ......   CPU =      0.360
  y advection ......   CPU =      7.530
  z advection ......   CPU =      4.100
      wetdep  ......   CPU =      4.440
      updtmet ......   CPU =     -3.180
  z diffusion ......   CPU =     22.310
     x/y diff ......   CPU =      5.170
          TUV ......     chemdriv ...... aerotchk,grdtime:    435.0000       445.0000    
 Layer=           1
 Layer=           2
 Layer=           3
 Layer=           4
 Layer=           5
 Layer=           6
 Layer=           7
 Layer=           8
 Layer=           9
 Layer=          10
 Layer=          11
 Layer=          12
 Layer=          13
 Layer=          14
   CPU =     21.580
Accumulative CPU time:    7925.899
 
Date/time:    08122  435.00
 
 Before if statement in CAMx.f
 date=        8122
 bnddate=        8366
 time=   435.0000    
 bndtim=  0.0000000E+00
Processing grid:  1 Timestep:   300.0
       zrates ......   CPU =     -2.220
        emiss ......   CPU =     12.660
  y advection ......   CPU =      7.540
  x advection ......   CPU =      6.750
  z advection ......   CPU =      4.090
      wetdep  ......   CPU =      4.450
      updtmet ......   CPU =     -3.180
  z diffusion ......   CPU =     22.320
     x/y diff ......   CPU =      5.160
          TUV ......     chemdriv ...... aerotchk,grdtime:    440.0000       445.0000    
 Layer=           1
 Layer=           2
 Layer=           3
 Layer=           4
 Layer=           5
 Layer=           6
 Layer=           7
 Layer=           8
 Layer=           9
 Layer=          10
 Layer=          11
 Layer=          12
 Layer=          13
 Layer=          14
   CPU =     21.700
Accumulative CPU time:    8005.161
 
Date/time:    08122  440.00
 
 Before if statement in CAMx.f
 date=        8122
 bnddate=        8366
 time=   440.0000    
 bndtim=  0.0000000E+00
Processing grid:  1 Timestep:   300.0
       zrates ......   CPU =     -2.220
        emiss ......   CPU =     12.660
  x advection ......   CPU =      0.350
  y advection ......   CPU =      7.540
  z advection ......   CPU =      4.100
      wetdep  ......   CPU =      4.450
      updtmet ......   CPU =     -3.190
  z diffusion ......   CPU =     22.320
     x/y diff ......   CPU =      5.160
          TUV ......     chemdriv ...... aerotchk,grdtime:    445.0000       445.0000    
 Calling fullaero ... time:    445.0000      8.3333336E-02  0.2500000    
 Layer=           1
 Layer=           2
 Layer=           3
 Layer=           4
 Layer=           5
 Layer=           6
 Layer=           7
 Layer=           8
 Layer=           9
 Layer=          10
 Layer=          11
 Layer=          12
 Layer=          13
 Layer=          14
   CPU =    215.650
Accumulative CPU time:    8278.380
 
Date/time:    08122  445.00
 
 Before if statement in CAMx.f
 date=        8122
 bnddate=        8366
 time=   445.0000    
 bndtim=  0.0000000E+00
Processing grid:  1 Timestep:   300.0
       zrates ......   CPU =     -2.230
        emiss ......   CPU =     12.670
  y advection ......   CPU =      7.540
  x advection ......   CPU =      6.750
  z advection ......   CPU =      4.090
      wetdep  ......   CPU =      4.450
      updtmet ......   CPU =     -3.190
  z diffusion ......   CPU =     22.320
     x/y diff ......   CPU =      5.160
          TUV ......     chemdriv ...... aerotchk,grdtime:    450.0000       500.0000    
 Layer=           1
 Layer=           2
 Layer=           3
 Layer=           4
 Layer=           5
 Layer=           6
 Layer=           7
 Layer=           8
 Layer=           9
 Layer=          10
 Layer=          11
 Layer=          12
 Layer=          13
 Layer=          14
   CPU =     21.880
Accumulative CPU time:    8357.822
 
Date/time:    08122  450.00
 
 Before if statement in CAMx.f
 date=        8122
 bnddate=        8366
 time=   450.0000    
 bndtim=  0.0000000E+00
Processing grid:  1 Timestep:   300.0
       zrates ......   CPU =     -2.220
        emiss ......   CPU =     12.660
  x advection ......   CPU =      0.350
  y advection ......   CPU =      7.540
  z advection ......   CPU =      4.100
      wetdep  ......   CPU =      4.450
      updtmet ......   CPU =     -3.190
  z diffusion ......   CPU =     22.330
     x/y diff ......   CPU =      5.160
          TUV ......     chemdriv ...... aerotchk,grdtime:    455.0000       500.0000    
 Layer=           1
 Layer=           2
 Layer=           3
 Layer=           4
 Layer=           5
 Layer=           6
 Layer=           7
 Layer=           8
 Layer=           9
 Layer=          10
 Layer=          11
 Layer=          12
 Layer=          13
 Layer=          14
   CPU =     22.020
Accumulative CPU time:    8437.419
 
Date/time:    08122  455.00
 
 Before if statement in CAMx.f
 date=        8122
 bnddate=        8366
 time=   455.0000    
 bndtim=  0.0000000E+00
Processing grid:  1 Timestep:   300.0
       zrates ......   CPU =     -2.220
        emiss ......   CPU =     12.660
  y advection ......   CPU =      7.540
  x advection ......   CPU =      6.760
  z advection ......   CPU =      4.090
      wetdep  ......   CPU =      4.450
      updtmet ......   CPU =     -3.190
  z diffusion ......   CPU =     22.330
     x/y diff ......   CPU =      5.160
          TUV ......     chemdriv ...... aerotchk,grdtime:    500.0000       500.0000    
 Calling fullaero ... time:    500.0000      8.3333336E-02  0.2500000    
 Layer=           1
 Layer=           2
 Layer=           3
 Layer=           4
 Layer=           5
 Layer=           6
 Layer=           7
 Layer=           8
 Layer=           9
 Layer=          10
 Layer=          11
 Layer=          12
 Layer=          13
 Layer=          14
   CPU =    218.100
       wrtcon ......   CPU =     -2.020
Accumulative CPU time:    8713.731
 
Date/time:    08122  500.00
 
      readinp ......   CPU =     -3.620
     timestep ......   CPU =      3.640
        khorz ......   CPU =     -3.610
       drydep ......   CPU =      4.510
       readar ......   CPU =     -3.610
 Before if statement in CAMx.f
 date=        8122
 bnddate=        8366
 time=   500.0000    
 bndtim=  0.0000000E+00
Processing grid:  1 Timestep:   300.0
       zrates ......   CPU =      4.050
        emiss ......   CPU =     19.480
  x advection ......   CPU =      7.190
  y advection ......   CPU =      0.710
  z advection ......   CPU =     10.910
      wetdep  ......   CPU =     -2.340
      updtmet ......   CPU =      3.640
  z diffusion ......   CPU =     15.500
     x/y diff ......   CPU =     11.980
          TUV ......     chemdriv ...... aerotchk,grdtime:    505.0000       515.0000    
 Layer=           1
 Layer=           2
 Layer=           3
 Layer=           4
 Layer=           5
 Layer=           6
 Layer=           7
 Layer=           8
 Layer=           9
 Layer=          10
 Layer=          11
 Layer=          12
 Layer=          13
 Layer=          14
   CPU =     15.410
Accumulative CPU time:    8794.500
 
Date/time:    08122  505.00
 
 Before if statement in CAMx.f
 date=        8122
 bnddate=        8366
 time=   505.0000    
 bndtim=  0.0000000E+00
Processing grid:  1 Timestep:   300.0
       zrates ......   CPU =      4.620
        emiss ......   CPU =     19.500
  y advection ......   CPU =      0.690
  x advection ......   CPU =     -0.080
  z advection ......   CPU =     10.930
      wetdep  ......   CPU =     -2.350
      updtmet ......   CPU =      3.650
  z diffusion ......   CPU =     15.480
     x/y diff ......   CPU =     11.990
          TUV ......     chemdriv ...... aerotchk,grdtime:    510.0000       515.0000    
 Layer=           1
 Layer=           2
 Layer=           3
 Layer=           4
 Layer=           5
 Layer=           6
 Layer=           7
 Layer=           8
 Layer=           9
 Layer=          10
 Layer=          11
 Layer=          12
 Layer=          13
 Layer=          14
   CPU =     15.510
Accumulative CPU time:    8874.436
 
Date/time:    08122  510.00
 
 Before if statement in CAMx.f
 date=        8122
 bnddate=        8366
 time=   510.0000    
 bndtim=  0.0000000E+00
Processing grid:  1 Timestep:   300.0
       zrates ......   CPU =      4.610
        emiss ......   CPU =     19.510
  x advection ......   CPU =      7.200
  y advection ......   CPU =      0.690
  z advection ......   CPU =     10.930
      wetdep  ......   CPU =     -2.350
      updtmet ......   CPU =      3.650
  z diffusion ......   CPU =     15.490
     x/y diff ......   CPU =     12.000
          TUV ......     chemdriv ...... aerotchk,grdtime:    515.0000       515.0000    
 Calling fullaero ... time:    515.0000      8.3333336E-02  0.2500000    
 Layer=           1
 Layer=           2
 Layer=           3
 Layer=           4
 Layer=           5
 Layer=           6
 Layer=           7
 Layer=           8
 Layer=           9
 Layer=          10
 Layer=          11
 Layer=          12
 Layer=          13
 Layer=          14
   CPU =    231.310
Accumulative CPU time:    9170.205
 
Date/time:    08122  515.00
 
 Before if statement in CAMx.f
 date=        8122
 bnddate=        8366
 time=   515.0000    
 bndtim=  0.0000000E+00
Processing grid:  1 Timestep:   300.0
       zrates ......   CPU =      4.620
        emiss ......   CPU =     19.500
  y advection ......   CPU =      0.700
  x advection ......   CPU =     -0.090
  z advection ......   CPU =     10.930
      wetdep  ......   CPU =     -2.360
      updtmet ......   CPU =      3.660
  z diffusion ......   CPU =     15.480
     x/y diff ......   CPU =     12.000
          TUV ......     chemdriv ...... aerotchk,grdtime:    520.0000       530.0000    
 Layer=           1
 Layer=           2
 Layer=           3
 Layer=           4
 Layer=           5
 Layer=           6
 Layer=           7
 Layer=           8
slurmd[n18]: *** JOB 4630278 CANCELLED AT 2015-01-26T16:42:46 ***
