/proj/snic2014-1-155/users/x_janju/PMCAMx_Output/PMCAMxUF_Base/Eucaari.May.121.PMCAMxUF_Base.inst.2
Thu Jan 15 13:28:44 CET 2015
      startup ...... grd_time,date_aero:    15.00000            8122
 In bndprep.f:
 idat1:         8001
 idat2:         8365
 tim1:   0.0000000E+00
 tim2:    24.00000    
 idat2:         8366
   CPU =      0.560
 
Date/time:    08122    0.00
 
      readinp ......   CPU =     -0.410
      readcnc ......   CPU =     10.600
     timestep ......   CPU =     -1.160
        khorz ......   CPU =      1.190
       drydep ......   CPU =     -0.360
       readar ......   CPU =      1.230
 Before if statement in CAMx.f
 date=        8122
 bnddate=        8122
 time=  0.0000000E+00
 bndtim=  0.0000000E+00
      readbnd ...... Updated bnddate in readbnd.f
 bndtim:   0.0000000E+00
 bnddate:         8366
   CPU =      4.790
      readaho (haze)   CPU =      1.210
      readaho (o3)..   CPU =     -1.210
     raddrivr ......   CPU =      1.530
Processing grid:  1 Timestep:   300.0
       zrates ......   CPU =     -1.170
        emiss ......   CPU =      7.410
  x advection ......   CPU =      2.220
  y advection ......   CPU =      5.300
  z advection ......   CPU =      5.730
      wetdep  ......   CPU =      1.860
      updtmet ......   CPU =     -1.220
  z diffusion ......   CPU =     20.020
     x/y diff ......   CPU =      7.190
          TUV ......     chemdriv ...... aerotchk,grdtime:    5.000000       15.00000    
 Layer=           1
 Layer=           2
 Layer=           3
 Layer=           4
 Layer=           5
 Layer=           6
 Layer=           7
 Layer=           8
 Layer=           9
 Layer=          10
 Layer=          11
 Layer=          12
 Layer=          13
 Layer=          14
   CPU =     28.090
Accumulative CPU time:      95.453
 
Date/time:    08122    5.00
 
 Before if statement in CAMx.f
 date=        8122
 bnddate=        8366
 time=   5.000000    
 bndtim=  0.0000000E+00
Processing grid:  1 Timestep:   300.0
       zrates ......   CPU =     -0.460
        emiss ......   CPU =      7.410
  y advection ......   CPU =      5.370
  x advection ......   CPU =      4.770
  z advection ......   CPU =      5.750
      wetdep  ......   CPU =      1.930
      updtmet ......   CPU =     -1.280
  z diffusion ......   CPU =     20.170
     x/y diff ......   CPU =      7.170
          TUV ......     chemdriv ...... aerotchk,grdtime:    10.00000       15.00000    
 Layer=           1
 Layer=           2
 Layer=           3
 Layer=           4
 Layer=           5
 Layer=           6
 Layer=           7
 Layer=           8
 Layer=           9
 Layer=          10
 Layer=          11
 Layer=          12
 Layer=          13
 Layer=          14
   CPU =     17.400
Accumulative CPU time:     163.626
 
Date/time:    08122   10.00
 
 Before if statement in CAMx.f
 date=        8122
 bnddate=        8366
 time=   10.00000    
 bndtim=  0.0000000E+00
Processing grid:  1 Timestep:   300.0
       zrates ......   CPU =     -0.520
        emiss ......   CPU =      7.370
  x advection ......   CPU =      2.140
  y advection ......   CPU =      5.390
  z advection ......   CPU =      5.770
      wetdep  ......   CPU =      2.010
      updtmet ......   CPU =     -1.330
  z diffusion ......   CPU =     20.420
     x/y diff ......   CPU =      7.070
          TUV ......     chemdriv ...... aerotchk,grdtime:    15.00000       15.00000    
 Calling fullaero ... time:    15.00000      8.3333336E-02  0.2500000    
 Layer=           1
slurmd[n1425]: *** JOB 4448261 CANCELLED AT 2015-01-15T13:32:34 ***
