/proj/snic2014-1-155/users/x_janju/PMCAMx_Output/PMCAMxUF_Base/Eucaari.May.121.PMCAMxUF_Base.inst.2
Thu Jan 15 11:18:26 CET 2015
      startup ...... grd_time,date_aero:    15.00000            8122
 In bndprep.f:
 idat1:         8001
 idat2:         8365
 tim1:   0.0000000E+00
 tim2:    24.00000    
 idat2:         8366
   CPU =      0.560
 
Date/time:    08122    0.00
 
      readinp ......   CPU =     -0.370
      readcnc ......   CPU =     11.410
     timestep ......   CPU =     -1.130
        khorz ......   CPU =      1.160
       drydep ......   CPU =     -0.350
       readar ......   CPU =      1.200
 Before if statement in CAMx.f
 date=        8122
 bnddate=        8122
 time=  0.0000000E+00
 bndtim=  0.0000000E+00
forrtl: severe (174): SIGSEGV, segmentation fault occurred
Image              PC                Routine            Line        Source             
PMCAMx.exe         0000000000452BA6  saveconc_                 358  numconv.f
PMCAMx.exe         000000000040468E  MAIN__                    565  CAMx.f
PMCAMx.exe         00000000004021AC  Unknown               Unknown  Unknown
libc.so.6          00002B2948303D5D  Unknown               Unknown  Unknown
PMCAMx.exe         00000000004020A9  Unknown               Unknown  Unknown
11.68user 1.33system 0:17.29elapsed 75%CPU (0avgtext+0avgdata 11211440maxresident)k
0inputs+0outputs (0major+794029minor)pagefaults 0swaps
Thu Jan 15 11:18:43 CET 2015
/proj/snic2014-1-155/users/x_janju/PMCAMx_Output/PMCAMxUF_Base/Eucaari.May.122.PMCAMxUF_Base.inst.2
Thu Jan 15 11:18:43 CET 2015
      startup ...... irstc=          27
 file=
 /proj/snic2014-1-155/users/x_janju/PMCAMx_Output/PMCAMxUF_Base/Eucaari.May.122.
 PMCAMxUF_Base.inst.2                                                           
                                           
 grd_time,date_aero:    15.00000            8123
 In bndprep.f:
 idat1:         8001
 idat2:         8365
 tim1:   0.0000000E+00
 tim2:    24.00000    
 idat2:         8366
 
 
  CAMx is stopping because an error has occured
  See the .out output file for details
 
 
0.23user 0.01system 0:00.48elapsed 52%CPU (0avgtext+0avgdata 56160maxresident)k
0inputs+0outputs (0major+3734minor)pagefaults 0swaps
Thu Jan 15 11:18:44 CET 2015
