111.07.05 11:22 B d:\tmp\laqs\christos\ufeu\UFcode_nit_ter_May\PiG\wrtpig.o --> tmpsystem.iceht.forth.gr /home/fouskas/laqs/christos/ufeu/UFcode_nit_ter_May/PiG wrtpig.o
111.07.05 11:22 B d:\tmp\laqs\christos\ufeu\UFcode_nit_ter_May\PiG\walk1pig.o --> tmpsystem.iceht.forth.gr /home/fouskas/laqs/christos/ufeu/UFcode_nit_ter_May/PiG walk1pig.o
111.07.05 11:24 B d:\tmp\laqs\christos\ufeu\UFcode_nit_ter_May\PiG\pigwalk.o --> tmpsystem.iceht.forth.gr /home/fouskas/laqs/christos/ufeu/UFcode_nit_ter_May/PiG pigwalk.o
111.07.06 13:34 B d:\tmp\laqs\christos\ufeu\UFcode_nit_ter_May\PiG\WS_FTP.LOG --> tmpsystem.iceht.forth.gr /home/fouskas/laqs/christos/ufeu/UFcode_nit_ter_May/PiG WS_FTP.LOG
111.07.06 13:34 B d:\tmp\laqs\christos\ufeu\UFcode_nit_ter_May\PiG\wrtpig.o --> tmpsystem.iceht.forth.gr /home/fouskas/laqs/christos/ufeu/UFcode_nit_ter_May/PiG wrtpig.o
111.07.06 13:34 B d:\tmp\laqs\christos\ufeu\UFcode_nit_ter_May\PiG\walk1pig.o --> tmpsystem.iceht.forth.gr /home/fouskas/laqs/christos/ufeu/UFcode_nit_ter_May/PiG walk1pig.o
111.07.06 13:34 B d:\tmp\laqs\christos\ufeu\UFcode_nit_ter_May\PiG\pigwalk.o --> tmpsystem.iceht.forth.gr /home/fouskas/laqs/christos/ufeu/UFcode_nit_ter_May/PiG pigwalk.o
111.07.06 13:34 B d:\tmp\laqs\christos\ufeu\UFcode_nit_ter_May\PiG\pigprep.o --> tmpsystem.iceht.forth.gr /home/fouskas/laqs/christos/ufeu/UFcode_nit_ter_May/PiG pigprep.o
111.07.06 13:34 B d:\tmp\laqs\christos\ufeu\UFcode_nit_ter_May\PiG\piginit.o --> tmpsystem.iceht.forth.gr /home/fouskas/laqs/christos/ufeu/UFcode_nit_ter_May/PiG piginit.o
111.07.06 13:34 B d:\tmp\laqs\christos\ufeu\UFcode_nit_ter_May\PiG\ironmscl.o --> tmpsystem.iceht.forth.gr /home/fouskas/laqs/christos/ufeu/UFcode_nit_ter_May/PiG ironmscl.o
111.07.06 13:34 B d:\tmp\laqs\christos\ufeu\UFcode_nit_ter_May\PiG\irondriv.o --> tmpsystem.iceht.forth.gr /home/fouskas/laqs/christos/ufeu/UFcode_nit_ter_May/PiG irondriv.o
111.07.06 13:34 B d:\tmp\laqs\christos\ufeu\UFcode_nit_ter_May\PiG\gresmscl.o --> tmpsystem.iceht.forth.gr /home/fouskas/laqs/christos/ufeu/UFcode_nit_ter_May/PiG gresmscl.o
111.07.06 13:34 B d:\tmp\laqs\christos\ufeu\UFcode_nit_ter_May\PiG\gresgrow.o --> tmpsystem.iceht.forth.gr /home/fouskas/laqs/christos/ufeu/UFcode_nit_ter_May/PiG gresgrow.o
111.07.06 13:34 B d:\tmp\laqs\christos\ufeu\UFcode_nit_ter_May\PiG\gresdriv.o --> tmpsystem.iceht.forth.gr /home/fouskas/laqs/christos/ufeu/UFcode_nit_ter_May/PiG gresdriv.o
111.07.06 13:34 B d:\tmp\laqs\christos\ufeu\UFcode_nit_ter_May\PiG\greschem.o --> tmpsystem.iceht.forth.gr /home/fouskas/laqs/christos/ufeu/UFcode_nit_ter_May/PiG greschem.o
111.07.06 13:34 B d:\tmp\laqs\christos\ufeu\UFcode_nit_ter_May\PiG\avepig.o --> tmpsystem.iceht.forth.gr /home/fouskas/laqs/christos/ufeu/UFcode_nit_ter_May/PiG avepig.o
111.07.06 13:34 B d:\tmp\laqs\christos\ufeu\UFcode_nit_ter_May\PiG\wrtpig.f --> tmpsystem.iceht.forth.gr /home/fouskas/laqs/christos/ufeu/UFcode_nit_ter_May/PiG wrtpig.f
111.07.06 13:34 B d:\tmp\laqs\christos\ufeu\UFcode_nit_ter_May\PiG\walk1pig.f --> tmpsystem.iceht.forth.gr /home/fouskas/laqs/christos/ufeu/UFcode_nit_ter_May/PiG walk1pig.f
111.07.06 13:34 B d:\tmp\laqs\christos\ufeu\UFcode_nit_ter_May\PiG\pigwalk.f --> tmpsystem.iceht.forth.gr /home/fouskas/laqs/christos/ufeu/UFcode_nit_ter_May/PiG pigwalk.f
111.07.06 13:34 B d:\tmp\laqs\christos\ufeu\UFcode_nit_ter_May\PiG\pigprep.f --> tmpsystem.iceht.forth.gr /home/fouskas/laqs/christos/ufeu/UFcode_nit_ter_May/PiG pigprep.f
111.07.06 13:34 B d:\tmp\laqs\christos\ufeu\UFcode_nit_ter_May\PiG\piginit.f --> tmpsystem.iceht.forth.gr /home/fouskas/laqs/christos/ufeu/UFcode_nit_ter_May/PiG piginit.f
111.07.06 13:34 B d:\tmp\laqs\christos\ufeu\UFcode_nit_ter_May\PiG\ironmscl.f --> tmpsystem.iceht.forth.gr /home/fouskas/laqs/christos/ufeu/UFcode_nit_ter_May/PiG ironmscl.f
111.07.06 13:34 B d:\tmp\laqs\christos\ufeu\UFcode_nit_ter_May\PiG\irondriv.f --> tmpsystem.iceht.forth.gr /home/fouskas/laqs/christos/ufeu/UFcode_nit_ter_May/PiG irondriv.f
111.07.06 13:34 B d:\tmp\laqs\christos\ufeu\UFcode_nit_ter_May\PiG\gresmscl.f --> tmpsystem.iceht.forth.gr /home/fouskas/laqs/christos/ufeu/UFcode_nit_ter_May/PiG gresmscl.f
111.07.06 13:34 B d:\tmp\laqs\christos\ufeu\UFcode_nit_ter_May\PiG\gresgrow.f --> tmpsystem.iceht.forth.gr /home/fouskas/laqs/christos/ufeu/UFcode_nit_ter_May/PiG gresgrow.f
111.07.06 13:34 B d:\tmp\laqs\christos\ufeu\UFcode_nit_ter_May\PiG\gresdriv.f --> tmpsystem.iceht.forth.gr /home/fouskas/laqs/christos/ufeu/UFcode_nit_ter_May/PiG gresdriv.f
111.07.06 13:34 B d:\tmp\laqs\christos\ufeu\UFcode_nit_ter_May\PiG\greschem.f --> tmpsystem.iceht.forth.gr /home/fouskas/laqs/christos/ufeu/UFcode_nit_ter_May/PiG greschem.f
111.07.06 13:34 B d:\tmp\laqs\christos\ufeu\UFcode_nit_ter_May\PiG\avepig.f --> tmpsystem.iceht.forth.gr /home/fouskas/laqs/christos/ufeu/UFcode_nit_ter_May/PiG avepig.f
