111.07.06 13:34 B d:\tmp\laqs\christos\ufeu\UFcode_nit_ter_May\Osat\yfluxsa.o --> tmpsystem.iceht.forth.gr /home/fouskas/laqs/christos/ufeu/UFcode_nit_ter_May/Osat yfluxsa.o
111.07.06 13:34 B d:\tmp\laqs\christos\ufeu\UFcode_nit_ter_May\Osat\xfluxsa.o --> tmpsystem.iceht.forth.gr /home/fouskas/laqs/christos/ufeu/UFcode_nit_ter_May/Osat xfluxsa.o
111.07.06 13:34 B d:\tmp\laqs\christos\ufeu\UFcode_nit_ter_May\Osat\wrfgsa.o --> tmpsystem.iceht.forth.gr /home/fouskas/laqs/christos/ufeu/UFcode_nit_ter_May/Osat wrfgsa.o
111.07.06 13:34 B d:\tmp\laqs\christos\ufeu\UFcode_nit_ter_May\Osat\timadv.o --> tmpsystem.iceht.forth.gr /home/fouskas/laqs/christos/ufeu/UFcode_nit_ter_May/Osat timadv.o
111.07.06 13:34 B d:\tmp\laqs\christos\ufeu\UFcode_nit_ter_May\Osat\sumwt4.o --> tmpsystem.iceht.forth.gr /home/fouskas/laqs/christos/ufeu/UFcode_nit_ter_May/Osat sumwt4.o
111.07.06 13:34 B d:\tmp\laqs\christos\ufeu\UFcode_nit_ter_May\Osat\sumicwt.o --> tmpsystem.iceht.forth.gr /home/fouskas/laqs/christos/ufeu/UFcode_nit_ter_May/Osat sumicwt.o
111.07.06 13:34 B d:\tmp\laqs\christos\ufeu\UFcode_nit_ter_May\Osat\sumgrps.o --> tmpsystem.iceht.forth.gr /home/fouskas/laqs/christos/ufeu/UFcode_nit_ter_May/Osat sumgrps.o
111.07.06 13:34 B d:\tmp\laqs\christos\ufeu\UFcode_nit_ter_May\Osat\sum1pnt.o --> tmpsystem.iceht.forth.gr /home/fouskas/laqs/christos/ufeu/UFcode_nit_ter_May/Osat sum1pnt.o
111.07.06 13:34 B d:\tmp\laqs\christos\ufeu\UFcode_nit_ter_May\Osat\sum1grd.o --> tmpsystem.iceht.forth.gr /home/fouskas/laqs/christos/ufeu/UFcode_nit_ter_May/Osat sum1grd.o
111.07.06 13:34 B d:\tmp\laqs\christos\ufeu\UFcode_nit_ter_May\Osat\startsa.o --> tmpsystem.iceht.forth.gr /home/fouskas/laqs/christos/ufeu/UFcode_nit_ter_May/Osat startsa.o
111.07.06 13:34 B d:\tmp\laqs\christos\ufeu\UFcode_nit_ter_May\Osat\stabsa.o --> tmpsystem.iceht.forth.gr /home/fouskas/laqs/christos/ufeu/UFcode_nit_ter_May/Osat stabsa.o
111.07.06 13:34 B d:\tmp\laqs\christos\ufeu\UFcode_nit_ter_May\Osat\specsa.o --> tmpsystem.iceht.forth.gr /home/fouskas/laqs/christos/ufeu/UFcode_nit_ter_May/Osat specsa.o
111.07.06 13:34 B d:\tmp\laqs\christos\ufeu\UFcode_nit_ter_May\Osat\resmap.o --> tmpsystem.iceht.forth.gr /home/fouskas/laqs/christos/ufeu/UFcode_nit_ter_May/Osat resmap.o
111.07.06 13:34 B d:\tmp\laqs\christos\ufeu\UFcode_nit_ter_May\Osat\rercp.o --> tmpsystem.iceht.forth.gr /home/fouskas/laqs/christos/ufeu/UFcode_nit_ter_May/Osat rercp.o
111.07.06 13:34 B d:\tmp\laqs\christos\ufeu\UFcode_nit_ter_May\Osat\recalib.o --> tmpsystem.iceht.forth.gr /home/fouskas/laqs/christos/ufeu/UFcode_nit_ter_May/Osat recalib.o
111.07.06 13:34 B d:\tmp\laqs\christos\ufeu\UFcode_nit_ter_May\Osat\readptsa.o --> tmpsystem.iceht.forth.gr /home/fouskas/laqs/christos/ufeu/UFcode_nit_ter_May/Osat readptsa.o
111.07.06 13:34 B d:\tmp\laqs\christos\ufeu\UFcode_nit_ter_May\Osat\readarsa.o --> tmpsystem.iceht.forth.gr /home/fouskas/laqs/christos/ufeu/UFcode_nit_ter_May/Osat readarsa.o
111.07.06 13:34 B d:\tmp\laqs\christos\ufeu\UFcode_nit_ter_May\Osat\rdptgrp.o --> tmpsystem.iceht.forth.gr /home/fouskas/laqs/christos/ufeu/UFcode_nit_ter_May/Osat rdptgrp.o
111.07.06 13:34 B d:\tmp\laqs\christos\ufeu\UFcode_nit_ter_May\Osat\rdoptsa.o --> tmpsystem.iceht.forth.gr /home/fouskas/laqs/christos/ufeu/UFcode_nit_ter_May/Osat rdoptsa.o
111.07.06 13:34 B d:\tmp\laqs\christos\ufeu\UFcode_nit_ter_May\Osat\rdinstsa.o --> tmpsystem.iceht.forth.gr /home/fouskas/laqs/christos/ufeu/UFcode_nit_ter_May/Osat rdinstsa.o
111.07.06 13:34 B d:\tmp\laqs\christos\ufeu\UFcode_nit_ter_May\Osat\rdfgsa.o --> tmpsystem.iceht.forth.gr /home/fouskas/laqs/christos/ufeu/UFcode_nit_ter_May/Osat rdfgsa.o
111.07.06 13:34 B d:\tmp\laqs\christos\ufeu\UFcode_nit_ter_May\Osat\rdargrp.o --> tmpsystem.iceht.forth.gr /home/fouskas/laqs/christos/ufeu/UFcode_nit_ter_May/Osat rdargrp.o
111.07.06 13:34 B d:\tmp\laqs\christos\ufeu\UFcode_nit_ter_May\Osat\pigsa.o --> tmpsystem.iceht.forth.gr /home/fouskas/laqs/christos/ufeu/UFcode_nit_ter_May/Osat pigsa.o
111.07.06 13:34 B d:\tmp\laqs\christos\ufeu\UFcode_nit_ter_May\Osat\pekrcp.o --> tmpsystem.iceht.forth.gr /home/fouskas/laqs/christos/ufeu/UFcode_nit_ter_May/Osat pekrcp.o
111.07.06 13:34 B d:\tmp\laqs\christos\ufeu\UFcode_nit_ter_May\Osat\osatsa.o --> tmpsystem.iceht.forth.gr /home/fouskas/laqs/christos/ufeu/UFcode_nit_ter_May/Osat osatsa.o
111.07.06 13:34 B d:\tmp\laqs\christos\ufeu\UFcode_nit_ter_May\Osat\instsa.o --> tmpsystem.iceht.forth.gr /home/fouskas/laqs/christos/ufeu/UFcode_nit_ter_May/Osat instsa.o
111.07.06 13:34 B d:\tmp\laqs\christos\ufeu\UFcode_nit_ter_May\Osat\initsa.o --> tmpsystem.iceht.forth.gr /home/fouskas/laqs/christos/ufeu/UFcode_nit_ter_May/Osat initsa.o
111.07.06 13:34 B d:\tmp\laqs\christos\ufeu\UFcode_nit_ter_May\Osat\hdrwsa.o --> tmpsystem.iceht.forth.gr /home/fouskas/laqs/christos/ufeu/UFcode_nit_ter_May/Osat hdrwsa.o
111.07.06 13:34 B d:\tmp\laqs\christos\ufeu\UFcode_nit_ter_May\Osat\hdrrcp.o --> tmpsystem.iceht.forth.gr /home/fouskas/laqs/christos/ufeu/UFcode_nit_ter_May/Osat hdrrcp.o
111.07.06 13:34 B d:\tmp\laqs\christos\ufeu\UFcode_nit_ter_May\Osat\goatsa.o --> tmpsystem.iceht.forth.gr /home/fouskas/laqs/christos/ufeu/UFcode_nit_ter_May/Osat goatsa.o
111.07.06 13:34 B d:\tmp\laqs\christos\ufeu\UFcode_nit_ter_May\Osat\filvdsa.o --> tmpsystem.iceht.forth.gr /home/fouskas/laqs/christos/ufeu/UFcode_nit_ter_May/Osat filvdsa.o
111.07.06 13:34 B d:\tmp\laqs\christos\ufeu\UFcode_nit_ter_May\Osat\fillpt.o --> tmpsystem.iceht.forth.gr /home/fouskas/laqs/christos/ufeu/UFcode_nit_ter_May/Osat fillpt.o
111.07.06 13:34 B d:\tmp\laqs\christos\ufeu\UFcode_nit_ter_May\Osat\fillar.o --> tmpsystem.iceht.forth.gr /home/fouskas/laqs/christos/ufeu/UFcode_nit_ter_May/Osat fillar.o
111.07.06 13:34 B d:\tmp\laqs\christos\ufeu\UFcode_nit_ter_May\Osat\filbdysa.o --> tmpsystem.iceht.forth.gr /home/fouskas/laqs/christos/ufeu/UFcode_nit_ter_May/Osat filbdysa.o
111.07.06 13:34 B d:\tmp\laqs\christos\ufeu\UFcode_nit_ter_May\Osat\filaqsa.o --> tmpsystem.iceht.forth.gr /home/fouskas/laqs/christos/ufeu/UFcode_nit_ter_May/Osat filaqsa.o
111.07.06 13:34 B d:\tmp\laqs\christos\ufeu\UFcode_nit_ter_May\Osat\emprepsa.o --> tmpsystem.iceht.forth.gr /home/fouskas/laqs/christos/ufeu/UFcode_nit_ter_May/Osat emprepsa.o
111.07.06 13:34 B d:\tmp\laqs\christos\ufeu\UFcode_nit_ter_May\Osat\clrbdysa.o --> tmpsystem.iceht.forth.gr /home/fouskas/laqs/christos/ufeu/UFcode_nit_ter_May/Osat clrbdysa.o
111.07.06 13:34 B d:\tmp\laqs\christos\ufeu\UFcode_nit_ter_May\Osat\clcewt.o --> tmpsystem.iceht.forth.gr /home/fouskas/laqs/christos/ufeu/UFcode_nit_ter_May/Osat clcewt.o
111.07.06 13:34 B d:\tmp\laqs\christos\ufeu\UFcode_nit_ter_May\Osat\clcbwt.o --> tmpsystem.iceht.forth.gr /home/fouskas/laqs/christos/ufeu/UFcode_nit_ter_May/Osat clcbwt.o
111.07.06 13:34 B d:\tmp\laqs\christos\ufeu\UFcode_nit_ter_May\Osat\avgwal.o --> tmpsystem.iceht.forth.gr /home/fouskas/laqs/christos/ufeu/UFcode_nit_ter_May/Osat avgwal.o
111.07.06 13:34 B d:\tmp\laqs\christos\ufeu\UFcode_nit_ter_May\Osat\avgrcp.o --> tmpsystem.iceht.forth.gr /home/fouskas/laqs/christos/ufeu/UFcode_nit_ter_May/Osat avgrcp.o
111.07.06 13:34 B d:\tmp\laqs\christos\ufeu\UFcode_nit_ter_May\Osat\apcasa.o --> tmpsystem.iceht.forth.gr /home/fouskas/laqs/christos/ufeu/UFcode_nit_ter_May/Osat apcasa.o
111.07.06 13:34 B d:\tmp\laqs\christos\ufeu\UFcode_nit_ter_May\Osat\adjstsa.o --> tmpsystem.iceht.forth.gr /home/fouskas/laqs/christos/ufeu/UFcode_nit_ter_May/Osat adjstsa.o
111.07.06 13:34 B d:\tmp\laqs\christos\ufeu\UFcode_nit_ter_May\Osat\adjstc0.o --> tmpsystem.iceht.forth.gr /home/fouskas/laqs/christos/ufeu/UFcode_nit_ter_May/Osat adjstc0.o
111.07.06 13:34 B d:\tmp\laqs\christos\ufeu\UFcode_nit_ter_May\Osat\addrcp.o --> tmpsystem.iceht.forth.gr /home/fouskas/laqs/christos/ufeu/UFcode_nit_ter_May/Osat addrcp.o
111.07.06 13:34 B d:\tmp\laqs\christos\ufeu\UFcode_nit_ter_May\Osat\yfluxsa.f --> tmpsystem.iceht.forth.gr /home/fouskas/laqs/christos/ufeu/UFcode_nit_ter_May/Osat yfluxsa.f
111.07.06 13:34 B d:\tmp\laqs\christos\ufeu\UFcode_nit_ter_May\Osat\xfluxsa.f --> tmpsystem.iceht.forth.gr /home/fouskas/laqs/christos/ufeu/UFcode_nit_ter_May/Osat xfluxsa.f
111.07.06 13:34 B d:\tmp\laqs\christos\ufeu\UFcode_nit_ter_May\Osat\wrfgsa.f --> tmpsystem.iceht.forth.gr /home/fouskas/laqs/christos/ufeu/UFcode_nit_ter_May/Osat wrfgsa.f
111.07.06 13:34 B d:\tmp\laqs\christos\ufeu\UFcode_nit_ter_May\Osat\timadv.f --> tmpsystem.iceht.forth.gr /home/fouskas/laqs/christos/ufeu/UFcode_nit_ter_May/Osat timadv.f
111.07.06 13:34 B d:\tmp\laqs\christos\ufeu\UFcode_nit_ter_May\Osat\sumwt4.f --> tmpsystem.iceht.forth.gr /home/fouskas/laqs/christos/ufeu/UFcode_nit_ter_May/Osat sumwt4.f
111.07.06 13:34 B d:\tmp\laqs\christos\ufeu\UFcode_nit_ter_May\Osat\sumicwt.f --> tmpsystem.iceht.forth.gr /home/fouskas/laqs/christos/ufeu/UFcode_nit_ter_May/Osat sumicwt.f
111.07.06 13:34 B d:\tmp\laqs\christos\ufeu\UFcode_nit_ter_May\Osat\sumgrps.f --> tmpsystem.iceht.forth.gr /home/fouskas/laqs/christos/ufeu/UFcode_nit_ter_May/Osat sumgrps.f
111.07.06 13:34 B d:\tmp\laqs\christos\ufeu\UFcode_nit_ter_May\Osat\sum1pnt.f --> tmpsystem.iceht.forth.gr /home/fouskas/laqs/christos/ufeu/UFcode_nit_ter_May/Osat sum1pnt.f
111.07.06 13:34 B d:\tmp\laqs\christos\ufeu\UFcode_nit_ter_May\Osat\sum1grd.f --> tmpsystem.iceht.forth.gr /home/fouskas/laqs/christos/ufeu/UFcode_nit_ter_May/Osat sum1grd.f
111.07.06 13:34 B d:\tmp\laqs\christos\ufeu\UFcode_nit_ter_May\Osat\startsa.f --> tmpsystem.iceht.forth.gr /home/fouskas/laqs/christos/ufeu/UFcode_nit_ter_May/Osat startsa.f
111.07.06 13:34 B d:\tmp\laqs\christos\ufeu\UFcode_nit_ter_May\Osat\stabsa.f --> tmpsystem.iceht.forth.gr /home/fouskas/laqs/christos/ufeu/UFcode_nit_ter_May/Osat stabsa.f
111.07.06 13:34 B d:\tmp\laqs\christos\ufeu\UFcode_nit_ter_May\Osat\specsa.f --> tmpsystem.iceht.forth.gr /home/fouskas/laqs/christos/ufeu/UFcode_nit_ter_May/Osat specsa.f
111.07.06 13:34 B d:\tmp\laqs\christos\ufeu\UFcode_nit_ter_May\Osat\resmap.f --> tmpsystem.iceht.forth.gr /home/fouskas/laqs/christos/ufeu/UFcode_nit_ter_May/Osat resmap.f
111.07.06 13:34 B d:\tmp\laqs\christos\ufeu\UFcode_nit_ter_May\Osat\rercp.f --> tmpsystem.iceht.forth.gr /home/fouskas/laqs/christos/ufeu/UFcode_nit_ter_May/Osat rercp.f
111.07.06 13:34 B d:\tmp\laqs\christos\ufeu\UFcode_nit_ter_May\Osat\recalib.f --> tmpsystem.iceht.forth.gr /home/fouskas/laqs/christos/ufeu/UFcode_nit_ter_May/Osat recalib.f
111.07.06 13:34 B d:\tmp\laqs\christos\ufeu\UFcode_nit_ter_May\Osat\readptsa.f --> tmpsystem.iceht.forth.gr /home/fouskas/laqs/christos/ufeu/UFcode_nit_ter_May/Osat readptsa.f
111.07.06 13:34 B d:\tmp\laqs\christos\ufeu\UFcode_nit_ter_May\Osat\readarsa.f --> tmpsystem.iceht.forth.gr /home/fouskas/laqs/christos/ufeu/UFcode_nit_ter_May/Osat readarsa.f
111.07.06 13:34 B d:\tmp\laqs\christos\ufeu\UFcode_nit_ter_May\Osat\rdptgrp.f --> tmpsystem.iceht.forth.gr /home/fouskas/laqs/christos/ufeu/UFcode_nit_ter_May/Osat rdptgrp.f
111.07.06 13:34 B d:\tmp\laqs\christos\ufeu\UFcode_nit_ter_May\Osat\rdoptsa.f --> tmpsystem.iceht.forth.gr /home/fouskas/laqs/christos/ufeu/UFcode_nit_ter_May/Osat rdoptsa.f
111.07.06 13:34 B d:\tmp\laqs\christos\ufeu\UFcode_nit_ter_May\Osat\rdinstsa.f --> tmpsystem.iceht.forth.gr /home/fouskas/laqs/christos/ufeu/UFcode_nit_ter_May/Osat rdinstsa.f
111.07.06 13:34 B d:\tmp\laqs\christos\ufeu\UFcode_nit_ter_May\Osat\rdfgsa.f --> tmpsystem.iceht.forth.gr /home/fouskas/laqs/christos/ufeu/UFcode_nit_ter_May/Osat rdfgsa.f
111.07.06 13:34 B d:\tmp\laqs\christos\ufeu\UFcode_nit_ter_May\Osat\rdargrp.f --> tmpsystem.iceht.forth.gr /home/fouskas/laqs/christos/ufeu/UFcode_nit_ter_May/Osat rdargrp.f
111.07.06 13:34 B d:\tmp\laqs\christos\ufeu\UFcode_nit_ter_May\Osat\pigsa.f --> tmpsystem.iceht.forth.gr /home/fouskas/laqs/christos/ufeu/UFcode_nit_ter_May/Osat pigsa.f
111.07.06 13:34 B d:\tmp\laqs\christos\ufeu\UFcode_nit_ter_May\Osat\pekrcp.f --> tmpsystem.iceht.forth.gr /home/fouskas/laqs/christos/ufeu/UFcode_nit_ter_May/Osat pekrcp.f
111.07.06 13:34 B d:\tmp\laqs\christos\ufeu\UFcode_nit_ter_May\Osat\osatsa.f --> tmpsystem.iceht.forth.gr /home/fouskas/laqs/christos/ufeu/UFcode_nit_ter_May/Osat osatsa.f
111.07.06 13:34 B d:\tmp\laqs\christos\ufeu\UFcode_nit_ter_May\Osat\instsa.f --> tmpsystem.iceht.forth.gr /home/fouskas/laqs/christos/ufeu/UFcode_nit_ter_May/Osat instsa.f
111.07.06 13:34 B d:\tmp\laqs\christos\ufeu\UFcode_nit_ter_May\Osat\initsa.f --> tmpsystem.iceht.forth.gr /home/fouskas/laqs/christos/ufeu/UFcode_nit_ter_May/Osat initsa.f
111.07.06 13:34 B d:\tmp\laqs\christos\ufeu\UFcode_nit_ter_May\Osat\hdrwsa.f --> tmpsystem.iceht.forth.gr /home/fouskas/laqs/christos/ufeu/UFcode_nit_ter_May/Osat hdrwsa.f
111.07.06 13:34 B d:\tmp\laqs\christos\ufeu\UFcode_nit_ter_May\Osat\hdrrcp.f --> tmpsystem.iceht.forth.gr /home/fouskas/laqs/christos/ufeu/UFcode_nit_ter_May/Osat hdrrcp.f
111.07.06 13:34 B d:\tmp\laqs\christos\ufeu\UFcode_nit_ter_May\Osat\goatsa.f --> tmpsystem.iceht.forth.gr /home/fouskas/laqs/christos/ufeu/UFcode_nit_ter_May/Osat goatsa.f
111.07.06 13:34 B d:\tmp\laqs\christos\ufeu\UFcode_nit_ter_May\Osat\filvdsa.f --> tmpsystem.iceht.forth.gr /home/fouskas/laqs/christos/ufeu/UFcode_nit_ter_May/Osat filvdsa.f
111.07.06 13:34 B d:\tmp\laqs\christos\ufeu\UFcode_nit_ter_May\Osat\fillpt.f --> tmpsystem.iceht.forth.gr /home/fouskas/laqs/christos/ufeu/UFcode_nit_ter_May/Osat fillpt.f
111.07.06 13:34 B d:\tmp\laqs\christos\ufeu\UFcode_nit_ter_May\Osat\fillar.f --> tmpsystem.iceht.forth.gr /home/fouskas/laqs/christos/ufeu/UFcode_nit_ter_May/Osat fillar.f
111.07.06 13:34 B d:\tmp\laqs\christos\ufeu\UFcode_nit_ter_May\Osat\filbdysa.f --> tmpsystem.iceht.forth.gr /home/fouskas/laqs/christos/ufeu/UFcode_nit_ter_May/Osat filbdysa.f
111.07.06 13:34 B d:\tmp\laqs\christos\ufeu\UFcode_nit_ter_May\Osat\filaqsa.f --> tmpsystem.iceht.forth.gr /home/fouskas/laqs/christos/ufeu/UFcode_nit_ter_May/Osat filaqsa.f
111.07.06 13:34 B d:\tmp\laqs\christos\ufeu\UFcode_nit_ter_May\Osat\emprepsa.f --> tmpsystem.iceht.forth.gr /home/fouskas/laqs/christos/ufeu/UFcode_nit_ter_May/Osat emprepsa.f
111.07.06 13:34 B d:\tmp\laqs\christos\ufeu\UFcode_nit_ter_May\Osat\clrbdysa.f --> tmpsystem.iceht.forth.gr /home/fouskas/laqs/christos/ufeu/UFcode_nit_ter_May/Osat clrbdysa.f
111.07.06 13:34 B d:\tmp\laqs\christos\ufeu\UFcode_nit_ter_May\Osat\clcewt.f --> tmpsystem.iceht.forth.gr /home/fouskas/laqs/christos/ufeu/UFcode_nit_ter_May/Osat clcewt.f
111.07.06 13:34 B d:\tmp\laqs\christos\ufeu\UFcode_nit_ter_May\Osat\clcbwt.f --> tmpsystem.iceht.forth.gr /home/fouskas/laqs/christos/ufeu/UFcode_nit_ter_May/Osat clcbwt.f
111.07.06 13:34 B d:\tmp\laqs\christos\ufeu\UFcode_nit_ter_May\Osat\avgwal.f --> tmpsystem.iceht.forth.gr /home/fouskas/laqs/christos/ufeu/UFcode_nit_ter_May/Osat avgwal.f
111.07.06 13:34 B d:\tmp\laqs\christos\ufeu\UFcode_nit_ter_May\Osat\avgrcp.f --> tmpsystem.iceht.forth.gr /home/fouskas/laqs/christos/ufeu/UFcode_nit_ter_May/Osat avgrcp.f
111.07.06 13:34 B d:\tmp\laqs\christos\ufeu\UFcode_nit_ter_May\Osat\apcasa.f --> tmpsystem.iceht.forth.gr /home/fouskas/laqs/christos/ufeu/UFcode_nit_ter_May/Osat apcasa.f
111.07.06 13:34 B d:\tmp\laqs\christos\ufeu\UFcode_nit_ter_May\Osat\adjstsa.f --> tmpsystem.iceht.forth.gr /home/fouskas/laqs/christos/ufeu/UFcode_nit_ter_May/Osat adjstsa.f
111.07.06 13:34 B d:\tmp\laqs\christos\ufeu\UFcode_nit_ter_May\Osat\adjstc0.f --> tmpsystem.iceht.forth.gr /home/fouskas/laqs/christos/ufeu/UFcode_nit_ter_May/Osat adjstc0.f
111.07.06 13:34 B d:\tmp\laqs\christos\ufeu\UFcode_nit_ter_May\Osat\addrcp.f --> tmpsystem.iceht.forth.gr /home/fouskas/laqs/christos/ufeu/UFcode_nit_ter_May/Osat addrcp.f
