111.07.06 13:35 B d:\tmp\laqs\christos\ufeu\UFcode_nit_ter_May\AER\slsode.o --> tmpsystem.iceht.forth.gr /home/fouskas/laqs/christos/ufeu/UFcode_nit_ter_May/AER slsode.o
111.07.06 13:35 B d:\tmp\laqs\christos\ufeu\UFcode_nit_ter_May\AER\vsrm.o --> tmpsystem.iceht.forth.gr /home/fouskas/laqs/christos/ufeu/UFcode_nit_ter_May/AER vsrm.o
111.07.06 13:35 B d:\tmp\laqs\christos\ufeu\UFcode_nit_ter_May\AER\values.o --> tmpsystem.iceht.forth.gr /home/fouskas/laqs/christos/ufeu/UFcode_nit_ter_May/AER values.o
111.07.06 13:35 B d:\tmp\laqs\christos\ufeu\UFcode_nit_ter_May\AER\svode.o --> tmpsystem.iceht.forth.gr /home/fouskas/laqs/christos/ufeu/UFcode_nit_ter_May/AER svode.o
111.07.06 13:35 B d:\tmp\laqs\christos\ufeu\UFcode_nit_ter_May\AER\step.o --> tmpsystem.iceht.forth.gr /home/fouskas/laqs/christos/ufeu/UFcode_nit_ter_May/AER step.o
111.07.06 13:35 B d:\tmp\laqs\christos\ufeu\UFcode_nit_ter_May\AER\steady.o --> tmpsystem.iceht.forth.gr /home/fouskas/laqs/christos/ufeu/UFcode_nit_ter_May/AER steady.o
111.07.06 13:35 B d:\tmp\laqs\christos\ufeu\UFcode_nit_ter_May\AER\state.o --> tmpsystem.iceht.forth.gr /home/fouskas/laqs/christos/ufeu/UFcode_nit_ter_May/AER state.o
111.07.06 13:35 B d:\tmp\laqs\christos\ufeu\UFcode_nit_ter_May\AER\react.o --> tmpsystem.iceht.forth.gr /home/fouskas/laqs/christos/ufeu/UFcode_nit_ter_May/AER react.o
111.07.06 13:35 B d:\tmp\laqs\christos\ufeu\UFcode_nit_ter_May\AER\qsaturation.o --> tmpsystem.iceht.forth.gr /home/fouskas/laqs/christos/ufeu/UFcode_nit_ter_May/AER qsaturation.o
111.07.06 13:35 B d:\tmp\laqs\christos\ufeu\UFcode_nit_ter_May\AER\nucl.o --> tmpsystem.iceht.forth.gr /home/fouskas/laqs/christos/ufeu/UFcode_nit_ter_May/AER nucl.o
111.07.06 13:35 B d:\tmp\laqs\christos\ufeu\UFcode_nit_ter_May\AER\newdist.o --> tmpsystem.iceht.forth.gr /home/fouskas/laqs/christos/ufeu/UFcode_nit_ter_May/AER newdist.o
111.07.06 13:35 B d:\tmp\laqs\christos\ufeu\UFcode_nit_ter_May\AER\negchk.o --> tmpsystem.iceht.forth.gr /home/fouskas/laqs/christos/ufeu/UFcode_nit_ter_May/AER negchk.o
111.07.06 13:35 B d:\tmp\laqs\christos\ufeu\UFcode_nit_ter_May\AER\mass.o --> tmpsystem.iceht.forth.gr /home/fouskas/laqs/christos/ufeu/UFcode_nit_ter_May/AER mass.o
111.07.06 13:35 B d:\tmp\laqs\christos\ufeu\UFcode_nit_ter_May\AER\madm.o --> tmpsystem.iceht.forth.gr /home/fouskas/laqs/christos/ufeu/UFcode_nit_ter_May/AER madm.o
111.07.06 13:35 B d:\tmp\laqs\christos\ufeu\UFcode_nit_ter_May\AER\linint.o --> tmpsystem.iceht.forth.gr /home/fouskas/laqs/christos/ufeu/UFcode_nit_ter_May/AER linint.o
111.07.06 13:35 B d:\tmp\laqs\christos\ufeu\UFcode_nit_ter_May\AER\hybrid.o --> tmpsystem.iceht.forth.gr /home/fouskas/laqs/christos/ufeu/UFcode_nit_ter_May/AER hybrid.o
111.07.06 13:35 B d:\tmp\laqs\christos\ufeu\UFcode_nit_ter_May\AER\fullequil.o --> tmpsystem.iceht.forth.gr /home/fouskas/laqs/christos/ufeu/UFcode_nit_ter_May/AER fullequil.o
111.07.06 13:35 B d:\tmp\laqs\christos\ufeu\UFcode_nit_ter_May\AER\equaer.o --> tmpsystem.iceht.forth.gr /home/fouskas/laqs/christos/ufeu/UFcode_nit_ter_May/AER equaer.o
111.07.06 13:35 B d:\tmp\laqs\christos\ufeu\UFcode_nit_ter_May\AER\eqparto.o --> tmpsystem.iceht.forth.gr /home/fouskas/laqs/christos/ufeu/UFcode_nit_ter_May/AER eqparto.o
111.07.06 13:35 B d:\tmp\laqs\christos\ufeu\UFcode_nit_ter_May\AER\eqpart.o --> tmpsystem.iceht.forth.gr /home/fouskas/laqs/christos/ufeu/UFcode_nit_ter_May/AER eqpart.o
111.07.06 13:35 B d:\tmp\laqs\christos\ufeu\UFcode_nit_ter_May\AER\electro.o --> tmpsystem.iceht.forth.gr /home/fouskas/laqs/christos/ufeu/UFcode_nit_ter_May/AER electro.o
111.07.06 13:35 B d:\tmp\laqs\christos\ufeu\UFcode_nit_ter_May\AER\dropinit.o --> tmpsystem.iceht.forth.gr /home/fouskas/laqs/christos/ufeu/UFcode_nit_ter_May/AER dropinit.o
111.07.06 13:35 B d:\tmp\laqs\christos\ufeu\UFcode_nit_ter_May\AER\diffund.o --> tmpsystem.iceht.forth.gr /home/fouskas/laqs/christos/ufeu/UFcode_nit_ter_May/AER diffund.o
111.07.06 13:35 B d:\tmp\laqs\christos\ufeu\UFcode_nit_ter_May\AER\differ.o --> tmpsystem.iceht.forth.gr /home/fouskas/laqs/christos/ufeu/UFcode_nit_ter_May/AER differ.o
111.07.06 13:35 B d:\tmp\laqs\christos\ufeu\UFcode_nit_ter_May\AER\diff.o --> tmpsystem.iceht.forth.gr /home/fouskas/laqs/christos/ufeu/UFcode_nit_ter_May/AER diff.o
111.07.06 13:35 B d:\tmp\laqs\christos\ufeu\UFcode_nit_ter_May\AER\diameter.o --> tmpsystem.iceht.forth.gr /home/fouskas/laqs/christos/ufeu/UFcode_nit_ter_May/AER diameter.o
111.07.06 13:35 B d:\tmp\laqs\christos\ufeu\UFcode_nit_ter_May\AER\decisions.o --> tmpsystem.iceht.forth.gr /home/fouskas/laqs/christos/ufeu/UFcode_nit_ter_May/AER decisions.o
111.07.06 13:35 B d:\tmp\laqs\christos\ufeu\UFcode_nit_ter_May\AER\constants.o --> tmpsystem.iceht.forth.gr /home/fouskas/laqs/christos/ufeu/UFcode_nit_ter_May/AER constants.o
111.07.06 13:35 B d:\tmp\laqs\christos\ufeu\UFcode_nit_ter_May\AER\coagul.o --> tmpsystem.iceht.forth.gr /home/fouskas/laqs/christos/ufeu/UFcode_nit_ter_May/AER coagul.o
111.07.06 13:35 B d:\tmp\laqs\christos\ufeu\UFcode_nit_ter_May\AER\bmass.o --> tmpsystem.iceht.forth.gr /home/fouskas/laqs/christos/ufeu/UFcode_nit_ter_May/AER bmass.o
111.07.06 13:35 B d:\tmp\laqs\christos\ufeu\UFcode_nit_ter_May\AER\block.o --> tmpsystem.iceht.forth.gr /home/fouskas/laqs/christos/ufeu/UFcode_nit_ter_May/AER block.o
111.07.06 13:35 B d:\tmp\laqs\christos\ufeu\UFcode_nit_ter_May\AER\baddit.o --> tmpsystem.iceht.forth.gr /home/fouskas/laqs/christos/ufeu/UFcode_nit_ter_May/AER baddit.o
111.07.06 13:35 B d:\tmp\laqs\christos\ufeu\UFcode_nit_ter_May\AER\aqrates2.o --> tmpsystem.iceht.forth.gr /home/fouskas/laqs/christos/ufeu/UFcode_nit_ter_May/AER aqrates2.o
111.07.06 13:35 B d:\tmp\laqs\christos\ufeu\UFcode_nit_ter_May\AER\aqrates1.o --> tmpsystem.iceht.forth.gr /home/fouskas/laqs/christos/ufeu/UFcode_nit_ter_May/AER aqrates1.o
111.07.06 13:35 B d:\tmp\laqs\christos\ufeu\UFcode_nit_ter_May\AER\aqoperator2.o --> tmpsystem.iceht.forth.gr /home/fouskas/laqs/christos/ufeu/UFcode_nit_ter_May/AER aqoperator2.o
111.07.06 13:35 B d:\tmp\laqs\christos\ufeu\UFcode_nit_ter_May\AER\aqoperator1.o --> tmpsystem.iceht.forth.gr /home/fouskas/laqs/christos/ufeu/UFcode_nit_ter_May/AER aqoperator1.o
111.07.06 13:35 B d:\tmp\laqs\christos\ufeu\UFcode_nit_ter_May\AER\aqjex.o --> tmpsystem.iceht.forth.gr /home/fouskas/laqs/christos/ufeu/UFcode_nit_ter_May/AER aqjex.o
111.07.06 13:35 B d:\tmp\laqs\christos\ufeu\UFcode_nit_ter_May\AER\aqintegr2.o --> tmpsystem.iceht.forth.gr /home/fouskas/laqs/christos/ufeu/UFcode_nit_ter_May/AER aqintegr2.o
111.07.06 13:35 B d:\tmp\laqs\christos\ufeu\UFcode_nit_ter_May\AER\aqintegr1.o --> tmpsystem.iceht.forth.gr /home/fouskas/laqs/christos/ufeu/UFcode_nit_ter_May/AER aqintegr1.o
111.07.06 13:35 B d:\tmp\laqs\christos\ufeu\UFcode_nit_ter_May\AER\aqfex2.o --> tmpsystem.iceht.forth.gr /home/fouskas/laqs/christos/ufeu/UFcode_nit_ter_May/AER aqfex2.o
111.07.06 13:35 B d:\tmp\laqs\christos\ufeu\UFcode_nit_ter_May\AER\aqfex1.o --> tmpsystem.iceht.forth.gr /home/fouskas/laqs/christos/ufeu/UFcode_nit_ter_May/AER aqfex1.o
111.07.06 13:35 B d:\tmp\laqs\christos\ufeu\UFcode_nit_ter_May\AER\aqdist.o --> tmpsystem.iceht.forth.gr /home/fouskas/laqs/christos/ufeu/UFcode_nit_ter_May/AER aqdist.o
111.07.06 13:35 B d:\tmp\laqs\christos\ufeu\UFcode_nit_ter_May\AER\aqchem.o --> tmpsystem.iceht.forth.gr /home/fouskas/laqs/christos/ufeu/UFcode_nit_ter_May/AER aqchem.o
111.07.06 13:35 B d:\tmp\laqs\christos\ufeu\UFcode_nit_ter_May\AER\aero_err.o --> tmpsystem.iceht.forth.gr /home/fouskas/laqs/christos/ufeu/UFcode_nit_ter_May/AER aero_err.o
111.07.06 13:35 B d:\tmp\laqs\christos\ufeu\UFcode_nit_ter_May\AER\aerchem.o --> tmpsystem.iceht.forth.gr /home/fouskas/laqs/christos/ufeu/UFcode_nit_ter_May/AER aerchem.o
111.07.06 13:35 B d:\tmp\laqs\christos\ufeu\UFcode_nit_ter_May\AER\addit.o --> tmpsystem.iceht.forth.gr /home/fouskas/laqs/christos/ufeu/UFcode_nit_ter_May/AER addit.o
111.07.06 13:35 B d:\tmp\laqs\christos\ufeu\UFcode_nit_ter_May\AER\eqpart.f --> tmpsystem.iceht.forth.gr /home/fouskas/laqs/christos/ufeu/UFcode_nit_ter_May/AER eqpart.f
111.07.06 13:35 B d:\tmp\laqs\christos\ufeu\UFcode_nit_ter_May\AER\vsrm.f --> tmpsystem.iceht.forth.gr /home/fouskas/laqs/christos/ufeu/UFcode_nit_ter_May/AER vsrm.f
111.07.06 13:35 B d:\tmp\laqs\christos\ufeu\UFcode_nit_ter_May\AER\values.f --> tmpsystem.iceht.forth.gr /home/fouskas/laqs/christos/ufeu/UFcode_nit_ter_May/AER values.f
111.07.06 13:35 B d:\tmp\laqs\christos\ufeu\UFcode_nit_ter_May\AER\svode.f --> tmpsystem.iceht.forth.gr /home/fouskas/laqs/christos/ufeu/UFcode_nit_ter_May/AER svode.f
111.07.06 13:35 B d:\tmp\laqs\christos\ufeu\UFcode_nit_ter_May\AER\step.f --> tmpsystem.iceht.forth.gr /home/fouskas/laqs/christos/ufeu/UFcode_nit_ter_May/AER step.f
111.07.06 13:35 B d:\tmp\laqs\christos\ufeu\UFcode_nit_ter_May\AER\steady.f --> tmpsystem.iceht.forth.gr /home/fouskas/laqs/christos/ufeu/UFcode_nit_ter_May/AER steady.f
111.07.06 13:35 B d:\tmp\laqs\christos\ufeu\UFcode_nit_ter_May\AER\state.f --> tmpsystem.iceht.forth.gr /home/fouskas/laqs/christos/ufeu/UFcode_nit_ter_May/AER state.f
111.07.06 13:35 B d:\tmp\laqs\christos\ufeu\UFcode_nit_ter_May\AER\slsode.f --> tmpsystem.iceht.forth.gr /home/fouskas/laqs/christos/ufeu/UFcode_nit_ter_May/AER slsode.f
111.07.06 13:35 B d:\tmp\laqs\christos\ufeu\UFcode_nit_ter_May\AER\react.f --> tmpsystem.iceht.forth.gr /home/fouskas/laqs/christos/ufeu/UFcode_nit_ter_May/AER react.f
111.07.06 13:35 B d:\tmp\laqs\christos\ufeu\UFcode_nit_ter_May\AER\qsaturation.f --> tmpsystem.iceht.forth.gr /home/fouskas/laqs/christos/ufeu/UFcode_nit_ter_May/AER qsaturation.f
111.07.06 13:35 B d:\tmp\laqs\christos\ufeu\UFcode_nit_ter_May\AER\nucl.f --> tmpsystem.iceht.forth.gr /home/fouskas/laqs/christos/ufeu/UFcode_nit_ter_May/AER nucl.f
111.07.06 13:35 B d:\tmp\laqs\christos\ufeu\UFcode_nit_ter_May\AER\newdist.f --> tmpsystem.iceht.forth.gr /home/fouskas/laqs/christos/ufeu/UFcode_nit_ter_May/AER newdist.f
111.07.06 13:35 B d:\tmp\laqs\christos\ufeu\UFcode_nit_ter_May\AER\negchk.f --> tmpsystem.iceht.forth.gr /home/fouskas/laqs/christos/ufeu/UFcode_nit_ter_May/AER negchk.f
111.07.06 13:35 B d:\tmp\laqs\christos\ufeu\UFcode_nit_ter_May\AER\mass.f --> tmpsystem.iceht.forth.gr /home/fouskas/laqs/christos/ufeu/UFcode_nit_ter_May/AER mass.f
111.07.06 13:35 B d:\tmp\laqs\christos\ufeu\UFcode_nit_ter_May\AER\madm.sav --> tmpsystem.iceht.forth.gr /home/fouskas/laqs/christos/ufeu/UFcode_nit_ter_May/AER madm.sav
111.07.06 13:35 B d:\tmp\laqs\christos\ufeu\UFcode_nit_ter_May\AER\madm.org --> tmpsystem.iceht.forth.gr /home/fouskas/laqs/christos/ufeu/UFcode_nit_ter_May/AER madm.org
111.07.06 13:35 B d:\tmp\laqs\christos\ufeu\UFcode_nit_ter_May\AER\madm.f --> tmpsystem.iceht.forth.gr /home/fouskas/laqs/christos/ufeu/UFcode_nit_ter_May/AER madm.f
111.07.06 13:35 B d:\tmp\laqs\christos\ufeu\UFcode_nit_ter_May\AER\linint.f --> tmpsystem.iceht.forth.gr /home/fouskas/laqs/christos/ufeu/UFcode_nit_ter_May/AER linint.f
111.07.06 13:35 B d:\tmp\laqs\christos\ufeu\UFcode_nit_ter_May\AER\hybrid.f --> tmpsystem.iceht.forth.gr /home/fouskas/laqs/christos/ufeu/UFcode_nit_ter_May/AER hybrid.f
111.07.06 13:35 B d:\tmp\laqs\christos\ufeu\UFcode_nit_ter_May\AER\fullequil.f --> tmpsystem.iceht.forth.gr /home/fouskas/laqs/christos/ufeu/UFcode_nit_ter_May/AER fullequil.f
111.07.06 13:35 B d:\tmp\laqs\christos\ufeu\UFcode_nit_ter_May\AER\equaer.f --> tmpsystem.iceht.forth.gr /home/fouskas/laqs/christos/ufeu/UFcode_nit_ter_May/AER equaer.f
111.07.06 13:35 B d:\tmp\laqs\christos\ufeu\UFcode_nit_ter_May\AER\eqparto.f --> tmpsystem.iceht.forth.gr /home/fouskas/laqs/christos/ufeu/UFcode_nit_ter_May/AER eqparto.f
111.07.06 13:35 B d:\tmp\laqs\christos\ufeu\UFcode_nit_ter_May\AER\electro.f --> tmpsystem.iceht.forth.gr /home/fouskas/laqs/christos/ufeu/UFcode_nit_ter_May/AER electro.f
111.07.06 13:35 B d:\tmp\laqs\christos\ufeu\UFcode_nit_ter_May\AER\dropinit.f --> tmpsystem.iceht.forth.gr /home/fouskas/laqs/christos/ufeu/UFcode_nit_ter_May/AER dropinit.f
111.07.06 13:35 B d:\tmp\laqs\christos\ufeu\UFcode_nit_ter_May\AER\diffund.sav --> tmpsystem.iceht.forth.gr /home/fouskas/laqs/christos/ufeu/UFcode_nit_ter_May/AER diffund.sav
111.07.06 13:35 B d:\tmp\laqs\christos\ufeu\UFcode_nit_ter_May\AER\diffund.org --> tmpsystem.iceht.forth.gr /home/fouskas/laqs/christos/ufeu/UFcode_nit_ter_May/AER diffund.org
111.07.06 13:35 B d:\tmp\laqs\christos\ufeu\UFcode_nit_ter_May\AER\diffund.f --> tmpsystem.iceht.forth.gr /home/fouskas/laqs/christos/ufeu/UFcode_nit_ter_May/AER diffund.f
111.07.06 13:35 B d:\tmp\laqs\christos\ufeu\UFcode_nit_ter_May\AER\differ.f --> tmpsystem.iceht.forth.gr /home/fouskas/laqs/christos/ufeu/UFcode_nit_ter_May/AER differ.f
111.07.06 13:35 B d:\tmp\laqs\christos\ufeu\UFcode_nit_ter_May\AER\diff.f --> tmpsystem.iceht.forth.gr /home/fouskas/laqs/christos/ufeu/UFcode_nit_ter_May/AER diff.f
111.07.06 13:35 B d:\tmp\laqs\christos\ufeu\UFcode_nit_ter_May\AER\diameter.f --> tmpsystem.iceht.forth.gr /home/fouskas/laqs/christos/ufeu/UFcode_nit_ter_May/AER diameter.f
111.07.06 13:35 B d:\tmp\laqs\christos\ufeu\UFcode_nit_ter_May\AER\decisions.f --> tmpsystem.iceht.forth.gr /home/fouskas/laqs/christos/ufeu/UFcode_nit_ter_May/AER decisions.f
111.07.06 13:35 B d:\tmp\laqs\christos\ufeu\UFcode_nit_ter_May\AER\constants.f --> tmpsystem.iceht.forth.gr /home/fouskas/laqs/christos/ufeu/UFcode_nit_ter_May/AER constants.f
111.07.06 13:35 B d:\tmp\laqs\christos\ufeu\UFcode_nit_ter_May\AER\coagul.f --> tmpsystem.iceht.forth.gr /home/fouskas/laqs/christos/ufeu/UFcode_nit_ter_May/AER coagul.f
111.07.06 13:35 B d:\tmp\laqs\christos\ufeu\UFcode_nit_ter_May\AER\bmass.f --> tmpsystem.iceht.forth.gr /home/fouskas/laqs/christos/ufeu/UFcode_nit_ter_May/AER bmass.f
111.07.06 13:35 B d:\tmp\laqs\christos\ufeu\UFcode_nit_ter_May\AER\block.f --> tmpsystem.iceht.forth.gr /home/fouskas/laqs/christos/ufeu/UFcode_nit_ter_May/AER block.f
111.07.06 13:35 B d:\tmp\laqs\christos\ufeu\UFcode_nit_ter_May\AER\baddit.f --> tmpsystem.iceht.forth.gr /home/fouskas/laqs/christos/ufeu/UFcode_nit_ter_May/AER baddit.f
111.07.06 13:35 B d:\tmp\laqs\christos\ufeu\UFcode_nit_ter_May\AER\aqrates2.f --> tmpsystem.iceht.forth.gr /home/fouskas/laqs/christos/ufeu/UFcode_nit_ter_May/AER aqrates2.f
111.07.06 13:35 B d:\tmp\laqs\christos\ufeu\UFcode_nit_ter_May\AER\aqrates1.f --> tmpsystem.iceht.forth.gr /home/fouskas/laqs/christos/ufeu/UFcode_nit_ter_May/AER aqrates1.f
111.07.06 13:35 B d:\tmp\laqs\christos\ufeu\UFcode_nit_ter_May\AER\aqoperator2.f --> tmpsystem.iceht.forth.gr /home/fouskas/laqs/christos/ufeu/UFcode_nit_ter_May/AER aqoperator2.f
111.07.06 13:35 B d:\tmp\laqs\christos\ufeu\UFcode_nit_ter_May\AER\aqoperator1.f --> tmpsystem.iceht.forth.gr /home/fouskas/laqs/christos/ufeu/UFcode_nit_ter_May/AER aqoperator1.f
111.07.06 13:35 B d:\tmp\laqs\christos\ufeu\UFcode_nit_ter_May\AER\aqjex.f --> tmpsystem.iceht.forth.gr /home/fouskas/laqs/christos/ufeu/UFcode_nit_ter_May/AER aqjex.f
111.07.06 13:35 B d:\tmp\laqs\christos\ufeu\UFcode_nit_ter_May\AER\aqintegr2.f --> tmpsystem.iceht.forth.gr /home/fouskas/laqs/christos/ufeu/UFcode_nit_ter_May/AER aqintegr2.f
111.07.06 13:35 B d:\tmp\laqs\christos\ufeu\UFcode_nit_ter_May\AER\aqintegr1.f --> tmpsystem.iceht.forth.gr /home/fouskas/laqs/christos/ufeu/UFcode_nit_ter_May/AER aqintegr1.f
111.07.06 13:35 B d:\tmp\laqs\christos\ufeu\UFcode_nit_ter_May\AER\aqfex2.f --> tmpsystem.iceht.forth.gr /home/fouskas/laqs/christos/ufeu/UFcode_nit_ter_May/AER aqfex2.f
111.07.06 13:35 B d:\tmp\laqs\christos\ufeu\UFcode_nit_ter_May\AER\aqfex1.f --> tmpsystem.iceht.forth.gr /home/fouskas/laqs/christos/ufeu/UFcode_nit_ter_May/AER aqfex1.f
111.07.06 13:35 B d:\tmp\laqs\christos\ufeu\UFcode_nit_ter_May\AER\aqdist.f --> tmpsystem.iceht.forth.gr /home/fouskas/laqs/christos/ufeu/UFcode_nit_ter_May/AER aqdist.f
111.07.06 13:35 B d:\tmp\laqs\christos\ufeu\UFcode_nit_ter_May\AER\aqchem.f --> tmpsystem.iceht.forth.gr /home/fouskas/laqs/christos/ufeu/UFcode_nit_ter_May/AER aqchem.f
111.07.06 13:35 B d:\tmp\laqs\christos\ufeu\UFcode_nit_ter_May\AER\aero_err.f --> tmpsystem.iceht.forth.gr /home/fouskas/laqs/christos/ufeu/UFcode_nit_ter_May/AER aero_err.f
111.07.06 13:35 B d:\tmp\laqs\christos\ufeu\UFcode_nit_ter_May\AER\aerchem.f --> tmpsystem.iceht.forth.gr /home/fouskas/laqs/christos/ufeu/UFcode_nit_ter_May/AER aerchem.f
111.07.06 13:35 B d:\tmp\laqs\christos\ufeu\UFcode_nit_ter_May\AER\addit.f --> tmpsystem.iceht.forth.gr /home/fouskas/laqs/christos/ufeu/UFcode_nit_ter_May/AER addit.f
