111.07.06 13:34 B d:\tmp\laqs\christos\ufeu\UFcode_nit_ter_May\Inc\deposit.com~ --> tmpsystem.iceht.forth.gr /home/fouskas/laqs/christos/ufeu/UFcode_nit_ter_May/Inc deposit.com~
111.07.06 13:34 B d:\tmp\laqs\christos\ufeu\UFcode_nit_ter_May\Inc\camx.prm.eucaari --> tmpsystem.iceht.forth.gr /home/fouskas/laqs/christos/ufeu/UFcode_nit_ter_May/Inc camx.prm.eucaari
111.07.06 13:34 B d:\tmp\laqs\christos\ufeu\UFcode_nit_ter_May\Inc\camx.prm.eucaari~ --> tmpsystem.iceht.forth.gr /home/fouskas/laqs/christos/ufeu/UFcode_nit_ter_May/Inc camx.prm.eucaari~
111.07.06 13:34 B d:\tmp\laqs\christos\ufeu\UFcode_nit_ter_May\Inc\grid.com --> tmpsystem.iceht.forth.gr /home/fouskas/laqs/christos/ufeu/UFcode_nit_ter_May/Inc grid.com
111.07.06 13:34 B d:\tmp\laqs\christos\ufeu\UFcode_nit_ter_May\Inc\deposit.com --> tmpsystem.iceht.forth.gr /home/fouskas/laqs/christos/ufeu/UFcode_nit_ter_May/Inc deposit.com
111.07.06 13:34 B d:\tmp\laqs\christos\ufeu\UFcode_nit_ter_May\Inc\tracer.com --> tmpsystem.iceht.forth.gr /home/fouskas/laqs/christos/ufeu/UFcode_nit_ter_May/Inc tracer.com
111.07.06 13:34 B d:\tmp\laqs\christos\ufeu\UFcode_nit_ter_May\Inc\soap.com --> tmpsystem.iceht.forth.gr /home/fouskas/laqs/christos/ufeu/UFcode_nit_ter_May/Inc soap.com
111.07.06 13:34 B d:\tmp\laqs\christos\ufeu\UFcode_nit_ter_May\Inc\sizecode.COM --> tmpsystem.iceht.forth.gr /home/fouskas/laqs/christos/ufeu/UFcode_nit_ter_May/Inc sizecode.COM
111.07.06 13:34 B d:\tmp\laqs\christos\ufeu\UFcode_nit_ter_May\Inc\sizecode.backup --> tmpsystem.iceht.forth.gr /home/fouskas/laqs/christos/ufeu/UFcode_nit_ter_May/Inc sizecode.backup
111.07.06 13:34 B d:\tmp\laqs\christos\ufeu\UFcode_nit_ter_May\Inc\section_aq.inc.old --> tmpsystem.iceht.forth.gr /home/fouskas/laqs/christos/ufeu/UFcode_nit_ter_May/Inc section_aq.inc.old
111.07.06 13:34 B d:\tmp\laqs\christos\ufeu\UFcode_nit_ter_May\Inc\section_aq.inc.jgj.43 --> tmpsystem.iceht.forth.gr /home/fouskas/laqs/christos/ufeu/UFcode_nit_ter_May/Inc section_aq.inc.jgj.43
111.07.06 13:34 B d:\tmp\laqs\christos\ufeu\UFcode_nit_ter_May\Inc\section_aq.inc.jgj.12 --> tmpsystem.iceht.forth.gr /home/fouskas/laqs/christos/ufeu/UFcode_nit_ter_May/Inc section_aq.inc.jgj.12
111.07.06 13:34 B d:\tmp\laqs\christos\ufeu\UFcode_nit_ter_May\Inc\section_aq.inc.jgj.11 --> tmpsystem.iceht.forth.gr /home/fouskas/laqs/christos/ufeu/UFcode_nit_ter_May/Inc section_aq.inc.jgj.11
111.07.06 13:34 B d:\tmp\laqs\christos\ufeu\UFcode_nit_ter_May\Inc\section_aq.inc.jgj --> tmpsystem.iceht.forth.gr /home/fouskas/laqs/christos/ufeu/UFcode_nit_ter_May/Inc section_aq.inc.jgj
111.07.06 13:34 B d:\tmp\laqs\christos\ufeu\UFcode_nit_ter_May\Inc\section_aq.inc --> tmpsystem.iceht.forth.gr /home/fouskas/laqs/christos/ufeu/UFcode_nit_ter_May/Inc section_aq.inc
111.07.06 13:34 B d:\tmp\laqs\christos\ufeu\UFcode_nit_ter_May\Inc\section.inc.old --> tmpsystem.iceht.forth.gr /home/fouskas/laqs/christos/ufeu/UFcode_nit_ter_May/Inc section.inc.old
111.07.06 13:34 B d:\tmp\laqs\christos\ufeu\UFcode_nit_ter_May\Inc\section.inc.jgj.43 --> tmpsystem.iceht.forth.gr /home/fouskas/laqs/christos/ufeu/UFcode_nit_ter_May/Inc section.inc.jgj.43
111.07.06 13:34 B d:\tmp\laqs\christos\ufeu\UFcode_nit_ter_May\Inc\section.inc.jgj.12 --> tmpsystem.iceht.forth.gr /home/fouskas/laqs/christos/ufeu/UFcode_nit_ter_May/Inc section.inc.jgj.12
111.07.06 13:34 B d:\tmp\laqs\christos\ufeu\UFcode_nit_ter_May\Inc\section.inc.jgj.11 --> tmpsystem.iceht.forth.gr /home/fouskas/laqs/christos/ufeu/UFcode_nit_ter_May/Inc section.inc.jgj.11
111.07.06 13:34 B d:\tmp\laqs\christos\ufeu\UFcode_nit_ter_May\Inc\section.inc.jgj --> tmpsystem.iceht.forth.gr /home/fouskas/laqs/christos/ufeu/UFcode_nit_ter_May/Inc section.inc.jgj
111.07.06 13:34 B d:\tmp\laqs\christos\ufeu\UFcode_nit_ter_May\Inc\section.inc --> tmpsystem.iceht.forth.gr /home/fouskas/laqs/christos/ufeu/UFcode_nit_ter_May/Inc section.inc
111.07.06 13:34 B d:\tmp\laqs\christos\ufeu\UFcode_nit_ter_May\Inc\rtracchm.com --> tmpsystem.iceht.forth.gr /home/fouskas/laqs/christos/ufeu/UFcode_nit_ter_May/Inc rtracchm.com
111.07.06 13:34 B d:\tmp\laqs\christos\ufeu\UFcode_nit_ter_May\Inc\ptemiss.com --> tmpsystem.iceht.forth.gr /home/fouskas/laqs/christos/ufeu/UFcode_nit_ter_May/Inc ptemiss.com
111.07.06 13:34 B d:\tmp\laqs\christos\ufeu\UFcode_nit_ter_May\Inc\procan.com --> tmpsystem.iceht.forth.gr /home/fouskas/laqs/christos/ufeu/UFcode_nit_ter_May/Inc procan.com
111.07.06 13:34 B d:\tmp\laqs\christos\ufeu\UFcode_nit_ter_May\Inc\pigsty.com --> tmpsystem.iceht.forth.gr /home/fouskas/laqs/christos/ufeu/UFcode_nit_ter_May/Inc pigsty.com
111.07.06 13:34 B d:\tmp\laqs\christos\ufeu\UFcode_nit_ter_May\Inc\nucleation.inc.121307 --> tmpsystem.iceht.forth.gr /home/fouskas/laqs/christos/ufeu/UFcode_nit_ter_May/Inc nucleation.inc.121307
111.07.06 13:34 B d:\tmp\laqs\christos\ufeu\UFcode_nit_ter_May\Inc\nucleation.inc --> tmpsystem.iceht.forth.gr /home/fouskas/laqs/christos/ufeu/UFcode_nit_ter_May/Inc nucleation.inc
111.07.06 13:34 B d:\tmp\laqs\christos\ufeu\UFcode_nit_ter_May\Inc\math.inc --> tmpsystem.iceht.forth.gr /home/fouskas/laqs/christos/ufeu/UFcode_nit_ter_May/Inc math.inc
111.07.06 13:34 B d:\tmp\laqs\christos\ufeu\UFcode_nit_ter_May\Inc\isrpia.inc --> tmpsystem.iceht.forth.gr /home/fouskas/laqs/christos/ufeu/UFcode_nit_ter_May/Inc isrpia.inc
111.07.06 13:34 B d:\tmp\laqs\christos\ufeu\UFcode_nit_ter_May\Inc\IO.inc --> tmpsystem.iceht.forth.gr /home/fouskas/laqs/christos/ufeu/UFcode_nit_ter_May/Inc IO.inc
111.07.06 13:34 B d:\tmp\laqs\christos\ufeu\UFcode_nit_ter_May\Inc\iehchem.com --> tmpsystem.iceht.forth.gr /home/fouskas/laqs/christos/ufeu/UFcode_nit_ter_May/Inc iehchem.com
111.07.06 13:34 B d:\tmp\laqs\christos\ufeu\UFcode_nit_ter_May\Inc\flags.com --> tmpsystem.iceht.forth.gr /home/fouskas/laqs/christos/ufeu/UFcode_nit_ter_May/Inc flags.com
111.07.06 13:34 B d:\tmp\laqs\christos\ufeu\UFcode_nit_ter_May\Inc\filunit.com --> tmpsystem.iceht.forth.gr /home/fouskas/laqs/christos/ufeu/UFcode_nit_ter_May/Inc filunit.com
111.07.06 13:34 B d:\tmp\laqs\christos\ufeu\UFcode_nit_ter_May\Inc\equaer.inc --> tmpsystem.iceht.forth.gr /home/fouskas/laqs/christos/ufeu/UFcode_nit_ter_May/Inc equaer.inc
111.07.06 13:34 B d:\tmp\laqs\christos\ufeu\UFcode_nit_ter_May\Inc\dynamic.inc.old --> tmpsystem.iceht.forth.gr /home/fouskas/laqs/christos/ufeu/UFcode_nit_ter_May/Inc dynamic.inc.old
111.07.06 13:34 B d:\tmp\laqs\christos\ufeu\UFcode_nit_ter_May\Inc\dynamic.inc.coag.off --> tmpsystem.iceht.forth.gr /home/fouskas/laqs/christos/ufeu/UFcode_nit_ter_May/Inc dynamic.inc.coag.off
111.07.06 13:34 B d:\tmp\laqs\christos\ufeu\UFcode_nit_ter_May\Inc\dynamic.inc --> tmpsystem.iceht.forth.gr /home/fouskas/laqs/christos/ufeu/UFcode_nit_ter_May/Inc dynamic.inc
111.07.06 13:34 B d:\tmp\laqs\christos\ufeu\UFcode_nit_ter_May\Inc\droppar.inc --> tmpsystem.iceht.forth.gr /home/fouskas/laqs/christos/ufeu/UFcode_nit_ter_May/Inc droppar.inc
111.07.06 13:34 B d:\tmp\laqs\christos\ufeu\UFcode_nit_ter_May\Inc\dropcom.inc --> tmpsystem.iceht.forth.gr /home/fouskas/laqs/christos/ufeu/UFcode_nit_ter_May/Inc dropcom.inc
111.07.06 13:34 B d:\tmp\laqs\christos\ufeu\UFcode_nit_ter_May\Inc\diameters.inc --> tmpsystem.iceht.forth.gr /home/fouskas/laqs/christos/ufeu/UFcode_nit_ter_May/Inc diameters.inc
111.07.06 13:34 B d:\tmp\laqs\christos\ufeu\UFcode_nit_ter_May\Inc\ddmchm.com --> tmpsystem.iceht.forth.gr /home/fouskas/laqs/christos/ufeu/UFcode_nit_ter_May/Inc ddmchm.com
111.07.06 13:34 B d:\tmp\laqs\christos\ufeu\UFcode_nit_ter_May\Inc\dbg.inc --> tmpsystem.iceht.forth.gr /home/fouskas/laqs/christos/ufeu/UFcode_nit_ter_May/Inc dbg.inc
111.07.06 13:34 B d:\tmp\laqs\christos\ufeu\UFcode_nit_ter_May\Inc\chmstry.com.old --> tmpsystem.iceht.forth.gr /home/fouskas/laqs/christos/ufeu/UFcode_nit_ter_May/Inc chmstry.com.old
111.07.06 13:34 B d:\tmp\laqs\christos\ufeu\UFcode_nit_ter_May\Inc\chmstry.com.jgj.43.num --> tmpsystem.iceht.forth.gr /home/fouskas/laqs/christos/ufeu/UFcode_nit_ter_May/Inc chmstry.com.jgj.43.num
111.07.06 13:34 B d:\tmp\laqs\christos\ufeu\UFcode_nit_ter_May\Inc\chmstry.com.jgj.43 --> tmpsystem.iceht.forth.gr /home/fouskas/laqs/christos/ufeu/UFcode_nit_ter_May/Inc chmstry.com.jgj.43
111.07.06 13:34 B d:\tmp\laqs\christos\ufeu\UFcode_nit_ter_May\Inc\chmstry.com.jgj.12 --> tmpsystem.iceht.forth.gr /home/fouskas/laqs/christos/ufeu/UFcode_nit_ter_May/Inc chmstry.com.jgj.12
111.07.06 13:34 B d:\tmp\laqs\christos\ufeu\UFcode_nit_ter_May\Inc\chmstry.com.jgj.11 --> tmpsystem.iceht.forth.gr /home/fouskas/laqs/christos/ufeu/UFcode_nit_ter_May/Inc chmstry.com.jgj.11
111.07.06 13:34 B d:\tmp\laqs\christos\ufeu\UFcode_nit_ter_May\Inc\chmstry.com --> tmpsystem.iceht.forth.gr /home/fouskas/laqs/christos/ufeu/UFcode_nit_ter_May/Inc chmstry.com
111.07.06 13:34 B d:\tmp\laqs\christos\ufeu\UFcode_nit_ter_May\Inc\cdfids.com --> tmpsystem.iceht.forth.gr /home/fouskas/laqs/christos/ufeu/UFcode_nit_ter_May/Inc cdfids.com
111.07.06 13:34 B d:\tmp\laqs\christos\ufeu\UFcode_nit_ter_May\Inc\camxfld.com --> tmpsystem.iceht.forth.gr /home/fouskas/laqs/christos/ufeu/UFcode_nit_ter_May/Inc camxfld.com
111.07.06 13:34 B d:\tmp\laqs\christos\ufeu\UFcode_nit_ter_May\Inc\camx_aero.inc --> tmpsystem.iceht.forth.gr /home/fouskas/laqs/christos/ufeu/UFcode_nit_ter_May/Inc camx_aero.inc
111.07.06 13:34 B d:\tmp\laqs\christos\ufeu\UFcode_nit_ter_May\Inc\camx.prm.wrap --> tmpsystem.iceht.forth.gr /home/fouskas/laqs/christos/ufeu/UFcode_nit_ter_May/Inc camx.prm.wrap
111.07.06 13:34 B d:\tmp\laqs\christos\ufeu\UFcode_nit_ter_May\Inc\camx.prm.vistas --> tmpsystem.iceht.forth.gr /home/fouskas/laqs/christos/ufeu/UFcode_nit_ter_May/Inc camx.prm.vistas
111.07.06 13:34 B d:\tmp\laqs\christos\ufeu\UFcode_nit_ter_May\Inc\camx.prm.scab --> tmpsystem.iceht.forth.gr /home/fouskas/laqs/christos/ufeu/UFcode_nit_ter_May/Inc camx.prm.scab
111.07.06 13:34 B d:\tmp\laqs\christos\ufeu\UFcode_nit_ter_May\Inc\camx.prm.old --> tmpsystem.iceht.forth.gr /home/fouskas/laqs/christos/ufeu/UFcode_nit_ter_May/Inc camx.prm.old
111.07.06 13:34 B d:\tmp\laqs\christos\ufeu\UFcode_nit_ter_May\Inc\camx.prm.ladco.January --> tmpsystem.iceht.forth.gr /home/fouskas/laqs/christos/ufeu/UFcode_nit_ter_May/Inc camx.prm.ladco.January
111.07.06 13:34 B d:\tmp\laqs\christos\ufeu\UFcode_nit_ter_May\Inc\camx.prm.ladco --> tmpsystem.iceht.forth.gr /home/fouskas/laqs/christos/ufeu/UFcode_nit_ter_May/Inc camx.prm.ladco
111.07.06 13:34 B d:\tmp\laqs\christos\ufeu\UFcode_nit_ter_May\Inc\camx.prm.jgj.43.num --> tmpsystem.iceht.forth.gr /home/fouskas/laqs/christos/ufeu/UFcode_nit_ter_May/Inc camx.prm.jgj.43.num
111.07.06 13:34 B d:\tmp\laqs\christos\ufeu\UFcode_nit_ter_May\Inc\camx.prm.jgj.43 --> tmpsystem.iceht.forth.gr /home/fouskas/laqs/christos/ufeu/UFcode_nit_ter_May/Inc camx.prm.jgj.43
111.07.06 13:34 B d:\tmp\laqs\christos\ufeu\UFcode_nit_ter_May\Inc\camx.prm.jgj.12 --> tmpsystem.iceht.forth.gr /home/fouskas/laqs/christos/ufeu/UFcode_nit_ter_May/Inc camx.prm.jgj.12
111.07.06 13:34 B d:\tmp\laqs\christos\ufeu\UFcode_nit_ter_May\Inc\camx.prm.jgj.11 --> tmpsystem.iceht.forth.gr /home/fouskas/laqs/christos/ufeu/UFcode_nit_ter_May/Inc camx.prm.jgj.11
111.07.06 13:34 B d:\tmp\laqs\christos\ufeu\UFcode_nit_ter_May\Inc\camx.prm.jgj --> tmpsystem.iceht.forth.gr /home/fouskas/laqs/christos/ufeu/UFcode_nit_ter_May/Inc camx.prm.jgj
111.07.06 13:34 B d:\tmp\laqs\christos\ufeu\UFcode_nit_ter_May\Inc\camx.prm.CAMx4 --> tmpsystem.iceht.forth.gr /home/fouskas/laqs/christos/ufeu/UFcode_nit_ter_May/Inc camx.prm.CAMx4
111.07.06 13:34 B d:\tmp\laqs\christos\ufeu\UFcode_nit_ter_May\Inc\camx.com --> tmpsystem.iceht.forth.gr /home/fouskas/laqs/christos/ufeu/UFcode_nit_ter_May/Inc camx.com
111.07.06 13:34 B d:\tmp\laqs\christos\ufeu\UFcode_nit_ter_May\Inc\bndary.com --> tmpsystem.iceht.forth.gr /home/fouskas/laqs/christos/ufeu/UFcode_nit_ter_May/Inc bndary.com
111.07.06 13:34 B d:\tmp\laqs\christos\ufeu\UFcode_nit_ter_May\Inc\ahomap.com --> tmpsystem.iceht.forth.gr /home/fouskas/laqs/christos/ufeu/UFcode_nit_ter_May/Inc ahomap.com
111.07.06 13:34 B d:\tmp\laqs\christos\ufeu\UFcode_nit_ter_May\Inc\aervaria.inc.121307 --> tmpsystem.iceht.forth.gr /home/fouskas/laqs/christos/ufeu/UFcode_nit_ter_May/Inc aervaria.inc.121307
111.07.06 13:34 B d:\tmp\laqs\christos\ufeu\UFcode_nit_ter_May\Inc\aervaria.inc --> tmpsystem.iceht.forth.gr /home/fouskas/laqs/christos/ufeu/UFcode_nit_ter_May/Inc aervaria.inc
111.07.06 13:34 B d:\tmp\laqs\christos\ufeu\UFcode_nit_ter_May\Inc\aerpar.inc --> tmpsystem.iceht.forth.gr /home/fouskas/laqs/christos/ufeu/UFcode_nit_ter_May/Inc aerpar.inc
