111.07.05 11:22 B d:\tmp\laqs\christos\ufeu\UFcode_nit_ter_May\SOAP\spfcn1.o --> tmpsystem.iceht.forth.gr /home/fouskas/laqs/christos/ufeu/UFcode_nit_ter_May/SOAP spfcn1.o
111.07.05 11:22 B d:\tmp\laqs\christos\ufeu\UFcode_nit_ter_May\SOAP\spfcn.o --> tmpsystem.iceht.forth.gr /home/fouskas/laqs/christos/ufeu/UFcode_nit_ter_May/SOAP spfcn.o
111.07.05 11:22 B d:\tmp\laqs\christos\ufeu\UFcode_nit_ter_May\SOAP\soapdat.o --> tmpsystem.iceht.forth.gr /home/fouskas/laqs/christos/ufeu/UFcode_nit_ter_May/SOAP soapdat.o
111.07.05 11:22 B d:\tmp\laqs\christos\ufeu\UFcode_nit_ter_May\SOAP\soap.o --> tmpsystem.iceht.forth.gr /home/fouskas/laqs/christos/ufeu/UFcode_nit_ter_May/SOAP soap.o
111.07.05 11:22 B d:\tmp\laqs\christos\ufeu\UFcode_nit_ter_May\SOAP\rndnum.o --> tmpsystem.iceht.forth.gr /home/fouskas/laqs/christos/ufeu/UFcode_nit_ter_May/SOAP rndnum.o
111.07.05 11:22 B d:\tmp\laqs\christos\ufeu\UFcode_nit_ter_May\SOAP\hybrd.o --> tmpsystem.iceht.forth.gr /home/fouskas/laqs/christos/ufeu/UFcode_nit_ter_May/SOAP hybrd.o
111.07.05 11:22 B d:\tmp\laqs\christos\ufeu\UFcode_nit_ter_May\SOAP\calc.o --> tmpsystem.iceht.forth.gr /home/fouskas/laqs/christos/ufeu/UFcode_nit_ter_May/SOAP calc.o
111.07.05 11:22 B d:\tmp\laqs\christos\ufeu\UFcode_nit_ter_May\SOAP\spfcn1.f --> tmpsystem.iceht.forth.gr /home/fouskas/laqs/christos/ufeu/UFcode_nit_ter_May/SOAP spfcn1.f
111.07.05 11:22 B d:\tmp\laqs\christos\ufeu\UFcode_nit_ter_May\SOAP\spfcn.f --> tmpsystem.iceht.forth.gr /home/fouskas/laqs/christos/ufeu/UFcode_nit_ter_May/SOAP spfcn.f
111.07.05 11:22 B d:\tmp\laqs\christos\ufeu\UFcode_nit_ter_May\SOAP\soapdat.f --> tmpsystem.iceht.forth.gr /home/fouskas/laqs/christos/ufeu/UFcode_nit_ter_May/SOAP soapdat.f
111.07.05 11:22 B d:\tmp\laqs\christos\ufeu\UFcode_nit_ter_May\SOAP\soap.f --> tmpsystem.iceht.forth.gr /home/fouskas/laqs/christos/ufeu/UFcode_nit_ter_May/SOAP soap.f
111.07.05 11:22 B d:\tmp\laqs\christos\ufeu\UFcode_nit_ter_May\SOAP\rndnum.f --> tmpsystem.iceht.forth.gr /home/fouskas/laqs/christos/ufeu/UFcode_nit_ter_May/SOAP rndnum.f
111.07.05 11:22 B d:\tmp\laqs\christos\ufeu\UFcode_nit_ter_May\SOAP\hybrd.f --> tmpsystem.iceht.forth.gr /home/fouskas/laqs/christos/ufeu/UFcode_nit_ter_May/SOAP hybrd.f
111.07.05 11:22 B d:\tmp\laqs\christos\ufeu\UFcode_nit_ter_May\SOAP\calc.f --> tmpsystem.iceht.forth.gr /home/fouskas/laqs/christos/ufeu/UFcode_nit_ter_May/SOAP calc.f
111.07.06 13:34 B d:\tmp\laqs\christos\ufeu\UFcode_nit_ter_May\SOAP\WS_FTP.LOG --> tmpsystem.iceht.forth.gr /home/fouskas/laqs/christos/ufeu/UFcode_nit_ter_May/SOAP WS_FTP.LOG
111.07.06 13:34 B d:\tmp\laqs\christos\ufeu\UFcode_nit_ter_May\SOAP\spfcn1.o --> tmpsystem.iceht.forth.gr /home/fouskas/laqs/christos/ufeu/UFcode_nit_ter_May/SOAP spfcn1.o
111.07.06 13:34 B d:\tmp\laqs\christos\ufeu\UFcode_nit_ter_May\SOAP\spfcn.o --> tmpsystem.iceht.forth.gr /home/fouskas/laqs/christos/ufeu/UFcode_nit_ter_May/SOAP spfcn.o
111.07.06 13:34 B d:\tmp\laqs\christos\ufeu\UFcode_nit_ter_May\SOAP\soapdat.o --> tmpsystem.iceht.forth.gr /home/fouskas/laqs/christos/ufeu/UFcode_nit_ter_May/SOAP soapdat.o
111.07.06 13:34 B d:\tmp\laqs\christos\ufeu\UFcode_nit_ter_May\SOAP\soap.o --> tmpsystem.iceht.forth.gr /home/fouskas/laqs/christos/ufeu/UFcode_nit_ter_May/SOAP soap.o
111.07.06 13:34 B d:\tmp\laqs\christos\ufeu\UFcode_nit_ter_May\SOAP\rndnum.o --> tmpsystem.iceht.forth.gr /home/fouskas/laqs/christos/ufeu/UFcode_nit_ter_May/SOAP rndnum.o
111.07.06 13:34 B d:\tmp\laqs\christos\ufeu\UFcode_nit_ter_May\SOAP\hybrd.o --> tmpsystem.iceht.forth.gr /home/fouskas/laqs/christos/ufeu/UFcode_nit_ter_May/SOAP hybrd.o
111.07.06 13:34 B d:\tmp\laqs\christos\ufeu\UFcode_nit_ter_May\SOAP\calc.o --> tmpsystem.iceht.forth.gr /home/fouskas/laqs/christos/ufeu/UFcode_nit_ter_May/SOAP calc.o
111.07.06 13:34 B d:\tmp\laqs\christos\ufeu\UFcode_nit_ter_May\SOAP\spfcn1.f --> tmpsystem.iceht.forth.gr /home/fouskas/laqs/christos/ufeu/UFcode_nit_ter_May/SOAP spfcn1.f
111.07.06 13:34 B d:\tmp\laqs\christos\ufeu\UFcode_nit_ter_May\SOAP\spfcn.f --> tmpsystem.iceht.forth.gr /home/fouskas/laqs/christos/ufeu/UFcode_nit_ter_May/SOAP spfcn.f
111.07.06 13:34 B d:\tmp\laqs\christos\ufeu\UFcode_nit_ter_May\SOAP\soapdat.f --> tmpsystem.iceht.forth.gr /home/fouskas/laqs/christos/ufeu/UFcode_nit_ter_May/SOAP soapdat.f
111.07.06 13:34 B d:\tmp\laqs\christos\ufeu\UFcode_nit_ter_May\SOAP\soap.f --> tmpsystem.iceht.forth.gr /home/fouskas/laqs/christos/ufeu/UFcode_nit_ter_May/SOAP soap.f
111.07.06 13:34 B d:\tmp\laqs\christos\ufeu\UFcode_nit_ter_May\SOAP\rndnum.f --> tmpsystem.iceht.forth.gr /home/fouskas/laqs/christos/ufeu/UFcode_nit_ter_May/SOAP rndnum.f
111.07.06 13:34 B d:\tmp\laqs\christos\ufeu\UFcode_nit_ter_May\SOAP\hybrd.f --> tmpsystem.iceht.forth.gr /home/fouskas/laqs/christos/ufeu/UFcode_nit_ter_May/SOAP hybrd.f
111.07.06 13:34 B d:\tmp\laqs\christos\ufeu\UFcode_nit_ter_May\SOAP\calc.f --> tmpsystem.iceht.forth.gr /home/fouskas/laqs/christos/ufeu/UFcode_nit_ter_May/SOAP calc.f
