111.07.06 13:35 B d:\tmp\laqs\christos\ufeu\UFcode_nit_ter_May\CMC\rxnrate6.o --> tmpsystem.iceht.forth.gr /home/fouskas/laqs/christos/ufeu/UFcode_nit_ter_May/CMC rxnrate6.o
111.07.06 13:35 B d:\tmp\laqs\christos\ufeu\UFcode_nit_ter_May\CMC\rxnrate5.o --> tmpsystem.iceht.forth.gr /home/fouskas/laqs/christos/ufeu/UFcode_nit_ter_May/CMC rxnrate5.o
111.07.06 13:35 B d:\tmp\laqs\christos\ufeu\UFcode_nit_ter_May\CMC\rxnrate4.o --> tmpsystem.iceht.forth.gr /home/fouskas/laqs/christos/ufeu/UFcode_nit_ter_May/CMC rxnrate4.o
111.07.06 13:35 B d:\tmp\laqs\christos\ufeu\UFcode_nit_ter_May\CMC\rxnrate3.o --> tmpsystem.iceht.forth.gr /home/fouskas/laqs/christos/ufeu/UFcode_nit_ter_May/CMC rxnrate3.o
111.07.06 13:35 B d:\tmp\laqs\christos\ufeu\UFcode_nit_ter_May\CMC\rxnrate2.o --> tmpsystem.iceht.forth.gr /home/fouskas/laqs/christos/ufeu/UFcode_nit_ter_May/CMC rxnrate2.o
111.07.06 13:35 B d:\tmp\laqs\christos\ufeu\UFcode_nit_ter_May\CMC\rxnrate1.o --> tmpsystem.iceht.forth.gr /home/fouskas/laqs/christos/ufeu/UFcode_nit_ter_May/CMC rxnrate1.o
111.07.06 13:35 B d:\tmp\laqs\christos\ufeu\UFcode_nit_ter_May\CMC\rateslo6.o --> tmpsystem.iceht.forth.gr /home/fouskas/laqs/christos/ufeu/UFcode_nit_ter_May/CMC rateslo6.o
111.07.06 13:35 B d:\tmp\laqs\christos\ufeu\UFcode_nit_ter_May\CMC\rateslo5.o --> tmpsystem.iceht.forth.gr /home/fouskas/laqs/christos/ufeu/UFcode_nit_ter_May/CMC rateslo5.o
111.07.06 13:35 B d:\tmp\laqs\christos\ufeu\UFcode_nit_ter_May\CMC\rateslo4.o --> tmpsystem.iceht.forth.gr /home/fouskas/laqs/christos/ufeu/UFcode_nit_ter_May/CMC rateslo4.o
111.07.06 13:35 B d:\tmp\laqs\christos\ufeu\UFcode_nit_ter_May\CMC\rateslo3.o --> tmpsystem.iceht.forth.gr /home/fouskas/laqs/christos/ufeu/UFcode_nit_ter_May/CMC rateslo3.o
111.07.06 13:35 B d:\tmp\laqs\christos\ufeu\UFcode_nit_ter_May\CMC\rateslo2.o --> tmpsystem.iceht.forth.gr /home/fouskas/laqs/christos/ufeu/UFcode_nit_ter_May/CMC rateslo2.o
111.07.06 13:35 B d:\tmp\laqs\christos\ufeu\UFcode_nit_ter_May\CMC\rateslo1.o --> tmpsystem.iceht.forth.gr /home/fouskas/laqs/christos/ufeu/UFcode_nit_ter_May/CMC rateslo1.o
111.07.06 13:35 B d:\tmp\laqs\christos\ufeu\UFcode_nit_ter_May\CMC\ratejac6.o --> tmpsystem.iceht.forth.gr /home/fouskas/laqs/christos/ufeu/UFcode_nit_ter_May/CMC ratejac6.o
111.07.06 13:35 B d:\tmp\laqs\christos\ufeu\UFcode_nit_ter_May\CMC\ratejac5.o --> tmpsystem.iceht.forth.gr /home/fouskas/laqs/christos/ufeu/UFcode_nit_ter_May/CMC ratejac5.o
111.07.06 13:35 B d:\tmp\laqs\christos\ufeu\UFcode_nit_ter_May\CMC\ratejac4.o --> tmpsystem.iceht.forth.gr /home/fouskas/laqs/christos/ufeu/UFcode_nit_ter_May/CMC ratejac4.o
111.07.06 13:35 B d:\tmp\laqs\christos\ufeu\UFcode_nit_ter_May\CMC\ratejac3.o --> tmpsystem.iceht.forth.gr /home/fouskas/laqs/christos/ufeu/UFcode_nit_ter_May/CMC ratejac3.o
111.07.06 13:35 B d:\tmp\laqs\christos\ufeu\UFcode_nit_ter_May\CMC\ratejac2.o --> tmpsystem.iceht.forth.gr /home/fouskas/laqs/christos/ufeu/UFcode_nit_ter_May/CMC ratejac2.o
111.07.06 13:35 B d:\tmp\laqs\christos\ufeu\UFcode_nit_ter_May\CMC\ratejac1.o --> tmpsystem.iceht.forth.gr /home/fouskas/laqs/christos/ufeu/UFcode_nit_ter_May/CMC ratejac1.o
111.07.06 13:35 B d:\tmp\laqs\christos\ufeu\UFcode_nit_ter_May\CMC\radslvr6.o --> tmpsystem.iceht.forth.gr /home/fouskas/laqs/christos/ufeu/UFcode_nit_ter_May/CMC radslvr6.o
111.07.06 13:35 B d:\tmp\laqs\christos\ufeu\UFcode_nit_ter_May\CMC\radslvr5.o --> tmpsystem.iceht.forth.gr /home/fouskas/laqs/christos/ufeu/UFcode_nit_ter_May/CMC radslvr5.o
111.07.06 13:35 B d:\tmp\laqs\christos\ufeu\UFcode_nit_ter_May\CMC\radslvr4.o --> tmpsystem.iceht.forth.gr /home/fouskas/laqs/christos/ufeu/UFcode_nit_ter_May/CMC radslvr4.o
111.07.06 13:35 B d:\tmp\laqs\christos\ufeu\UFcode_nit_ter_May\CMC\radslvr3.o --> tmpsystem.iceht.forth.gr /home/fouskas/laqs/christos/ufeu/UFcode_nit_ter_May/CMC radslvr3.o
111.07.06 13:35 B d:\tmp\laqs\christos\ufeu\UFcode_nit_ter_May\CMC\radslvr2.o --> tmpsystem.iceht.forth.gr /home/fouskas/laqs/christos/ufeu/UFcode_nit_ter_May/CMC radslvr2.o
111.07.06 13:35 B d:\tmp\laqs\christos\ufeu\UFcode_nit_ter_May\CMC\radslvr1.o --> tmpsystem.iceht.forth.gr /home/fouskas/laqs/christos/ufeu/UFcode_nit_ter_May/CMC radslvr1.o
111.07.06 13:35 B d:\tmp\laqs\christos\ufeu\UFcode_nit_ter_May\CMC\ieslow6.o --> tmpsystem.iceht.forth.gr /home/fouskas/laqs/christos/ufeu/UFcode_nit_ter_May/CMC ieslow6.o
111.07.06 13:35 B d:\tmp\laqs\christos\ufeu\UFcode_nit_ter_May\CMC\ieslow5.o --> tmpsystem.iceht.forth.gr /home/fouskas/laqs/christos/ufeu/UFcode_nit_ter_May/CMC ieslow5.o
111.07.06 13:35 B d:\tmp\laqs\christos\ufeu\UFcode_nit_ter_May\CMC\ieslow4.o --> tmpsystem.iceht.forth.gr /home/fouskas/laqs/christos/ufeu/UFcode_nit_ter_May/CMC ieslow4.o
111.07.06 13:35 B d:\tmp\laqs\christos\ufeu\UFcode_nit_ter_May\CMC\ieslow3.o --> tmpsystem.iceht.forth.gr /home/fouskas/laqs/christos/ufeu/UFcode_nit_ter_May/CMC ieslow3.o
111.07.06 13:35 B d:\tmp\laqs\christos\ufeu\UFcode_nit_ter_May\CMC\ieslow2.o --> tmpsystem.iceht.forth.gr /home/fouskas/laqs/christos/ufeu/UFcode_nit_ter_May/CMC ieslow2.o
111.07.06 13:35 B d:\tmp\laqs\christos\ufeu\UFcode_nit_ter_May\CMC\ieslow1.o --> tmpsystem.iceht.forth.gr /home/fouskas/laqs/christos/ufeu/UFcode_nit_ter_May/CMC ieslow1.o
111.07.06 13:35 B d:\tmp\laqs\christos\ufeu\UFcode_nit_ter_May\CMC\ierxn6.o --> tmpsystem.iceht.forth.gr /home/fouskas/laqs/christos/ufeu/UFcode_nit_ter_May/CMC ierxn6.o
111.07.06 13:35 B d:\tmp\laqs\christos\ufeu\UFcode_nit_ter_May\CMC\ierxn5.o --> tmpsystem.iceht.forth.gr /home/fouskas/laqs/christos/ufeu/UFcode_nit_ter_May/CMC ierxn5.o
111.07.06 13:35 B d:\tmp\laqs\christos\ufeu\UFcode_nit_ter_May\CMC\ierxn4.o --> tmpsystem.iceht.forth.gr /home/fouskas/laqs/christos/ufeu/UFcode_nit_ter_May/CMC ierxn4.o
111.07.06 13:35 B d:\tmp\laqs\christos\ufeu\UFcode_nit_ter_May\CMC\ierxn3.o --> tmpsystem.iceht.forth.gr /home/fouskas/laqs/christos/ufeu/UFcode_nit_ter_May/CMC ierxn3.o
111.07.06 13:35 B d:\tmp\laqs\christos\ufeu\UFcode_nit_ter_May\CMC\ierxn2.o --> tmpsystem.iceht.forth.gr /home/fouskas/laqs/christos/ufeu/UFcode_nit_ter_May/CMC ierxn2.o
111.07.06 13:35 B d:\tmp\laqs\christos\ufeu\UFcode_nit_ter_May\CMC\ierxn1.o --> tmpsystem.iceht.forth.gr /home/fouskas/laqs/christos/ufeu/UFcode_nit_ter_May/CMC ierxn1.o
111.07.06 13:35 B d:\tmp\laqs\christos\ufeu\UFcode_nit_ter_May\CMC\ierate6.o --> tmpsystem.iceht.forth.gr /home/fouskas/laqs/christos/ufeu/UFcode_nit_ter_May/CMC ierate6.o
111.07.06 13:35 B d:\tmp\laqs\christos\ufeu\UFcode_nit_ter_May\CMC\ierate5.o --> tmpsystem.iceht.forth.gr /home/fouskas/laqs/christos/ufeu/UFcode_nit_ter_May/CMC ierate5.o
111.07.06 13:35 B d:\tmp\laqs\christos\ufeu\UFcode_nit_ter_May\CMC\ierate4.o --> tmpsystem.iceht.forth.gr /home/fouskas/laqs/christos/ufeu/UFcode_nit_ter_May/CMC ierate4.o
111.07.06 13:35 B d:\tmp\laqs\christos\ufeu\UFcode_nit_ter_May\CMC\ierate3.o --> tmpsystem.iceht.forth.gr /home/fouskas/laqs/christos/ufeu/UFcode_nit_ter_May/CMC ierate3.o
111.07.06 13:35 B d:\tmp\laqs\christos\ufeu\UFcode_nit_ter_May\CMC\ierate2.o --> tmpsystem.iceht.forth.gr /home/fouskas/laqs/christos/ufeu/UFcode_nit_ter_May/CMC ierate2.o
111.07.06 13:35 B d:\tmp\laqs\christos\ufeu\UFcode_nit_ter_May\CMC\ierate1.o --> tmpsystem.iceht.forth.gr /home/fouskas/laqs/christos/ufeu/UFcode_nit_ter_May/CMC ierate1.o
111.07.06 13:35 B d:\tmp\laqs\christos\ufeu\UFcode_nit_ter_May\CMC\iejac6.o --> tmpsystem.iceht.forth.gr /home/fouskas/laqs/christos/ufeu/UFcode_nit_ter_May/CMC iejac6.o
111.07.06 13:35 B d:\tmp\laqs\christos\ufeu\UFcode_nit_ter_May\CMC\iejac5.o --> tmpsystem.iceht.forth.gr /home/fouskas/laqs/christos/ufeu/UFcode_nit_ter_May/CMC iejac5.o
111.07.06 13:35 B d:\tmp\laqs\christos\ufeu\UFcode_nit_ter_May\CMC\iejac4.o --> tmpsystem.iceht.forth.gr /home/fouskas/laqs/christos/ufeu/UFcode_nit_ter_May/CMC iejac4.o
111.07.06 13:35 B d:\tmp\laqs\christos\ufeu\UFcode_nit_ter_May\CMC\iejac3.o --> tmpsystem.iceht.forth.gr /home/fouskas/laqs/christos/ufeu/UFcode_nit_ter_May/CMC iejac3.o
111.07.06 13:35 B d:\tmp\laqs\christos\ufeu\UFcode_nit_ter_May\CMC\iejac2.o --> tmpsystem.iceht.forth.gr /home/fouskas/laqs/christos/ufeu/UFcode_nit_ter_May/CMC iejac2.o
111.07.06 13:35 B d:\tmp\laqs\christos\ufeu\UFcode_nit_ter_May\CMC\iejac1.o --> tmpsystem.iceht.forth.gr /home/fouskas/laqs/christos/ufeu/UFcode_nit_ter_May/CMC iejac1.o
111.07.06 13:35 B d:\tmp\laqs\christos\ufeu\UFcode_nit_ter_May\CMC\ddmjac6.o --> tmpsystem.iceht.forth.gr /home/fouskas/laqs/christos/ufeu/UFcode_nit_ter_May/CMC ddmjac6.o
111.07.06 13:35 B d:\tmp\laqs\christos\ufeu\UFcode_nit_ter_May\CMC\ddmjac5.o --> tmpsystem.iceht.forth.gr /home/fouskas/laqs/christos/ufeu/UFcode_nit_ter_May/CMC ddmjac5.o
111.07.06 13:35 B d:\tmp\laqs\christos\ufeu\UFcode_nit_ter_May\CMC\ddmjac4.o --> tmpsystem.iceht.forth.gr /home/fouskas/laqs/christos/ufeu/UFcode_nit_ter_May/CMC ddmjac4.o
111.07.06 13:35 B d:\tmp\laqs\christos\ufeu\UFcode_nit_ter_May\CMC\ddmjac3.o --> tmpsystem.iceht.forth.gr /home/fouskas/laqs/christos/ufeu/UFcode_nit_ter_May/CMC ddmjac3.o
111.07.06 13:35 B d:\tmp\laqs\christos\ufeu\UFcode_nit_ter_May\CMC\ddmjac2.o --> tmpsystem.iceht.forth.gr /home/fouskas/laqs/christos/ufeu/UFcode_nit_ter_May/CMC ddmjac2.o
111.07.06 13:35 B d:\tmp\laqs\christos\ufeu\UFcode_nit_ter_May\CMC\ddmjac1.o --> tmpsystem.iceht.forth.gr /home/fouskas/laqs/christos/ufeu/UFcode_nit_ter_May/CMC ddmjac1.o
111.07.06 13:35 B d:\tmp\laqs\christos\ufeu\UFcode_nit_ter_May\CMC\rxnrate6.f.wo.SO2_OH --> tmpsystem.iceht.forth.gr /home/fouskas/laqs/christos/ufeu/UFcode_nit_ter_May/CMC rxnrate6.f.wo.SO2_OH
111.07.06 13:35 B d:\tmp\laqs\christos\ufeu\UFcode_nit_ter_May\CMC\rxnrate6.f.old --> tmpsystem.iceht.forth.gr /home/fouskas/laqs/christos/ufeu/UFcode_nit_ter_May/CMC rxnrate6.f.old
111.07.06 13:35 B d:\tmp\laqs\christos\ufeu\UFcode_nit_ter_May\CMC\rxnrate6.f --> tmpsystem.iceht.forth.gr /home/fouskas/laqs/christos/ufeu/UFcode_nit_ter_May/CMC rxnrate6.f
111.07.06 13:35 B d:\tmp\laqs\christos\ufeu\UFcode_nit_ter_May\CMC\rxnrate5.f --> tmpsystem.iceht.forth.gr /home/fouskas/laqs/christos/ufeu/UFcode_nit_ter_May/CMC rxnrate5.f
111.07.06 13:35 B d:\tmp\laqs\christos\ufeu\UFcode_nit_ter_May\CMC\rxnrate4.f --> tmpsystem.iceht.forth.gr /home/fouskas/laqs/christos/ufeu/UFcode_nit_ter_May/CMC rxnrate4.f
111.07.06 13:35 B d:\tmp\laqs\christos\ufeu\UFcode_nit_ter_May\CMC\rxnrate3.f --> tmpsystem.iceht.forth.gr /home/fouskas/laqs/christos/ufeu/UFcode_nit_ter_May/CMC rxnrate3.f
111.07.06 13:35 B d:\tmp\laqs\christos\ufeu\UFcode_nit_ter_May\CMC\rxnrate2.f --> tmpsystem.iceht.forth.gr /home/fouskas/laqs/christos/ufeu/UFcode_nit_ter_May/CMC rxnrate2.f
111.07.06 13:35 B d:\tmp\laqs\christos\ufeu\UFcode_nit_ter_May\CMC\rxnrate1.f --> tmpsystem.iceht.forth.gr /home/fouskas/laqs/christos/ufeu/UFcode_nit_ter_May/CMC rxnrate1.f
111.07.06 13:35 B d:\tmp\laqs\christos\ufeu\UFcode_nit_ter_May\CMC\rateslo6.f --> tmpsystem.iceht.forth.gr /home/fouskas/laqs/christos/ufeu/UFcode_nit_ter_May/CMC rateslo6.f
111.07.06 13:35 B d:\tmp\laqs\christos\ufeu\UFcode_nit_ter_May\CMC\rateslo5.f --> tmpsystem.iceht.forth.gr /home/fouskas/laqs/christos/ufeu/UFcode_nit_ter_May/CMC rateslo5.f
111.07.06 13:35 B d:\tmp\laqs\christos\ufeu\UFcode_nit_ter_May\CMC\rateslo4.f --> tmpsystem.iceht.forth.gr /home/fouskas/laqs/christos/ufeu/UFcode_nit_ter_May/CMC rateslo4.f
111.07.06 13:35 B d:\tmp\laqs\christos\ufeu\UFcode_nit_ter_May\CMC\rateslo3.f --> tmpsystem.iceht.forth.gr /home/fouskas/laqs/christos/ufeu/UFcode_nit_ter_May/CMC rateslo3.f
111.07.06 13:35 B d:\tmp\laqs\christos\ufeu\UFcode_nit_ter_May\CMC\rateslo2.f --> tmpsystem.iceht.forth.gr /home/fouskas/laqs/christos/ufeu/UFcode_nit_ter_May/CMC rateslo2.f
111.07.06 13:35 B d:\tmp\laqs\christos\ufeu\UFcode_nit_ter_May\CMC\rateslo1.f --> tmpsystem.iceht.forth.gr /home/fouskas/laqs/christos/ufeu/UFcode_nit_ter_May/CMC rateslo1.f
111.07.06 13:35 B d:\tmp\laqs\christos\ufeu\UFcode_nit_ter_May\CMC\ratejac6.f --> tmpsystem.iceht.forth.gr /home/fouskas/laqs/christos/ufeu/UFcode_nit_ter_May/CMC ratejac6.f
111.07.06 13:35 B d:\tmp\laqs\christos\ufeu\UFcode_nit_ter_May\CMC\ratejac5.f --> tmpsystem.iceht.forth.gr /home/fouskas/laqs/christos/ufeu/UFcode_nit_ter_May/CMC ratejac5.f
111.07.06 13:35 B d:\tmp\laqs\christos\ufeu\UFcode_nit_ter_May\CMC\ratejac4.f --> tmpsystem.iceht.forth.gr /home/fouskas/laqs/christos/ufeu/UFcode_nit_ter_May/CMC ratejac4.f
111.07.06 13:35 B d:\tmp\laqs\christos\ufeu\UFcode_nit_ter_May\CMC\ratejac3.f --> tmpsystem.iceht.forth.gr /home/fouskas/laqs/christos/ufeu/UFcode_nit_ter_May/CMC ratejac3.f
111.07.06 13:35 B d:\tmp\laqs\christos\ufeu\UFcode_nit_ter_May\CMC\ratejac2.f --> tmpsystem.iceht.forth.gr /home/fouskas/laqs/christos/ufeu/UFcode_nit_ter_May/CMC ratejac2.f
111.07.06 13:35 B d:\tmp\laqs\christos\ufeu\UFcode_nit_ter_May\CMC\ratejac1.f --> tmpsystem.iceht.forth.gr /home/fouskas/laqs/christos/ufeu/UFcode_nit_ter_May/CMC ratejac1.f
111.07.06 13:35 B d:\tmp\laqs\christos\ufeu\UFcode_nit_ter_May\CMC\radslvr6.f --> tmpsystem.iceht.forth.gr /home/fouskas/laqs/christos/ufeu/UFcode_nit_ter_May/CMC radslvr6.f
111.07.06 13:35 B d:\tmp\laqs\christos\ufeu\UFcode_nit_ter_May\CMC\radslvr5.f --> tmpsystem.iceht.forth.gr /home/fouskas/laqs/christos/ufeu/UFcode_nit_ter_May/CMC radslvr5.f
111.07.06 13:35 B d:\tmp\laqs\christos\ufeu\UFcode_nit_ter_May\CMC\radslvr4.f --> tmpsystem.iceht.forth.gr /home/fouskas/laqs/christos/ufeu/UFcode_nit_ter_May/CMC radslvr4.f
111.07.06 13:35 B d:\tmp\laqs\christos\ufeu\UFcode_nit_ter_May\CMC\radslvr3.f --> tmpsystem.iceht.forth.gr /home/fouskas/laqs/christos/ufeu/UFcode_nit_ter_May/CMC radslvr3.f
111.07.06 13:35 B d:\tmp\laqs\christos\ufeu\UFcode_nit_ter_May\CMC\radslvr2.f --> tmpsystem.iceht.forth.gr /home/fouskas/laqs/christos/ufeu/UFcode_nit_ter_May/CMC radslvr2.f
111.07.06 13:35 B d:\tmp\laqs\christos\ufeu\UFcode_nit_ter_May\CMC\radslvr1.f --> tmpsystem.iceht.forth.gr /home/fouskas/laqs/christos/ufeu/UFcode_nit_ter_May/CMC radslvr1.f
111.07.06 13:35 B d:\tmp\laqs\christos\ufeu\UFcode_nit_ter_May\CMC\ieslow6.f --> tmpsystem.iceht.forth.gr /home/fouskas/laqs/christos/ufeu/UFcode_nit_ter_May/CMC ieslow6.f
111.07.06 13:35 B d:\tmp\laqs\christos\ufeu\UFcode_nit_ter_May\CMC\ieslow5.f --> tmpsystem.iceht.forth.gr /home/fouskas/laqs/christos/ufeu/UFcode_nit_ter_May/CMC ieslow5.f
111.07.06 13:35 B d:\tmp\laqs\christos\ufeu\UFcode_nit_ter_May\CMC\ieslow4.f --> tmpsystem.iceht.forth.gr /home/fouskas/laqs/christos/ufeu/UFcode_nit_ter_May/CMC ieslow4.f
111.07.06 13:35 B d:\tmp\laqs\christos\ufeu\UFcode_nit_ter_May\CMC\ieslow3.f --> tmpsystem.iceht.forth.gr /home/fouskas/laqs/christos/ufeu/UFcode_nit_ter_May/CMC ieslow3.f
111.07.06 13:35 B d:\tmp\laqs\christos\ufeu\UFcode_nit_ter_May\CMC\ieslow2.f --> tmpsystem.iceht.forth.gr /home/fouskas/laqs/christos/ufeu/UFcode_nit_ter_May/CMC ieslow2.f
111.07.06 13:35 B d:\tmp\laqs\christos\ufeu\UFcode_nit_ter_May\CMC\ieslow1.f --> tmpsystem.iceht.forth.gr /home/fouskas/laqs/christos/ufeu/UFcode_nit_ter_May/CMC ieslow1.f
111.07.06 13:35 B d:\tmp\laqs\christos\ufeu\UFcode_nit_ter_May\CMC\ierxn6.f --> tmpsystem.iceht.forth.gr /home/fouskas/laqs/christos/ufeu/UFcode_nit_ter_May/CMC ierxn6.f
111.07.06 13:35 B d:\tmp\laqs\christos\ufeu\UFcode_nit_ter_May\CMC\ierxn5.f --> tmpsystem.iceht.forth.gr /home/fouskas/laqs/christos/ufeu/UFcode_nit_ter_May/CMC ierxn5.f
111.07.06 13:35 B d:\tmp\laqs\christos\ufeu\UFcode_nit_ter_May\CMC\ierxn4.f --> tmpsystem.iceht.forth.gr /home/fouskas/laqs/christos/ufeu/UFcode_nit_ter_May/CMC ierxn4.f
111.07.06 13:35 B d:\tmp\laqs\christos\ufeu\UFcode_nit_ter_May\CMC\ierxn3.f --> tmpsystem.iceht.forth.gr /home/fouskas/laqs/christos/ufeu/UFcode_nit_ter_May/CMC ierxn3.f
111.07.06 13:35 B d:\tmp\laqs\christos\ufeu\UFcode_nit_ter_May\CMC\ierxn2.f --> tmpsystem.iceht.forth.gr /home/fouskas/laqs/christos/ufeu/UFcode_nit_ter_May/CMC ierxn2.f
111.07.06 13:35 B d:\tmp\laqs\christos\ufeu\UFcode_nit_ter_May\CMC\ierxn1.f --> tmpsystem.iceht.forth.gr /home/fouskas/laqs/christos/ufeu/UFcode_nit_ter_May/CMC ierxn1.f
111.07.06 13:35 B d:\tmp\laqs\christos\ufeu\UFcode_nit_ter_May\CMC\ierate6.f --> tmpsystem.iceht.forth.gr /home/fouskas/laqs/christos/ufeu/UFcode_nit_ter_May/CMC ierate6.f
111.07.06 13:35 B d:\tmp\laqs\christos\ufeu\UFcode_nit_ter_May\CMC\ierate5.f --> tmpsystem.iceht.forth.gr /home/fouskas/laqs/christos/ufeu/UFcode_nit_ter_May/CMC ierate5.f
111.07.06 13:35 B d:\tmp\laqs\christos\ufeu\UFcode_nit_ter_May\CMC\ierate4.f --> tmpsystem.iceht.forth.gr /home/fouskas/laqs/christos/ufeu/UFcode_nit_ter_May/CMC ierate4.f
111.07.06 13:35 B d:\tmp\laqs\christos\ufeu\UFcode_nit_ter_May\CMC\ierate3.f --> tmpsystem.iceht.forth.gr /home/fouskas/laqs/christos/ufeu/UFcode_nit_ter_May/CMC ierate3.f
111.07.06 13:35 B d:\tmp\laqs\christos\ufeu\UFcode_nit_ter_May\CMC\ierate2.f --> tmpsystem.iceht.forth.gr /home/fouskas/laqs/christos/ufeu/UFcode_nit_ter_May/CMC ierate2.f
111.07.06 13:35 B d:\tmp\laqs\christos\ufeu\UFcode_nit_ter_May\CMC\ierate1.f --> tmpsystem.iceht.forth.gr /home/fouskas/laqs/christos/ufeu/UFcode_nit_ter_May/CMC ierate1.f
111.07.06 13:35 B d:\tmp\laqs\christos\ufeu\UFcode_nit_ter_May\CMC\iejac6.f --> tmpsystem.iceht.forth.gr /home/fouskas/laqs/christos/ufeu/UFcode_nit_ter_May/CMC iejac6.f
111.07.06 13:35 B d:\tmp\laqs\christos\ufeu\UFcode_nit_ter_May\CMC\iejac5.f --> tmpsystem.iceht.forth.gr /home/fouskas/laqs/christos/ufeu/UFcode_nit_ter_May/CMC iejac5.f
111.07.06 13:35 B d:\tmp\laqs\christos\ufeu\UFcode_nit_ter_May\CMC\iejac4.f --> tmpsystem.iceht.forth.gr /home/fouskas/laqs/christos/ufeu/UFcode_nit_ter_May/CMC iejac4.f
111.07.06 13:35 B d:\tmp\laqs\christos\ufeu\UFcode_nit_ter_May\CMC\iejac3.f --> tmpsystem.iceht.forth.gr /home/fouskas/laqs/christos/ufeu/UFcode_nit_ter_May/CMC iejac3.f
111.07.06 13:35 B d:\tmp\laqs\christos\ufeu\UFcode_nit_ter_May\CMC\iejac2.f --> tmpsystem.iceht.forth.gr /home/fouskas/laqs/christos/ufeu/UFcode_nit_ter_May/CMC iejac2.f
111.07.06 13:35 B d:\tmp\laqs\christos\ufeu\UFcode_nit_ter_May\CMC\iejac1.f --> tmpsystem.iceht.forth.gr /home/fouskas/laqs/christos/ufeu/UFcode_nit_ter_May/CMC iejac1.f
111.07.06 13:35 B d:\tmp\laqs\christos\ufeu\UFcode_nit_ter_May\CMC\ddmjac6.f --> tmpsystem.iceht.forth.gr /home/fouskas/laqs/christos/ufeu/UFcode_nit_ter_May/CMC ddmjac6.f
111.07.06 13:35 B d:\tmp\laqs\christos\ufeu\UFcode_nit_ter_May\CMC\ddmjac5.f --> tmpsystem.iceht.forth.gr /home/fouskas/laqs/christos/ufeu/UFcode_nit_ter_May/CMC ddmjac5.f
111.07.06 13:35 B d:\tmp\laqs\christos\ufeu\UFcode_nit_ter_May\CMC\ddmjac4.f --> tmpsystem.iceht.forth.gr /home/fouskas/laqs/christos/ufeu/UFcode_nit_ter_May/CMC ddmjac4.f
111.07.06 13:35 B d:\tmp\laqs\christos\ufeu\UFcode_nit_ter_May\CMC\ddmjac3.f --> tmpsystem.iceht.forth.gr /home/fouskas/laqs/christos/ufeu/UFcode_nit_ter_May/CMC ddmjac3.f
111.07.06 13:35 B d:\tmp\laqs\christos\ufeu\UFcode_nit_ter_May\CMC\ddmjac2.f --> tmpsystem.iceht.forth.gr /home/fouskas/laqs/christos/ufeu/UFcode_nit_ter_May/CMC ddmjac2.f
111.07.06 13:35 B d:\tmp\laqs\christos\ufeu\UFcode_nit_ter_May\CMC\ddmjac1.f --> tmpsystem.iceht.forth.gr /home/fouskas/laqs/christos/ufeu/UFcode_nit_ter_May/CMC ddmjac1.f
